<?xml version="1.0" encoding="UTF-8"?>
<robot generator="Robot 7.0 (Python 3.14.2 on darwin)" generated="2026-02-04T16:01:00.506522" rpa="false" schemaversion="5">
<suite id="s1" name="SteadyOilApplicationProject" source="/Users/ct-blr/Desktop/Chaithra/SteadyOilApplicationProject">
<suite id="s1-s1" name="Tests" source="/Users/ct-blr/Desktop/Chaithra/SteadyOilApplicationProject/tests">
<suite id="s1-s1-s1" name="OilTicket" source="/Users/ct-blr/Desktop/Chaithra/SteadyOilApplicationProject/tests/OilTicket">
<suite id="s1-s1-s1-s1" name="OilTicket" source="/Users/ct-blr/Desktop/Chaithra/SteadyOilApplicationProject/tests/OilTicket/OilTicket.robot">
<test id="s1-s1-s1-s1-t1" name="TC03 Create Tank Oil Ticket" line="24">
<kw name="Create Tank Oil Ticket">
<kw name="Launch Application" owner="Login_LogoutKeywords">
<kw name="Open Browser" owner="SeleniumLibrary">
<msg time="2026-02-04T16:01:00.893467" level="INFO">Opening browser 'chrome' to base url 'https://stage.steadyoil.com/'.</msg>
<arg>${url}</arg>
<arg>${browser}</arg>
<doc>Opens a new browser instance to the optional ``url``.</doc>
<status status="PASS" start="2026-02-04T16:01:00.893076" elapsed="3.714433"/>
</kw>
<kw name="Maximize Browser Window" owner="SeleniumLibrary">
<doc>Maximizes current browser window.</doc>
<status status="PASS" start="2026-02-04T16:01:04.608711" elapsed="1.803845"/>
</kw>
<kw name="Set Selenium Speed" owner="SeleniumLibrary">
<arg>0.5s</arg>
<doc>Sets the delay that is waited after each Selenium command.</doc>
<status status="PASS" start="2026-02-04T16:01:06.412902" elapsed="0.000725"/>
</kw>
<kw name="Set Selenium Timeout" owner="SeleniumLibrary">
<arg>10s</arg>
<doc>Sets the timeout that is used by various keywords.</doc>
<status status="PASS" start="2026-02-04T16:01:06.413891" elapsed="0.506820"/>
</kw>
<status status="PASS" start="2026-02-04T16:01:00.891923" elapsed="6.029200"/>
</kw>
<kw name="Login To Application" owner="Login_LogoutKeywords">
<kw name="Wait Until Element Is Visible" owner="SeleniumLibrary">
<arg>${USERNAME_INPUT}</arg>
<arg>10s</arg>
<doc>Waits until the element ``locator`` is visible.</doc>
<status status="PASS" start="2026-02-04T16:01:06.922688" elapsed="1.033321"/>
</kw>
<kw name="Input Text" owner="SeleniumLibrary">
<msg time="2026-02-04T16:01:07.957243" level="INFO">Typing text 'admin@steadyoil.com' into text field 'id=identity'.</msg>
<arg>${USERNAME_INPUT}</arg>
<arg>${username}</arg>
<doc>Types the given ``text`` into the text field identified by ``locator``.</doc>
<status status="PASS" start="2026-02-04T16:01:07.956631" elapsed="1.830770"/>
</kw>
<kw name="Input Text" owner="SeleniumLibrary">
<msg time="2026-02-04T16:01:09.789217" level="INFO">Typing text 'Pwd4so!l' into text field 'id=userpass'.</msg>
<arg>${PASSWORD_INPUT}</arg>
<arg>${password}</arg>
<doc>Types the given ``text`` into the text field identified by ``locator``.</doc>
<status status="PASS" start="2026-02-04T16:01:09.788349" elapsed="1.626936"/>
</kw>
<kw name="Click Button" owner="SeleniumLibrary">
<msg time="2026-02-04T16:01:11.416345" level="INFO">Clicking button 'xpath=//button[normalize-space(text())="Login"]'.</msg>
<arg>${LOGIN_BUTTON}</arg>
<doc>Clicks the button identified by ``locator``.</doc>
<status status="PASS" start="2026-02-04T16:01:11.415785" elapsed="7.479372"/>
</kw>
<kw name="Wait Until Page Contains" owner="SeleniumLibrary">
<arg>Dashboard</arg>
<arg>10s</arg>
<doc>Waits until ``text`` appears on the current page.</doc>
<status status="PASS" start="2026-02-04T16:01:18.895553" elapsed="0.525610"/>
</kw>
<status status="PASS" start="2026-02-04T16:01:06.921728" elapsed="12.499670"/>
</kw>
<kw name="Navigate to Oil Ticket Page" owner="OilTicketResources">
<kw name="Mouse Over" owner="SeleniumLibrary">
<msg time="2026-02-04T16:01:19.422422" level="INFO">Simulating Mouse Over on element '//nav[@id="main-sidebar"]/section/ul/li[6]/a/i/span'.</msg>
<arg>//nav[@id="main-sidebar"]/section/ul/li[6]/a/i/span</arg>
<doc>Simulates hovering the mouse over the element ``locator``.</doc>
<status status="PASS" start="2026-02-04T16:01:19.422153" elapsed="1.301965"/>
</kw>
<kw name="Wait Until Element Is Visible" owner="SeleniumLibrary">
<arg>xpath=//nav[@id="main-sidebar"]/section/ul/li[6]/ul/li[2]/a</arg>
<arg>5s</arg>
<doc>Waits until the element ``locator`` is visible.</doc>
<status status="PASS" start="2026-02-04T16:01:20.724729" elapsed="1.029219"/>
</kw>
<kw name="Click Element" owner="SeleniumLibrary">
<msg time="2026-02-04T16:01:21.754908" level="INFO">Clicking element '//nav[@id="main-sidebar"]/section/ul/li[6]/ul/li[6]/a'.</msg>
<arg>//nav[@id="main-sidebar"]/section/ul/li[6]/ul/li[6]/a</arg>
<doc>Click the element identified by ``locator``.</doc>
<status status="PASS" start="2026-02-04T16:01:21.754497" elapsed="3.048488"/>
</kw>
<kw name="Wait Until Page Contains" owner="SeleniumLibrary">
<arg>Create Manual Fuel Ticket</arg>
<arg>10s</arg>
<doc>Waits until ``text`` appears on the current page.</doc>
<status status="PASS" start="2026-02-04T16:01:24.803332" elapsed="0.525198"/>
</kw>
<kw name="Log To Console" owner="BuiltIn">
<arg>Navigated to Create Manual Fuel Ticket Page</arg>
<doc>Logs the given message to the console.</doc>
<status status="PASS" start="2026-02-04T16:01:25.328923" elapsed="0.000386"/>
</kw>
<doc>Navigate to the Create Manual Fuel Ticket page from sidebar</doc>
<status status="PASS" start="2026-02-04T16:01:19.421759" elapsed="5.907730"/>
</kw>
<kw name="Select Customer" owner="OilTicketResources">
<kw name="Click Element" owner="SeleniumLibrary">
<msg time="2026-02-04T16:01:25.331192" level="INFO">Clicking element 'xpath=//span[@id='select2-oil_customer_name-container']'.</msg>
<arg>xpath=//span[@id='select2-oil_customer_name-container']</arg>
<doc>Click the element identified by ``locator``.</doc>
<status status="PASS" start="2026-02-04T16:01:25.330916" elapsed="1.343025"/>
</kw>
<kw name="Input Text" owner="SeleniumLibrary">
<msg time="2026-02-04T16:01:26.674839" level="INFO">Typing text 'Lund Brady' into text field 'xpath=//input[contains(@class, 'select2-search__field')]'.</msg>
<arg>xpath=//input[contains(@class, 'select2-search__field')]</arg>
<arg>${customer_name}</arg>
<doc>Types the given ``text`` into the text field identified by ``locator``.</doc>
<status status="PASS" start="2026-02-04T16:01:26.674433" elapsed="1.758905"/>
</kw>
<kw name="Click Element" owner="SeleniumLibrary">
<msg time="2026-02-04T16:01:28.434113" level="INFO">Clicking element 'xpath=//li[contains(text(), "Lund Brady")]'.</msg>
<arg>xpath=//li[contains(text(), "${customer_name}")]</arg>
<doc>Click the element identified by ``locator``.</doc>
<status status="PASS" start="2026-02-04T16:01:28.433704" elapsed="1.129480"/>
</kw>
<kw name="Sleep" owner="BuiltIn">
<msg time="2026-02-04T16:01:30.564811" level="INFO">Slept 1 second.</msg>
<arg>1s</arg>
<doc>Pauses the test executed for the given time.</doc>
<status status="PASS" start="2026-02-04T16:01:29.563569" elapsed="1.001551"/>
</kw>
<arg>${customer}</arg>
<status status="PASS" start="2026-02-04T16:01:25.330124" elapsed="5.235261"/>
</kw>
<kw name="Select Tank" owner="OilTicketResources">
<kw name="Wait Until Element Is Visible" owner="SeleniumLibrary">
<arg>id=tank_name_data</arg>
<arg>timeout=10s</arg>
<doc>Waits until the element ``locator`` is visible.</doc>
<status status="PASS" start="2026-02-04T16:01:30.566744" elapsed="1.026293"/>
</kw>
<kw name="Select From List By Label" owner="SeleniumLibrary">
<msg time="2026-02-04T16:01:31.595236" level="INFO">Selecting options from selection list 'id=tank_name_data' by label Brady Lund Shop.</msg>
<arg>id=tank_name_data</arg>
<arg>${tank_name}</arg>
<doc>Selects options from selection list ``locator`` by ``labels``.</doc>
<status status="PASS" start="2026-02-04T16:01:31.594186" elapsed="5.732820"/>
</kw>
<arg>${tank_name}</arg>
<doc>Select any tank from dropdown using visible text</doc>
<status status="PASS" start="2026-02-04T16:01:30.566064" elapsed="6.761328"/>
</kw>
<kw name="Enter Other Details Inputs" owner="OilTicketResources">
<kw name="Create Dictionary" owner="BuiltIn">
<msg time="2026-02-04T16:01:37.329581" level="INFO">&amp;{ticket_data} = { purchase_order=8845 | caller_information=Roman@5563 | site_name=WatfordCity | fees_admin_oil=15 | oil_ticket_notes=ticket for oil product }</msg>
<var>&amp;{ticket_data}</var>
<arg>purchase_order=8845</arg>
<arg>caller_information=Roman@5563</arg>
<arg>site_name=WatfordCity</arg>
<arg>fees_admin_oil=15</arg>
<arg>oil_ticket_notes=ticket for oil product</arg>
<doc>Creates and returns a dictionary based on the given ``items``.</doc>
<status status="PASS" start="2026-02-04T16:01:37.328459" elapsed="0.001264"/>
</kw>
<kw name="Enter Other Ticket Details" owner="OilTicketResources">
<for flavor="IN">
<iter>
<kw name="Wait Until Element Is Visible" owner="SeleniumLibrary">
<arg>${locator}</arg>
<arg>timeout=10s</arg>
<doc>Waits until the element ``locator`` is visible.</doc>
<status status="PASS" start="2026-02-04T16:01:37.331471" elapsed="1.035999"/>
</kw>
<kw name="Input Text" owner="SeleniumLibrary">
<msg time="2026-02-04T16:01:38.368485" level="INFO">Typing text '8845' into text field 'purchase_order'.</msg>
<arg>${locator}</arg>
<arg>${value}</arg>
<doc>Types the given ``text`` into the text field identified by ``locator``.</doc>
<status status="PASS" start="2026-02-04T16:01:38.367970" elapsed="1.608249"/>
</kw>
<kw name="Log To Console" owner="BuiltIn">
<arg>Entered ${value} into ${locator}</arg>
<doc>Logs the given message to the console.</doc>
<status status="PASS" start="2026-02-04T16:01:39.976932" elapsed="0.000673"/>
</kw>
<var name="${locator}">purchase_order</var>
<var name="${value}">8845</var>
<status status="PASS" start="2026-02-04T16:01:37.331274" elapsed="2.646530"/>
</iter>
<iter>
<kw name="Wait Until Element Is Visible" owner="SeleniumLibrary">
<arg>${locator}</arg>
<arg>timeout=10s</arg>
<doc>Waits until the element ``locator`` is visible.</doc>
<status status="PASS" start="2026-02-04T16:01:39.978828" elapsed="1.036826"/>
</kw>
<kw name="Input Text" owner="SeleniumLibrary">
<msg time="2026-02-04T16:01:41.016654" level="INFO">Typing text 'Roman@5563' into text field 'caller_information'.</msg>
<arg>${locator}</arg>
<arg>${value}</arg>
<doc>Types the given ``text`` into the text field identified by ``locator``.</doc>
<status status="PASS" start="2026-02-04T16:01:41.016143" elapsed="1.638842"/>
</kw>
<kw name="Log To Console" owner="BuiltIn">
<arg>Entered ${value} into ${locator}</arg>
<doc>Logs the given message to the console.</doc>
<status status="PASS" start="2026-02-04T16:01:42.655383" elapsed="0.000475"/>
</kw>
<var name="${locator}">caller_information</var>
<var name="${value}">Roman@5563</var>
<status status="PASS" start="2026-02-04T16:01:39.978419" elapsed="2.677548"/>
</iter>
<iter>
<kw name="Wait Until Element Is Visible" owner="SeleniumLibrary">
<arg>${locator}</arg>
<arg>timeout=10s</arg>
<doc>Waits until the element ``locator`` is visible.</doc>
<status status="PASS" start="2026-02-04T16:01:42.656572" elapsed="1.036943"/>
</kw>
<kw name="Input Text" owner="SeleniumLibrary">
<msg time="2026-02-04T16:01:43.694850" level="INFO">Typing text 'WatfordCity' into text field 'site_name'.</msg>
<arg>${locator}</arg>
<arg>${value}</arg>
<doc>Types the given ``text`` into the text field identified by ``locator``.</doc>
<status status="PASS" start="2026-02-04T16:01:43.694338" elapsed="1.656904"/>
</kw>
<kw name="Log To Console" owner="BuiltIn">
<arg>Entered ${value} into ${locator}</arg>
<doc>Logs the given message to the console.</doc>
<status status="PASS" start="2026-02-04T16:01:45.351751" elapsed="0.000551"/>
</kw>
<var name="${locator}">site_name</var>
<var name="${value}">WatfordCity</var>
<status status="PASS" start="2026-02-04T16:01:42.656370" elapsed="2.696108"/>
</iter>
<iter>
<kw name="Wait Until Element Is Visible" owner="SeleniumLibrary">
<arg>${locator}</arg>
<arg>timeout=10s</arg>
<doc>Waits until the element ``locator`` is visible.</doc>
<status status="PASS" start="2026-02-04T16:01:45.353129" elapsed="1.028614"/>
</kw>
<kw name="Input Text" owner="SeleniumLibrary">
<msg time="2026-02-04T16:01:46.382890" level="INFO">Typing text '15' into text field 'fees_admin_oil'.</msg>
<arg>${locator}</arg>
<arg>${value}</arg>
<doc>Types the given ``text`` into the text field identified by ``locator``.</doc>
<status status="PASS" start="2026-02-04T16:01:46.382366" elapsed="1.609532"/>
</kw>
<kw name="Log To Console" owner="BuiltIn">
<arg>Entered ${value} into ${locator}</arg>
<doc>Logs the given message to the console.</doc>
<status status="PASS" start="2026-02-04T16:01:47.992445" elapsed="0.000536"/>
</kw>
<var name="${locator}">fees_admin_oil</var>
<var name="${value}">15</var>
<status status="PASS" start="2026-02-04T16:01:45.352881" elapsed="2.640306"/>
</iter>
<iter>
<kw name="Wait Until Element Is Visible" owner="SeleniumLibrary">
<arg>${locator}</arg>
<arg>timeout=10s</arg>
<doc>Waits until the element ``locator`` is visible.</doc>
<status status="PASS" start="2026-02-04T16:01:47.994415" elapsed="1.069859"/>
</kw>
<kw name="Input Text" owner="SeleniumLibrary">
<msg time="2026-02-04T16:01:49.065534" level="INFO">Typing text 'ticket for oil product' into text field 'oil_ticket_notes'.</msg>
<arg>${locator}</arg>
<arg>${value}</arg>
<doc>Types the given ``text`` into the text field identified by ``locator``.</doc>
<status status="PASS" start="2026-02-04T16:01:49.064828" elapsed="1.676519"/>
</kw>
<kw name="Log To Console" owner="BuiltIn">
<arg>Entered ${value} into ${locator}</arg>
<doc>Logs the given message to the console.</doc>
<status status="PASS" start="2026-02-04T16:01:50.741844" elapsed="0.000560"/>
</kw>
<var name="${locator}">oil_ticket_notes</var>
<var name="${value}">ticket for oil product</var>
<status status="PASS" start="2026-02-04T16:01:47.994003" elapsed="2.748567"/>
</iter>
<var>${locator}</var>
<var>${value}</var>
<value>&amp;{ticket_data}</value>
<status status="PASS" start="2026-02-04T16:01:37.330859" elapsed="13.411891"/>
</for>
<arg>&amp;{ticket_data}</arg>
<doc>Enter oil ticket input fields dynamically</doc>
<status status="PASS" start="2026-02-04T16:01:37.330156" elapsed="13.412913"/>
</kw>
<status status="PASS" start="2026-02-04T16:01:37.327833" elapsed="13.415377"/>
</kw>
<kw name="Scroll To Element" owner="OilTicketResources">
<kw name="Wait Until Element Is Visible" owner="SeleniumLibrary">
<arg>${locator}</arg>
<arg>timeout=10s</arg>
<doc>Waits until the element ``locator`` is visible.</doc>
<status status="PASS" start="2026-02-04T16:01:50.743982" elapsed="1.025882"/>
</kw>
<kw name="Scroll Element Into View" owner="SeleniumLibrary">
<arg>${locator}</arg>
<doc>Scrolls the element identified by ``locator`` into view.</doc>
<status status="PASS" start="2026-02-04T16:01:51.770305" elapsed="1.305332"/>
</kw>
<arg>id:oil_reset</arg>
<doc>Scroll any element into view dynamically</doc>
<status status="PASS" start="2026-02-04T16:01:50.743527" elapsed="2.332505"/>
</kw>
<kw name="Scroll And Click Element" owner="OilTicketResources">
<kw name="Wait Until Page Contains Element" owner="SeleniumLibrary">
<arg>${locator}</arg>
<arg>timeout=10s</arg>
<doc>Waits until the element ``locator`` appears on the current page.</doc>
<status status="PASS" start="2026-02-04T16:01:53.077340" elapsed="0.518393"/>
</kw>
<kw name="Scroll Element Into View" owner="SeleniumLibrary">
<arg>${locator}</arg>
<doc>Scrolls the element identified by ``locator`` into view.</doc>
<status status="PASS" start="2026-02-04T16:01:53.596193" elapsed="1.282718"/>
</kw>
<kw name="Wait Until Element Is Enabled" owner="SeleniumLibrary">
<arg>${locator}</arg>
<arg>timeout=10s</arg>
<doc>Waits until the element ``locator`` is enabled.</doc>
<status status="PASS" start="2026-02-04T16:01:54.879377" elapsed="1.545876"/>
</kw>
<kw name="Click Element" owner="SeleniumLibrary">
<msg time="2026-02-04T16:01:56.426216" level="INFO">Clicking element 'xpath=//input[contains(@class,'add_oil_prod_button')]'.</msg>
<arg>${locator}</arg>
<doc>Click the element identified by ``locator``.</doc>
<status status="PASS" start="2026-02-04T16:01:56.425750" elapsed="1.099104"/>
</kw>
<arg>xpath=//input[contains(@class,'add_oil_prod_button')]</arg>
<doc>Scroll to element and click safely</doc>
<status status="PASS" start="2026-02-04T16:01:53.076697" elapsed="4.448475"/>
</kw>
<kw name="Go To Product Pagination Page" owner="OilTicketResources">
<kw name="Wait Until Element Is Visible" owner="SeleniumLibrary">
<arg>xpath=//div[@id='pagination_product_list_buttons']</arg>
<arg>timeout=10s</arg>
<doc>Waits until the element ``locator`` is visible.</doc>
<status status="PASS" start="2026-02-04T16:01:57.526410" elapsed="1.035985"/>
</kw>
<kw name="Run Keyword And Return Status" owner="BuiltIn">
<kw name="Page Should Contain Element" owner="SeleniumLibrary">
<msg time="2026-02-04T16:01:59.084666" level="INFO">Current page contains element 'xpath=//div[@id='pagination_product_list_buttons']//button[normalize-space()='5']'.</msg>
<arg>xpath=//div[@id='pagination_product_list_buttons']//button[normalize-space()='${page_number}']</arg>
<doc>Verifies that element ``locator`` is found on the current page.</doc>
<status status="PASS" start="2026-02-04T16:01:58.563780" elapsed="0.521218"/>
</kw>
<msg time="2026-02-04T16:01:59.085312" level="INFO">${is_visible} = True</msg>
<var>${is_visible}</var>
<arg>Page Should Contain Element</arg>
<arg>xpath=//div[@id='pagination_product_list_buttons']//button[normalize-space()='${page_number}']</arg>
<doc>Runs the given keyword with given arguments and returns the status as a Boolean value.</doc>
<status status="PASS" start="2026-02-04T16:01:58.563095" elapsed="0.522279"/>
</kw>
<while condition="'${is_visible}' == 'False'">
<iter>
<kw name="Click Element" owner="SeleniumLibrary">
<arg>xpath=//div[@id='pagination_product_list_buttons']//button[contains(@class,'next') or normalize-space()='&gt;']</arg>
<doc>Click the element identified by ``locator``.</doc>
<status status="NOT RUN" start="2026-02-04T16:01:59.086364" elapsed="0.000065"/>
</kw>
<kw name="Sleep" owner="BuiltIn">
<arg>500ms</arg>
<doc>Pauses the test executed for the given time.</doc>
<status status="NOT RUN" start="2026-02-04T16:01:59.086653" elapsed="0.000058"/>
</kw>
<kw name="Run Keyword And Return Status" owner="BuiltIn">
<var>${is_visible}</var>
<arg>Page Should Contain Element</arg>
<arg>xpath=//div[@id='pagination_product_list_buttons']//button[normalize-space()='${page_number}']</arg>
<doc>Runs the given keyword with given arguments and returns the status as a Boolean value.</doc>
<status status="NOT RUN" start="2026-02-04T16:01:59.086949" elapsed="0.000057"/>
</kw>
<status status="NOT RUN" start="2026-02-04T16:01:59.085588" elapsed="0.001523"/>
</iter>
<status status="NOT RUN" start="2026-02-04T16:01:59.085582" elapsed="0.001626"/>
</while>
<kw name="Click Element" owner="SeleniumLibrary">
<msg time="2026-02-04T16:01:59.087869" level="INFO">Clicking element 'xpath=//div[@id='pagination_product_list_buttons']//button[normalize-space()='5']'.</msg>
<arg>xpath=//div[@id='pagination_product_list_buttons']//button[normalize-space()='${page_number}']</arg>
<doc>Click the element identified by ``locator``.</doc>
<status status="PASS" start="2026-02-04T16:01:59.087436" elapsed="1.090850"/>
</kw>
<kw name="Wait Until Element Is Visible" owner="SeleniumLibrary">
<arg>xpath=//tbody[@id='product_table_list_body']/tr</arg>
<arg>timeout=10s</arg>
<doc>Waits until the element ``locator`` is visible.</doc>
<status status="PASS" start="2026-02-04T16:02:00.178598" elapsed="1.072144"/>
</kw>
<kw name="Log To Console" owner="BuiltIn">
<arg>Navigated to product page ${page_number}</arg>
<doc>Logs the given message to the console.</doc>
<status status="PASS" start="2026-02-04T16:02:01.251240" elapsed="0.000491"/>
</kw>
<arg>5</arg>
<doc>Navigate to a specific product pagination page</doc>
<status status="PASS" start="2026-02-04T16:01:57.525716" elapsed="3.726182"/>
</kw>
<kw name="Select Product From Current Page By Index" owner="OilTicketResources">
<kw name="Wait Until Element Is Visible" owner="SeleniumLibrary">
<arg>xpath=//tbody[@id='product_table_list_body']/tr[${product_index}]</arg>
<arg>timeout=10s</arg>
<doc>Waits until the element ``locator`` is visible.</doc>
<status status="PASS" start="2026-02-04T16:02:01.252914" elapsed="1.030169"/>
</kw>
<kw name="Scroll Element Into View" owner="SeleniumLibrary">
<arg>xpath=//tbody[@id='product_table_list_body']/tr[${product_index}]</arg>
<doc>Scrolls the element identified by ``locator`` into view.</doc>
<status status="PASS" start="2026-02-04T16:02:02.283444" elapsed="1.284154"/>
</kw>
<kw name="Click Element" owner="SeleniumLibrary">
<msg time="2026-02-04T16:02:03.568758" level="INFO">Clicking element 'xpath=//tbody[@id='product_table_list_body']/tr[2]//button[contains(@class,'add-row-main')]'.</msg>
<arg>xpath=//tbody[@id='product_table_list_body']/tr[${product_index}]//button[contains(@class,'add-row-main')]</arg>
<doc>Click the element identified by ``locator``.</doc>
<status status="PASS" start="2026-02-04T16:02:03.568039" elapsed="1.094193"/>
</kw>
<kw name="Log To Console" owner="BuiltIn">
<arg>Selected product index ${product_index}</arg>
<doc>Logs the given message to the console.</doc>
<status status="PASS" start="2026-02-04T16:02:04.662727" elapsed="0.000409"/>
</kw>
<arg>2</arg>
<doc>Select product from current page using index</doc>
<status status="PASS" start="2026-02-04T16:02:01.252343" elapsed="3.410990"/>
</kw>
<kw name="Click Save Added Product Button" owner="OilTicketResources">
<kw name="Wait Until Element Is Visible" owner="SeleniumLibrary">
<arg>xpath=//button[contains(@class,'save_added_pro_in_sess')]</arg>
<arg>timeout=10s</arg>
<doc>Waits until the element ``locator`` is visible.</doc>
<status status="PASS" start="2026-02-04T16:02:04.664322" elapsed="1.033827"/>
</kw>
<kw name="Wait Until Element Is Enabled" owner="SeleniumLibrary">
<arg>xpath=//button[contains(@class,'save_added_pro_in_sess')]</arg>
<arg>timeout=10s</arg>
<doc>Waits until the element ``locator`` is enabled.</doc>
<status status="PASS" start="2026-02-04T16:02:05.698716" elapsed="1.530643"/>
</kw>
<kw name="Click Element" owner="SeleniumLibrary">
<msg time="2026-02-04T16:02:07.230253" level="INFO">Clicking element 'xpath=//button[contains(@class,'save_added_pro_in_sess')]'.</msg>
<arg>xpath=//button[contains(@class,'save_added_pro_in_sess')]</arg>
<doc>Click the element identified by ``locator``.</doc>
<status status="PASS" start="2026-02-04T16:02:07.229856" elapsed="1.086320"/>
</kw>
<kw name="Log To Console" owner="BuiltIn">
<arg>Clicked Save Added Product button</arg>
<doc>Logs the given message to the console.</doc>
<status status="PASS" start="2026-02-04T16:02:08.316642" elapsed="0.000555"/>
</kw>
<doc>Click Save button in Add Product modal</doc>
<status status="PASS" start="2026-02-04T16:02:04.663888" elapsed="3.653565"/>
</kw>
<kw name="Verify Product Modal Closed" owner="OilTicketResources">
<kw name="Wait Until Element Is Not Visible" owner="SeleniumLibrary">
<arg>xpath=//button[contains(@class,'save_added_pro_in_sess')]</arg>
<arg>timeout=10s</arg>
<doc>Waits until the element ``locator`` is not visible.</doc>
<status status="PASS" start="2026-02-04T16:02:08.318407" elapsed="1.026265"/>
</kw>
<status status="PASS" start="2026-02-04T16:02:08.317865" elapsed="1.027181"/>
</kw>
<kw name="Log Added Oil Products" owner="OilTicketResources">
<kw name="Wait Until Element Is Visible" owner="SeleniumLibrary">
<arg>xpath=//tbody[contains(@class,'oil_ticket_data_list')]/tr</arg>
<arg>timeout=15s</arg>
<doc>Waits until the element ``locator`` is visible.</doc>
<status status="PASS" start="2026-02-04T16:02:09.346255" elapsed="1.030703"/>
</kw>
<kw name="Get WebElements" owner="SeleniumLibrary">
<msg time="2026-02-04T16:02:10.889491" level="INFO">${rows} = [&lt;selenium.webdriver.remote.webelement.WebElement (session="16e81ee1051ffa016cea52474dca48c7", element="f.DB5C682B6E633A7B539E94D36EA01455.d.83DBE904A1D14D6E97827D109FB18F60.e.340")&gt;]</msg>
<var>${rows}</var>
<arg>xpath=//tbody[contains(@class,'oil_ticket_data_list')]/tr</arg>
<doc>Returns a list of WebElement objects matching the ``locator``.</doc>
<status status="PASS" start="2026-02-04T16:02:10.377612" elapsed="0.511963"/>
</kw>
<kw name="Get Length" owner="BuiltIn">
<msg time="2026-02-04T16:02:10.890131" level="INFO">Length is 1.</msg>
<msg time="2026-02-04T16:02:10.890261" level="INFO">${count} = 1</msg>
<var>${count}</var>
<arg>${rows}</arg>
<doc>Returns and logs the length of the given item as an integer.</doc>
<status status="PASS" start="2026-02-04T16:02:10.889874" elapsed="0.000430"/>
</kw>
<kw name="Should Be True" owner="BuiltIn">
<arg>${count} &gt; 0</arg>
<arg>No oil products found in added product list</arg>
<doc>Fails if the given condition is not true.</doc>
<status status="PASS" start="2026-02-04T16:02:10.890666" elapsed="0.000574"/>
</kw>
<kw name="Log" owner="BuiltIn">
<msg time="2026-02-04T16:02:10.891766" level="INFO">====== Added Oil Products ======</msg>
<arg>====== Added Oil Products ======</arg>
<doc>Logs the given message with the given level.</doc>
<status status="PASS" start="2026-02-04T16:02:10.891497" elapsed="0.000348"/>
</kw>
<kw name="Log To Console" owner="BuiltIn">
<arg>====== Added Oil Products ======</arg>
<doc>Logs the given message to the console.</doc>
<status status="PASS" start="2026-02-04T16:02:10.892030" elapsed="0.000247"/>
</kw>
<for flavor="IN RANGE">
<iter>
<kw name="Get Text" owner="SeleniumLibrary">
<msg time="2026-02-04T16:02:11.936190" level="INFO">${id} = 954</msg>
<var>${id}</var>
<arg>xpath=(//tbody[contains(@class,'oil_ticket_data_list')]/tr)[${index}]/td[1]</arg>
<doc>Returns the text value of the element identified by ``locator``.</doc>
<status status="PASS" start="2026-02-04T16:02:10.894120" elapsed="1.042225"/>
</kw>
<kw name="Get Text" owner="SeleniumLibrary">
<msg time="2026-02-04T16:02:12.968781" level="INFO">${qty} = 1</msg>
<var>${qty}</var>
<arg>xpath=(//tbody[contains(@class,'oil_ticket_data_list')]/tr)[${index}]/td[2]</arg>
<doc>Returns the text value of the element identified by ``locator``.</doc>
<status status="PASS" start="2026-02-04T16:02:11.936748" elapsed="1.032140"/>
</kw>
<kw name="Get Text" owner="SeleniumLibrary">
<msg time="2026-02-04T16:02:14.001472" level="INFO">${product} = Marathon Multipurpose Hyd. 32</msg>
<var>${product}</var>
<arg>xpath=(//tbody[contains(@class,'oil_ticket_data_list')]/tr)[${index}]/td[3]</arg>
<doc>Returns the text value of the element identified by ``locator``.</doc>
<status status="PASS" start="2026-02-04T16:02:12.969257" elapsed="1.032348"/>
</kw>
<kw name="Get Text" owner="SeleniumLibrary">
<msg time="2026-02-04T16:02:15.030679" level="INFO">${size} = 1.0000</msg>
<var>${size}</var>
<arg>xpath=(//tbody[contains(@class,'oil_ticket_data_list')]/tr)[${index}]/td[4]</arg>
<doc>Returns the text value of the element identified by ``locator``.</doc>
<status status="PASS" start="2026-02-04T16:02:14.002052" elapsed="1.028736"/>
</kw>
<kw name="Get Text" owner="SeleniumLibrary">
<msg time="2026-02-04T16:02:16.057724" level="INFO">${uom} = Gallons</msg>
<var>${uom}</var>
<arg>xpath=(//tbody[contains(@class,'oil_ticket_data_list')]/tr)[${index}]/td[5]</arg>
<doc>Returns the text value of the element identified by ``locator``.</doc>
<status status="PASS" start="2026-02-04T16:02:15.031134" elapsed="1.026694"/>
</kw>
<kw name="Get Text" owner="SeleniumLibrary">
<msg time="2026-02-04T16:02:17.092967" level="INFO">${package} = Meter</msg>
<var>${package}</var>
<arg>xpath=(//tbody[contains(@class,'oil_ticket_data_list')]/tr)[${index}]/td[6]</arg>
<doc>Returns the text value of the element identified by ``locator``.</doc>
<status status="PASS" start="2026-02-04T16:02:16.058191" elapsed="1.034912"/>
</kw>
<kw name="Get Text" owner="SeleniumLibrary">
<msg time="2026-02-04T16:02:18.162299" level="INFO">${retail} = $8.2600</msg>
<var>${retail}</var>
<arg>xpath=(//tbody[contains(@class,'oil_ticket_data_list')]/tr)[${index}]/td[7]</arg>
<doc>Returns the text value of the element identified by ``locator``.</doc>
<status status="PASS" start="2026-02-04T16:02:17.093461" elapsed="1.068955"/>
</kw>
<kw name="Get Text" owner="SeleniumLibrary">
<msg time="2026-02-04T16:02:19.197151" level="INFO">${cost} = $10.8600</msg>
<var>${cost}</var>
<arg>xpath=(//tbody[contains(@class,'oil_ticket_data_list')]/tr)[${index}]/td[8]</arg>
<doc>Returns the text value of the element identified by ``locator``.</doc>
<status status="PASS" start="2026-02-04T16:02:18.162803" elapsed="1.034644"/>
</kw>
<kw name="Get Text" owner="SeleniumLibrary">
<msg time="2026-02-04T16:02:20.230519" level="INFO">${discount} = 0.00/G</msg>
<var>${discount}</var>
<arg>xpath=(//tbody[contains(@class,'oil_ticket_data_list')]/tr)[${index}]/td[9]</arg>
<doc>Returns the text value of the element identified by ``locator``.</doc>
<status status="PASS" start="2026-02-04T16:02:19.197886" elapsed="1.032801"/>
</kw>
<kw name="Set Variable" owner="BuiltIn">
<msg time="2026-02-04T16:02:20.231886" level="INFO">${line} = ID:954 | Qty:1 | Product:Marathon Multipurpose Hyd. 32 | Size:1.0000 | UOM:Gallons | Package:Meter | Retail:$8.2600 | Cost:$10.8600 | Discount:0.00/G</msg>
<var>${line}</var>
<arg>ID:${id} | Qty:${qty} | Product:${product} | Size:${size} | UOM:${uom} | Package:${package} | Retail:${retail} | Cost:${cost} | Discount:${discount}</arg>
<doc>Returns the given values which can then be assigned to a variables.</doc>
<status status="PASS" start="2026-02-04T16:02:20.231089" elapsed="0.000861"/>
</kw>
<kw name="Log" owner="BuiltIn">
<msg time="2026-02-04T16:02:20.232432" level="INFO">ID:954 | Qty:1 | Product:Marathon Multipurpose Hyd. 32 | Size:1.0000 | UOM:Gallons | Package:Meter | Retail:$8.2600 | Cost:$10.8600 | Discount:0.00/G</msg>
<arg>${line}</arg>
<doc>Logs the given message with the given level.</doc>
<status status="PASS" start="2026-02-04T16:02:20.232188" elapsed="0.000340"/>
</kw>
<kw name="Log To Console" owner="BuiltIn">
<arg>${line}</arg>
<doc>Logs the given message to the console.</doc>
<status status="PASS" start="2026-02-04T16:02:20.232750" elapsed="0.000312"/>
</kw>
<var name="${index}">1</var>
<status status="PASS" start="2026-02-04T16:02:10.893898" elapsed="9.339266"/>
</iter>
<var>${index}</var>
<value>1</value>
<value>${count + 1}</value>
<status status="PASS" start="2026-02-04T16:02:10.892412" elapsed="9.340878"/>
</for>
<doc>Logs all added oil products from ticket table to console and report</doc>
<status status="PASS" start="2026-02-04T16:02:09.345736" elapsed="10.887813"/>
</kw>
<kw name="Click Create Oil Ticket Button" owner="OilTicketResources">
<kw name="Wait Until Element Is Visible" owner="SeleniumLibrary">
<arg>id=oil_save</arg>
<arg>timeout=10s</arg>
<doc>Waits until the element ``locator`` is visible.</doc>
<status status="PASS" start="2026-02-04T16:02:20.234694" elapsed="1.031279"/>
</kw>
<kw name="Wait Until Element Is Enabled" owner="SeleniumLibrary">
<arg>id=oil_save</arg>
<arg>timeout=10s</arg>
<doc>Waits until the element ``locator`` is enabled.</doc>
<status status="PASS" start="2026-02-04T16:02:21.266478" elapsed="1.538352"/>
</kw>
<kw name="Scroll Element Into View" owner="SeleniumLibrary">
<arg>id=oil_save</arg>
<doc>Scrolls the element identified by ``locator`` into view.</doc>
<status status="PASS" start="2026-02-04T16:02:22.805248" elapsed="1.288047"/>
</kw>
<kw name="Click Element" owner="SeleniumLibrary">
<msg time="2026-02-04T16:02:24.094129" level="INFO">Clicking element 'id=oil_save'.</msg>
<arg>id=oil_save</arg>
<doc>Click the element identified by ``locator``.</doc>
<status status="PASS" start="2026-02-04T16:02:24.093747" elapsed="1.096094"/>
</kw>
<kw name="Log To Console" owner="BuiltIn">
<arg>Clicked Create Ticket button</arg>
<doc>Logs the given message to the console.</doc>
<status status="PASS" start="2026-02-04T16:02:25.190281" elapsed="0.000349"/>
</kw>
<doc>Click Create Ticket button to submit oil ticket</doc>
<status status="PASS" start="2026-02-04T16:02:20.234150" elapsed="4.956726"/>
</kw>
<arg>Lund Brady</arg>
<arg>Brady Lund Shop</arg>
<doc>This test case is to create a Tank Oil Ticket</doc>
<status status="PASS" start="2026-02-04T16:01:00.891173" elapsed="84.300112"/>
</kw>
<doc>Create tank oil ticket</doc>
<tag>TankOilTicket</tag>
<status status="PASS" start="2026-02-04T16:01:00.889450" elapsed="84.302708"/>
</test>
<status status="PASS" start="2026-02-04T16:01:00.557064" elapsed="84.636755"/>
</suite>
<status status="PASS" start="2026-02-04T16:01:00.555267" elapsed="84.640990"/>
</suite>
<status status="PASS" start="2026-02-04T16:01:00.553069" elapsed="84.644522"/>
</suite>
<status status="PASS" start="2026-02-04T16:01:00.508358" elapsed="84.690329"/>
</suite>
<statistics>
<total>
<stat pass="1" fail="0" skip="0">All Tests</stat>
</total>
<tag>
<stat pass="1" fail="0" skip="0">TankOilTicket</stat>
</tag>
<suite>
<stat pass="1" fail="0" skip="0" id="s1" name="SteadyOilApplicationProject">SteadyOilApplicationProject</stat>
<stat pass="1" fail="0" skip="0" id="s1-s1" name="Tests">SteadyOilApplicationProject.Tests</stat>
<stat pass="1" fail="0" skip="0" id="s1-s1-s1" name="OilTicket">SteadyOilApplicationProject.Tests.OilTicket</stat>
<stat pass="1" fail="0" skip="0" id="s1-s1-s1-s1" name="OilTicket">SteadyOilApplicationProject.Tests.OilTicket.OilTicket</stat>
</suite>
</statistics>
<errors>
</errors>
</robot>
