<?xml version="1.0" encoding="UTF-8"?>
<robot generator="Robot 7.0 (Python 3.14.2 on darwin)" generated="2026-02-04T17:14:35.180173" rpa="false" schemaversion="5">
<suite id="s1" name="Tests" source="/Users/ct-blr/Desktop/Chaithra/SteadyOilApplicationProject/tests">
<suite id="s1-s1" name="FuelTickets" source="/Users/ct-blr/Desktop/Chaithra/SteadyOilApplicationProject/tests/FuelTickets">
<suite id="s1-s1-s1" name="AssociatedTicket" source="/Users/ct-blr/Desktop/Chaithra/SteadyOilApplicationProject/tests/FuelTickets/AssociatedTicket.robot">
<test id="s1-s1-s1-t1" name="Associated Fuel Ticket" line="9">
<kw name="Open Browser" owner="SeleniumLibrary">
<msg time="2026-02-04T17:14:35.566020" level="INFO">Opening browser 'chrome' to base url 'https://stage.steadyoil.com'.</msg>
<arg>${url}</arg>
<arg>${browser}</arg>
<doc>Opens a new browser instance to the optional ``url``.</doc>
<status status="PASS" start="2026-02-04T17:14:35.565519" elapsed="8.807856"/>
</kw>
<kw name="Login To Application">
<kw name="Input Text" owner="SeleniumLibrary">
<msg time="2026-02-04T17:14:44.387497" level="INFO">Typing text 'admin@steadyoil.com' into text field 'name:identity'.</msg>
<arg>name:identity</arg>
<arg>admin@steadyoil.com</arg>
<doc>Types the given ``text`` into the text field identified by ``locator``.</doc>
<status status="PASS" start="2026-02-04T17:14:44.380880" elapsed="0.320908"/>
</kw>
<kw name="Input Text" owner="SeleniumLibrary">
<msg time="2026-02-04T17:14:44.702559" level="INFO">Typing text 'Pwd4so!l' into text field 'name:password'.</msg>
<arg>name:password</arg>
<arg>Pwd4so!l</arg>
<doc>Types the given ``text`` into the text field identified by ``locator``.</doc>
<status status="PASS" start="2026-02-04T17:14:44.702235" elapsed="0.123805"/>
</kw>
<kw name="Click Button" owner="SeleniumLibrary">
<msg time="2026-02-04T17:14:44.826904" level="INFO">Clicking button 'xpath://button[@class="login100-form-btn"]'.</msg>
<msg time="2026-02-04T17:14:46.545031" level="WARN">Keyword 'Capture Page Screenshot' could not be run on failure: 'NoneType' object has no attribute 'encode'</msg>
<msg time="2026-02-04T17:14:46.550507" level="FAIL">WebDriverException: Message: unknown error: cannot determine loading status
from unknown error: cannot determine loading status
from target frame detached: received Inspector.detached event
  (Session info: chrome=144.0.7559.132)
Stacktrace:
0   chromedriver                        0x0000000100b70328 chromedriver + 6722344
1   chromedriver                        0x0000000100b67b8a chromedriver + 6687626
2   chromedriver                        0x0000000100575ec5 chromedriver + 454341
3   chromedriver                        0x000000010055ed21 chromedriver + 359713
4   chromedriver                        0x000000010055de59 chromedriver + 355929
5   chromedriver                        0x000000010055d559 chromedriver + 353625
6   chromedriver                        0x000000010055d25d chromedriver + 352861
7   chromedriver                        0x000000010055b02f chromedriver + 344111
8   chromedriver                        0x000000010055b97f chromedriver + 346495
9   chromedriver                        0x000000010058ac6e chromedriver + 539758
10  chromedriver                        0x000000010057f3e1 chromedriver + 492513
11  chromedriver                        0x000000010057f2d9 chromedriver + 492249
12  chromedriver                        0x000000010056bb24 chromedriver + 412452
13  chromedriver                        0x000000010056bf9e chromedriver + 413598
14  chromedriver                        0x000000010055d6e5 chromedriver + 354021
15  chromedriver                        0x000000010055e89e chromedriver + 358558
16  chromedriver                        0x000000010055de59 chromedriver + 355929
17  chromedriver                        0x000000010055d559 chromedriver + 353625
18  chromedriver                        0x000000010055d25d chromedriver + 352861
19  chromedriver                        0x000000010055b02f chromedriver + 344111
20  chromedriver                        0x000000010055b97f chromedriver + 346495
21  chromedriver                        0x000000010056ab40 chromedriver + 408384
22  chromedriver                        0x0000000100584c13 chromedriver + 515091
23  chromedriver                        0x000000010058b64b chromedriver + 542283
24  chromedriver                        0x000000010055c07d chromedriver + 348285
25  chromedriver                        0x0000000100584363 chromedriver + 512867
26  chromedriver                        0x00000001006146a6 chromedriver + 1103526
27  chromedriver                        0x00000001005bc9e1 chromedriver + 743905
28  chromedriver                        0x00000001005bd7e1 chromedriver + 747489
29  chromedriver                        0x0000000100b28be1 chromedriver + 6429665
30  chromedriver                        0x0000000100b2cf8e chromedriver + 6446990
31  chromedriver                        0x0000000100b08369 chromedriver + 6296425
32  chromedriver                        0x0000000100b2d9f8 chromedriver + 6449656
33  chromedriver                        0x0000000100af6a50 chromedriver + 6224464
34  chromedriver                        0x0000000100b53f88 chromedriver + 6606728
35  chromedriver                        0x0000000100b54142 chromedriver + 6607170
36  chromedriver                        0x0000000100b67791 chromedriver + 6686609
37  libsystem_pthread.dylib             0x00007ff813b521d3 _pthread_start + 125
38  libsystem_pthread.dylib             0x00007ff813b4dbd3 thread_start + 15
</msg>
<arg>xpath://button[@class="login100-form-btn"]</arg>
<doc>Clicks the button identified by ``locator``.</doc>
<status status="FAIL" start="2026-02-04T17:14:44.826410" elapsed="1.740193">WebDriverException: Message: unknown error: cannot determine loading status
from unknown error: cannot determine loading status
from target frame detached: received Inspector.detached event
  (Session info: chrome=144.0.7559.132)
Stacktrace:
0   chromedriver                        0x0000000100b70328 chromedriver + 6722344
1   chromedriver                        0x0000000100b67b8a chromedriver + 6687626
2   chromedriver                        0x0000000100575ec5 chromedriver + 454341
3   chromedriver                        0x000000010055ed21 chromedriver + 359713
4   chromedriver                        0x000000010055de59 chromedriver + 355929
5   chromedriver                        0x000000010055d559 chromedriver + 353625
6   chromedriver                        0x000000010055d25d chromedriver + 352861
7   chromedriver                        0x000000010055b02f chromedriver + 3...
    [ Message content over the limit has been removed. ]
...hromedriver                        0x00000001005bd7e1 chromedriver + 747489
29  chromedriver                        0x0000000100b28be1 chromedriver + 6429665
30  chromedriver                        0x0000000100b2cf8e chromedriver + 6446990
31  chromedriver                        0x0000000100b08369 chromedriver + 6296425
32  chromedriver                        0x0000000100b2d9f8 chromedriver + 6449656
33  chromedriver                        0x0000000100af6a50 chromedriver + 6224464
34  chromedriver                        0x0000000100b53f88 chromedriver + 6606728
35  chromedriver                        0x0000000100b54142 chromedriver + 6607170
36  chromedriver                        0x0000000100b67791 chromedriver + 6686609
37  libsystem_pthread.dylib             0x00007ff813b521d3 _pthread_start + 125
38  libsystem_pthread.dylib             0x00007ff813b4dbd3 thread_start + 15</status>
</kw>
<status status="FAIL" start="2026-02-04T17:14:44.378549" elapsed="2.189031">WebDriverException: Message: unknown error: cannot determine loading status
from unknown error: cannot determine loading status
from target frame detached: received Inspector.detached event
  (Session info: chrome=144.0.7559.132)
Stacktrace:
0   chromedriver                        0x0000000100b70328 chromedriver + 6722344
1   chromedriver                        0x0000000100b67b8a chromedriver + 6687626
2   chromedriver                        0x0000000100575ec5 chromedriver + 454341
3   chromedriver                        0x000000010055ed21 chromedriver + 359713
4   chromedriver                        0x000000010055de59 chromedriver + 355929
5   chromedriver                        0x000000010055d559 chromedriver + 353625
6   chromedriver                        0x000000010055d25d chromedriver + 352861
7   chromedriver                        0x000000010055b02f chromedriver + 3...
    [ Message content over the limit has been removed. ]
...hromedriver                        0x00000001005bd7e1 chromedriver + 747489
29  chromedriver                        0x0000000100b28be1 chromedriver + 6429665
30  chromedriver                        0x0000000100b2cf8e chromedriver + 6446990
31  chromedriver                        0x0000000100b08369 chromedriver + 6296425
32  chromedriver                        0x0000000100b2d9f8 chromedriver + 6449656
33  chromedriver                        0x0000000100af6a50 chromedriver + 6224464
34  chromedriver                        0x0000000100b53f88 chromedriver + 6606728
35  chromedriver                        0x0000000100b54142 chromedriver + 6607170
36  chromedriver                        0x0000000100b67791 chromedriver + 6686609
37  libsystem_pthread.dylib             0x00007ff813b521d3 _pthread_start + 125
38  libsystem_pthread.dylib             0x00007ff813b4dbd3 thread_start + 15</status>
</kw>
<kw name="Set Selenium Speed" owner="SeleniumLibrary">
<arg>0.2 seconds</arg>
<doc>Sets the delay that is waited after each Selenium command.</doc>
<status status="NOT RUN" start="2026-02-04T17:14:46.568435" elapsed="0.000087"/>
</kw>
<kw name="Maximize Browser Window" owner="SeleniumLibrary">
<doc>Maximizes current browser window.</doc>
<status status="NOT RUN" start="2026-02-04T17:14:46.568891" elapsed="0.000102"/>
</kw>
<kw name="Wait Until Page Contains" owner="SeleniumLibrary">
<arg>Dashboard</arg>
<arg>3s</arg>
<doc>Waits until ``text`` appears on the current page.</doc>
<status status="NOT RUN" start="2026-02-04T17:14:46.569367" elapsed="0.000060"/>
</kw>
<kw name="Mouse Over" owner="SeleniumLibrary">
<arg>//nav[@id="main-sidebar"]/section/ul/li[6]/a/i/span</arg>
<doc>Simulates hovering the mouse over the element ``locator``.</doc>
<status status="NOT RUN" start="2026-02-04T17:14:46.569766" elapsed="0.000062"/>
</kw>
<kw name="Click Element" owner="SeleniumLibrary">
<arg>//nav[@id="main-sidebar"]/section/ul/li[6]/ul/li[2]/a</arg>
<doc>Click the element identified by ``locator``.</doc>
<status status="NOT RUN" start="2026-02-04T17:14:46.570169" elapsed="0.000074"/>
</kw>
<kw name="Click Element" owner="SeleniumLibrary">
<arg>xpath://span[@id='select2-searchcompany-container']</arg>
<doc>Click the element identified by ``locator``.</doc>
<status status="NOT RUN" start="2026-02-04T17:14:46.570743" elapsed="0.000104"/>
</kw>
<kw name="Input Text" owner="SeleniumLibrary">
<arg>xpath://input[contains(@class, 'select2-search__field')]</arg>
<arg>Lund Brady</arg>
<doc>Types the given ``text`` into the text field identified by ``locator``.</doc>
<status status="NOT RUN" start="2026-02-04T17:14:46.571330" elapsed="0.000098"/>
</kw>
<kw name="Click Element" owner="SeleniumLibrary">
<arg>xpath=//li[contains(text(), 'Lund Brady')]</arg>
<doc>Click the element identified by ``locator``.</doc>
<status status="NOT RUN" start="2026-02-04T17:14:46.571913" elapsed="0.000072"/>
</kw>
<kw name="Sleep" owner="BuiltIn">
<arg>1s</arg>
<doc>Pauses the test executed for the given time.</doc>
<status status="NOT RUN" start="2026-02-04T17:14:46.572487" elapsed="0.000091"/>
</kw>
<kw name="Input Text" owner="SeleniumLibrary">
<arg>name:Site_name</arg>
<arg>North</arg>
<doc>Types the given ``text`` into the text field identified by ``locator``.</doc>
<status status="NOT RUN" start="2026-02-04T17:14:46.573016" elapsed="0.000093"/>
</kw>
<kw name="Input Text" owner="SeleniumLibrary">
<arg>id:purchase_order</arg>
<arg>1234</arg>
<doc>Types the given ``text`` into the text field identified by ``locator``.</doc>
<status status="NOT RUN" start="2026-02-04T17:14:46.573606" elapsed="0.000088"/>
</kw>
<kw name="Input Text" owner="SeleniumLibrary">
<arg>id:caller_info</arg>
<arg>8545633</arg>
<doc>Types the given ``text`` into the text field identified by ``locator``.</doc>
<status status="NOT RUN" start="2026-02-04T17:14:46.574272" elapsed="0.000179"/>
</kw>
<kw name="Input Text" owner="SeleniumLibrary">
<arg>name:ticket_notes</arg>
<arg>100 gallons</arg>
<doc>Types the given ``text`` into the text field identified by ``locator``.</doc>
<status status="NOT RUN" start="2026-02-04T17:14:46.574883" elapsed="0.000098"/>
</kw>
<kw name="Select TruckType">
<arg>Bulk Fuel</arg>
<status status="NOT RUN" start="2026-02-04T17:14:46.575586" elapsed="0.000103"/>
</kw>
<kw name="Select Location">
<arg>Lund Oil - Watford City</arg>
<status status="NOT RUN" start="2026-02-04T17:14:46.576464" elapsed="0.000102"/>
</kw>
<kw name="Scroll Element Into View" owner="SeleniumLibrary">
<arg>id:add_list</arg>
<doc>Scrolls the element identified by ``locator`` into view.</doc>
<status status="NOT RUN" start="2026-02-04T17:14:46.577942" elapsed="0.000125"/>
</kw>
<kw name="Click Element" owner="SeleniumLibrary">
<arg>id:fuel_types</arg>
<doc>Click the element identified by ``locator``.</doc>
<status status="NOT RUN" start="2026-02-04T17:14:46.589093" elapsed="0.000175"/>
</kw>
<kw name="Select From List By Value" owner="SeleniumLibrary">
<arg>xpath://select[@id="fuel_types"]</arg>
<arg>1</arg>
<doc>Selects options from selection list ``locator`` by ``values``.</doc>
<status status="NOT RUN" start="2026-02-04T17:14:46.590741" elapsed="0.000520"/>
</kw>
<kw name="Input Text" owner="SeleniumLibrary">
<arg>id:tankssize</arg>
<arg>100</arg>
<doc>Types the given ``text`` into the text field identified by ``locator``.</doc>
<status status="NOT RUN" start="2026-02-04T17:14:46.591729" elapsed="0.000094"/>
</kw>
<kw name="Input Text" owner="SeleniumLibrary">
<arg>id:fees_admin_manual</arg>
<arg>10</arg>
<doc>Types the given ``text`` into the text field identified by ``locator``.</doc>
<status status="NOT RUN" start="2026-02-04T17:14:46.593031" elapsed="0.000157"/>
</kw>
<kw name="Input Text" owner="SeleniumLibrary">
<arg>id:retail_cost_gallon</arg>
<arg>2</arg>
<doc>Types the given ``text`` into the text field identified by ``locator``.</doc>
<status status="NOT RUN" start="2026-02-04T17:14:46.593631" elapsed="0.000073"/>
</kw>
<kw name="Click Element" owner="SeleniumLibrary">
<arg>name:discount</arg>
<doc>Click the element identified by ``locator``.</doc>
<status status="NOT RUN" start="2026-02-04T17:14:46.594049" elapsed="0.000064"/>
</kw>
<kw name="Select From List By Value" owner="SeleniumLibrary">
<arg>id:discount</arg>
<arg>2</arg>
<doc>Selects options from selection list ``locator`` by ``values``.</doc>
<status status="NOT RUN" start="2026-02-04T17:14:46.594434" elapsed="0.000064"/>
</kw>
<kw name="Scroll Element Into View" owner="SeleniumLibrary">
<arg>id:Reset_ticket</arg>
<doc>Scrolls the element identified by ``locator`` into view.</doc>
<status status="NOT RUN" start="2026-02-04T17:14:46.594945" elapsed="0.000057"/>
</kw>
<kw name="Click Button" owner="SeleniumLibrary">
<arg>id:add_list</arg>
<doc>Clicks the button identified by ``locator``.</doc>
<status status="NOT RUN" start="2026-02-04T17:14:46.596190" elapsed="0.000116"/>
</kw>
<kw name="Sleep" owner="BuiltIn">
<arg>3s</arg>
<doc>Pauses the test executed for the given time.</doc>
<status status="NOT RUN" start="2026-02-04T17:14:46.596695" elapsed="0.000074"/>
</kw>
<kw name="Scroll Element Into View" owner="SeleniumLibrary">
<arg>xpath://select[@name="te_manuel"]</arg>
<doc>Scrolls the element identified by ``locator`` into view.</doc>
<status status="NOT RUN" start="2026-02-04T17:14:46.600135" elapsed="0.000090"/>
</kw>
<kw name="Click Element" owner="SeleniumLibrary">
<arg>id:fuel_types</arg>
<doc>Click the element identified by ``locator``.</doc>
<status status="NOT RUN" start="2026-02-04T17:14:46.600540" elapsed="0.000057"/>
</kw>
<kw name="Select From List By Value" owner="SeleniumLibrary">
<arg>xpath://select[@id="fuel_types"]</arg>
<arg>3</arg>
<doc>Selects options from selection list ``locator`` by ``values``.</doc>
<status status="NOT RUN" start="2026-02-04T17:14:46.600866" elapsed="0.000052"/>
</kw>
<kw name="Input Text" owner="SeleniumLibrary">
<arg>id:tankssize</arg>
<arg>100</arg>
<doc>Types the given ``text`` into the text field identified by ``locator``.</doc>
<status status="NOT RUN" start="2026-02-04T17:14:46.601187" elapsed="0.000058"/>
</kw>
<kw name="Input Text" owner="SeleniumLibrary">
<arg>id:retail_cost_gallon</arg>
<arg>2</arg>
<doc>Types the given ``text`` into the text field identified by ``locator``.</doc>
<status status="NOT RUN" start="2026-02-04T17:14:46.601598" elapsed="0.000071"/>
</kw>
<kw name="Scroll Element Into View" owner="SeleniumLibrary">
<arg>id:Reset_ticket</arg>
<doc>Scrolls the element identified by ``locator`` into view.</doc>
<status status="NOT RUN" start="2026-02-04T17:14:46.602016" elapsed="0.000062"/>
</kw>
<kw name="Click Button" owner="SeleniumLibrary">
<arg>id:add_list</arg>
<doc>Clicks the button identified by ``locator``.</doc>
<status status="NOT RUN" start="2026-02-04T17:14:46.602490" elapsed="0.000091"/>
</kw>
<kw name="Sleep" owner="BuiltIn">
<arg>3s</arg>
<doc>Pauses the test executed for the given time.</doc>
<status status="NOT RUN" start="2026-02-04T17:14:46.602967" elapsed="0.000067"/>
</kw>
<kw name="Get Text" owner="SeleniumLibrary">
<var>${fuel details}</var>
<arg>//tbody[@class="deliData-list"]</arg>
<doc>Returns the text value of the element identified by ``locator``.</doc>
<status status="NOT RUN" start="2026-02-04T17:14:46.603925" elapsed="0.000190"/>
</kw>
<kw name="Log" owner="BuiltIn">
<arg>${fuel details}</arg>
<doc>Logs the given message with the given level.</doc>
<status status="NOT RUN" start="2026-02-04T17:14:46.605556" elapsed="0.000123"/>
</kw>
<kw name="Log To Console" owner="BuiltIn">
<arg>${fuel details}</arg>
<doc>Logs the given message to the console.</doc>
<status status="NOT RUN" start="2026-02-04T17:14:46.608554" elapsed="0.000142"/>
</kw>
<kw name="Click Button" owner="SeleniumLibrary">
<arg>id:submitmanualfuelBtn</arg>
<doc>Clicks the button identified by ``locator``.</doc>
<status status="NOT RUN" start="2026-02-04T17:14:46.609561" elapsed="0.000095"/>
</kw>
<status status="FAIL" start="2026-02-04T17:14:35.563931" elapsed="11.046555">WebDriverException: Message: unknown error: cannot determine loading status
from unknown error: cannot determine loading status
from target frame detached: received Inspector.detached event
  (Session info: chrome=144.0.7559.132)
Stacktrace:
0   chromedriver                        0x0000000100b70328 chromedriver + 6722344
1   chromedriver                        0x0000000100b67b8a chromedriver + 6687626
2   chromedriver                        0x0000000100575ec5 chromedriver + 454341
3   chromedriver                        0x000000010055ed21 chromedriver + 359713
4   chromedriver                        0x000000010055de59 chromedriver + 355929
5   chromedriver                        0x000000010055d559 chromedriver + 353625
6   chromedriver                        0x000000010055d25d chromedriver + 352861
7   chromedriver                        0x000000010055b02f chromedriver + 3...
    [ Message content over the limit has been removed. ]
...hromedriver                        0x00000001005bd7e1 chromedriver + 747489
29  chromedriver                        0x0000000100b28be1 chromedriver + 6429665
30  chromedriver                        0x0000000100b2cf8e chromedriver + 6446990
31  chromedriver                        0x0000000100b08369 chromedriver + 6296425
32  chromedriver                        0x0000000100b2d9f8 chromedriver + 6449656
33  chromedriver                        0x0000000100af6a50 chromedriver + 6224464
34  chromedriver                        0x0000000100b53f88 chromedriver + 6606728
35  chromedriver                        0x0000000100b54142 chromedriver + 6607170
36  chromedriver                        0x0000000100b67791 chromedriver + 6686609
37  libsystem_pthread.dylib             0x00007ff813b521d3 _pthread_start + 125
38  libsystem_pthread.dylib             0x00007ff813b4dbd3 thread_start + 15</status>
</test>
<status status="FAIL" start="2026-02-04T17:14:35.251708" elapsed="11.363035"/>
</suite>
<suite id="s1-s1-s2" name="ClusterTicket" source="/Users/ct-blr/Desktop/Chaithra/SteadyOilApplicationProject/tests/FuelTickets/ClusterTicket.robot">
<test id="s1-s1-s2-t1" name="Validate Login and Dashboard Tittle" line="14">
<kw name="Launch Application">
<msg time="2026-02-04T17:14:46.658522" level="FAIL">No keyword with name 'Launch Application' found.</msg>
<arg>${url}</arg>
<arg>${browser}</arg>
<status status="FAIL" start="2026-02-04T17:14:46.657873" elapsed="0.000808">No keyword with name 'Launch Application' found.</status>
</kw>
<kw name="Login To Application">
<status status="NOT RUN" start="2026-02-04T17:14:46.663906" elapsed="0.000131"/>
</kw>
<kw name="Title Validation">
<status status="NOT RUN" start="2026-02-04T17:14:46.668822" elapsed="0.000151"/>
</kw>
<kw name="Mouse Over" owner="SeleniumLibrary">
<arg>xpath://nav[@id="main-sidebar"]/section/ul/li[6]/a/i/span</arg>
<doc>Simulates hovering the mouse over the element ``locator``.</doc>
<status status="NOT RUN" start="2026-02-04T17:14:46.669416" elapsed="0.000464"/>
</kw>
<kw name="Click Element" owner="SeleniumLibrary">
<arg>xpath://nav[@id="main-sidebar"]/section/ul/li[6]/ul/li[1]//a</arg>
<doc>Click the element identified by ``locator``.</doc>
<status status="NOT RUN" start="2026-02-04T17:14:46.670332" elapsed="0.000070"/>
</kw>
<kw name="Click Element" owner="SeleniumLibrary">
<arg>xpath://*[@id="assign-ticket-submit"]/div[2]/div/div[1]/div[3]/a[2]</arg>
<doc>Click the element identified by ``locator``.</doc>
<status status="NOT RUN" start="2026-02-04T17:14:46.670707" elapsed="0.000062"/>
</kw>
<kw name="Sleep" owner="BuiltIn">
<arg>10s</arg>
<doc>Pauses the test executed for the given time.</doc>
<status status="NOT RUN" start="2026-02-04T17:14:46.671295" elapsed="0.000071"/>
</kw>
<status status="FAIL" start="2026-02-04T17:14:46.651290" elapsed="0.020790">No keyword with name 'Launch Application' found.</status>
</test>
<test id="s1-s1-s2-t2" name="Create Cluster Ticket" line="50">
<kw name="Validate Fuel Ticket Page Heading">
<msg time="2026-02-04T17:14:46.681492" level="FAIL">No keyword with name 'Validate Fuel Ticket Page Heading' found.</msg>
<status status="FAIL" start="2026-02-04T17:14:46.681375" elapsed="0.000195">No keyword with name 'Validate Fuel Ticket Page Heading' found.</status>
</kw>
<kw name="Sleep" owner="BuiltIn">
<arg>5s</arg>
<doc>Pauses the test executed for the given time.</doc>
<status status="NOT RUN" start="2026-02-04T17:14:46.682125" elapsed="0.000082"/>
</kw>
<kw name="Click On Cluster Ticket">
<status status="NOT RUN" start="2026-02-04T17:14:46.687387" elapsed="0.000151"/>
</kw>
<kw name="Enter Cluster Ticket Name">
<arg>Cluster_Brady_01</arg>
<status status="NOT RUN" start="2026-02-04T17:14:46.693613" elapsed="0.000377"/>
</kw>
<kw name="Select Cluster Interval">
<arg>5</arg>
<status status="NOT RUN" start="2026-02-04T17:14:46.699982" elapsed="0.000130"/>
</kw>
<kw name="Scroll Main Page And Ticket List">
<status status="NOT RUN" start="2026-02-04T17:14:46.704314" elapsed="0.000111"/>
</kw>
<kw name="Select Last Two Cluster Checkboxes">
<status status="NOT RUN" start="2026-02-04T17:14:46.708548" elapsed="0.000129"/>
</kw>
<status status="FAIL" start="2026-02-04T17:14:46.673187" elapsed="0.035982">No keyword with name 'Validate Fuel Ticket Page Heading' found.</status>
</test>
<status status="FAIL" start="2026-02-04T17:14:46.624240" elapsed="0.086480"/>
</suite>
<suite id="s1-s1-s3" name="FuelNegativeTestCases" source="/Users/ct-blr/Desktop/Chaithra/SteadyOilApplicationProject/tests/FuelTickets/FuelNegativeTestCases.robot">
<test id="s1-s1-s3-t1" name="TC1 Create Ticket when customer is not selected" line="7">
<kw name="Launch Application">
<msg time="2026-02-04T17:14:46.724200" level="FAIL">No keyword with name 'Launch Application' found.</msg>
<status status="FAIL" start="2026-02-04T17:14:46.723971" elapsed="0.000370">No keyword with name 'Launch Application' found.</status>
</kw>
<kw name="Login To Application">
<status status="NOT RUN" start="2026-02-04T17:14:46.729367" elapsed="0.000085"/>
</kw>
<kw name="Navigate To Create Fuel Ticket Page">
<status status="NOT RUN" start="2026-02-04T17:14:46.731294" elapsed="0.000076"/>
</kw>
<kw name="Fill other Fields">
<status status="NOT RUN" start="2026-02-04T17:14:46.735187" elapsed="0.000116"/>
</kw>
<kw name="Click Add Button">
<status status="NOT RUN" start="2026-02-04T17:14:46.739623" elapsed="0.001894"/>
</kw>
<kw name="Validate Company Name Required Error and Fail">
<status status="NOT RUN" start="2026-02-04T17:14:46.747851" elapsed="0.000121"/>
</kw>
<doc>Verify that ticket cannot be created without selecting a customer</doc>
<tag>negative</tag>
<tag>validation</tag>
<status status="FAIL" start="2026-02-04T17:14:46.719011" elapsed="0.029455">No keyword with name 'Launch Application' found.</status>
</test>
<test id="s1-s1-s3-t2" name="TC2 Create Ticket without FuelType" line="18">
<kw name="Launch Application">
<msg time="2026-02-04T17:14:46.757899" level="FAIL">No keyword with name 'Launch Application' found.</msg>
<status status="FAIL" start="2026-02-04T17:14:46.757751" elapsed="0.000263">No keyword with name 'Launch Application' found.</status>
</kw>
<kw name="Login To Application">
<status status="NOT RUN" start="2026-02-04T17:14:46.764433" elapsed="0.000101"/>
</kw>
<kw name="Navigate To Create Fuel Ticket Page">
<status status="NOT RUN" start="2026-02-04T17:14:46.767065" elapsed="0.000170"/>
</kw>
<kw name="Select Customer">
<status status="NOT RUN" start="2026-02-04T17:14:46.772061" elapsed="0.000115"/>
</kw>
<kw name="Fill Fields Except Fuel Type">
<status status="NOT RUN" start="2026-02-04T17:14:46.776915" elapsed="0.000096"/>
</kw>
<kw name="Click Add Button">
<status status="NOT RUN" start="2026-02-04T17:14:46.779206" elapsed="0.000120"/>
</kw>
<kw name="Validate Fuel Type Required Error And Fail">
<status status="NOT RUN" start="2026-02-04T17:14:46.783034" elapsed="0.000114"/>
</kw>
<doc>Verify that ticket cannot be created without selecting fuel type</doc>
<tag>FuelTicket</tag>
<tag>Negative</tag>
<status status="FAIL" start="2026-02-04T17:14:46.749193" elapsed="0.034412">No keyword with name 'Launch Application' found.</status>
</test>
<test id="s1-s1-s3-t3" name="TC3 Create Ticket without TankGPS" line="29">
<kw name="Launch Application">
<msg time="2026-02-04T17:14:46.788998" level="FAIL">No keyword with name 'Launch Application' found.</msg>
<status status="FAIL" start="2026-02-04T17:14:46.788865" elapsed="0.000239">No keyword with name 'Launch Application' found.</status>
</kw>
<kw name="Login To Application">
<status status="NOT RUN" start="2026-02-04T17:14:46.794351" elapsed="0.000112"/>
</kw>
<kw name="Navigate To Create Fuel Ticket Page">
<status status="NOT RUN" start="2026-02-04T17:14:46.796251" elapsed="0.000075"/>
</kw>
<kw name="Select Customer">
<status status="NOT RUN" start="2026-02-04T17:14:46.799445" elapsed="0.000093"/>
</kw>
<kw name="Fill Fields Except Tank GPS">
<status status="NOT RUN" start="2026-02-04T17:14:46.802477" elapsed="0.000091"/>
</kw>
<kw name="Click Add Button">
<status status="NOT RUN" start="2026-02-04T17:14:46.804564" elapsed="0.000078"/>
</kw>
<kw name="Validate Ticket GPS Required Error And Fail">
<status status="NOT RUN" start="2026-02-04T17:14:46.807276" elapsed="0.000194"/>
</kw>
<doc>Verify that ticket cannot be created without entering Tank GPS</doc>
<tag>FuelTicket</tag>
<tag>Negative</tag>
<status status="FAIL" start="2026-02-04T17:14:46.784177" elapsed="0.023847">No keyword with name 'Launch Application' found.</status>
</test>
<test id="s1-s1-s3-t4" name="TC4 Create Ticket When Gallons Is Empty" line="40">
<kw name="Login To Application">
<msg time="2026-02-04T17:14:46.813543" level="FAIL">No keyword with name 'Login To Application' found. Did you try using keyword 'BuiltIn.Log' and forgot to use enough whitespace between keyword and arguments?</msg>
<status status="FAIL" start="2026-02-04T17:14:46.813412" elapsed="0.000243">No keyword with name 'Login To Application' found. Did you try using keyword 'BuiltIn.Log' and forgot to use enough whitespace between keyword and arguments?</status>
</kw>
<kw name="Navigate To Fuel Ticket Page">
<status status="NOT RUN" start="2026-02-04T17:14:46.814775" elapsed="0.000101"/>
</kw>
<kw name="Fill Ticket Details Without Gallons">
<status status="NOT RUN" start="2026-02-04T17:14:46.816277" elapsed="0.000108"/>
</kw>
<kw name="Validate Gallons Error Appears">
<status status="NOT RUN" start="2026-02-04T17:14:46.816852" elapsed="0.000055"/>
</kw>
<kw name="Click Submit Button">
<status status="NOT RUN" start="2026-02-04T17:14:46.817226" elapsed="0.000044"/>
</kw>
<tag>negative</tag>
<status status="FAIL" start="2026-02-04T17:14:46.808462" elapsed="0.009220">No keyword with name 'Login To Application' found. Did you try using keyword 'BuiltIn.Log' and forgot to use enough whitespace between keyword and arguments?</status>
</test>
<status status="FAIL" start="2026-02-04T17:14:46.713114" elapsed="0.105285"/>
</suite>
<suite id="s1-s1-s4" name="FuelPositiveTestCases" source="/Users/ct-blr/Desktop/Chaithra/SteadyOilApplicationProject/tests/FuelTickets/FuelPositiveTestCases.robot">
<test id="s1-s1-s4-t1" name="TC1 Create Fuel Ticket for ND state" line="10">
<kw name="Launch Application" owner="Login_LogoutKeywords">
<kw name="Open Browser" owner="SeleniumLibrary">
<msg time="2026-02-04T17:14:46.872580" level="INFO">Opening browser 'chrome' to base url 'https://stage.steadyoil.com/'.</msg>
<arg>${url}</arg>
<arg>${browser}</arg>
<doc>Opens a new browser instance to the optional ``url``.</doc>
<status status="PASS" start="2026-02-04T17:14:46.872292" elapsed="5.916472"/>
</kw>
<kw name="Maximize Browser Window" owner="SeleniumLibrary">
<doc>Maximizes current browser window.</doc>
<status status="PASS" start="2026-02-04T17:14:52.790865" elapsed="0.043439"/>
</kw>
<kw name="Set Selenium Speed" owner="SeleniumLibrary">
<arg>0.5s</arg>
<doc>Sets the delay that is waited after each Selenium command.</doc>
<status status="PASS" start="2026-02-04T17:14:52.834672" elapsed="0.000515"/>
</kw>
<kw name="Set Selenium Timeout" owner="SeleniumLibrary">
<arg>10s</arg>
<doc>Sets the timeout that is used by various keywords.</doc>
<status status="PASS" start="2026-02-04T17:14:52.835412" elapsed="1.011666"/>
</kw>
<status status="PASS" start="2026-02-04T17:14:46.871527" elapsed="6.975845"/>
</kw>
<kw name="Login To Application" owner="Login_LogoutKeywords">
<kw name="Wait Until Element Is Visible" owner="SeleniumLibrary">
<arg>${USERNAME_INPUT}</arg>
<arg>10s</arg>
<doc>Waits until the element ``locator`` is visible.</doc>
<status status="PASS" start="2026-02-04T17:14:53.848572" elapsed="1.035941"/>
</kw>
<kw name="Input Text" owner="SeleniumLibrary">
<msg time="2026-02-04T17:14:54.885274" level="INFO">Typing text 'admin@steadyoil.com' into text field 'id=identity'.</msg>
<arg>${USERNAME_INPUT}</arg>
<arg>${username}</arg>
<doc>Types the given ``text`` into the text field identified by ``locator``.</doc>
<status status="PASS" start="2026-02-04T17:14:54.884899" elapsed="1.745898"/>
</kw>
<kw name="Input Text" owner="SeleniumLibrary">
<msg time="2026-02-04T17:14:56.631866" level="INFO">Typing text 'Pwd4so!l' into text field 'id=userpass'.</msg>
<arg>${PASSWORD_INPUT}</arg>
<arg>${password}</arg>
<doc>Types the given ``text`` into the text field identified by ``locator``.</doc>
<status status="PASS" start="2026-02-04T17:14:56.631421" elapsed="1.622795"/>
</kw>
<kw name="Click Button" owner="SeleniumLibrary">
<msg time="2026-02-04T17:14:58.255418" level="INFO">Clicking button 'xpath=//button[normalize-space(text())="Login"]'.</msg>
<arg>${LOGIN_BUTTON}</arg>
<doc>Clicks the button identified by ``locator``.</doc>
<status status="PASS" start="2026-02-04T17:14:58.254810" elapsed="12.555919"/>
</kw>
<kw name="Wait Until Page Contains" owner="SeleniumLibrary">
<arg>Dashboard</arg>
<arg>10s</arg>
<doc>Waits until ``text`` appears on the current page.</doc>
<status status="PASS" start="2026-02-04T17:15:10.811201" elapsed="0.521463"/>
</kw>
<status status="PASS" start="2026-02-04T17:14:53.847893" elapsed="17.485099"/>
</kw>
<kw name="Mouseover on FuelTickets menu" owner="FuelTicketKeywords">
<kw name="Mouse Over" owner="SeleniumLibrary">
<msg time="2026-02-04T17:15:11.334229" level="INFO">Simulating Mouse Over on element 'xpath://nav[@id="main-sidebar"]/section/ul/li[6]/a/i/span'.</msg>
<arg>xpath://nav[@id="main-sidebar"]/section/ul/li[6]/a/i/span</arg>
<doc>Simulates hovering the mouse over the element ``locator``.</doc>
<status status="PASS" start="2026-02-04T17:15:11.333932" elapsed="1.299805"/>
</kw>
<status status="PASS" start="2026-02-04T17:15:11.333434" elapsed="1.301305"/>
</kw>
<kw name="Navigate to Fuel Ticket" owner="FuelTicketKeywords">
<kw name="Click Element" owner="SeleniumLibrary">
<msg time="2026-02-04T17:15:12.636465" level="INFO">Clicking element 'xpath://nav[@id="main-sidebar"]/section/ul/li[6]/ul/li[2]/a'.</msg>
<arg>xpath://nav[@id="main-sidebar"]/section/ul/li[6]/ul/li[2]/a</arg>
<doc>Click the element identified by ``locator``.</doc>
<status status="PASS" start="2026-02-04T17:15:12.636098" elapsed="3.653884"/>
</kw>
<status status="PASS" start="2026-02-04T17:15:12.635541" elapsed="3.654698"/>
</kw>
<kw name="Validate And Print Fuel Ticket Page Heading" owner="FuelKeywords">
<kw name="Wait Until Element Is Visible" owner="SeleniumLibrary">
<arg>xpath=//div[@class="page-heading"]/h3</arg>
<arg>10s</arg>
<doc>Waits until the element ``locator`` is visible.</doc>
<status status="PASS" start="2026-02-04T17:15:16.291300" elapsed="1.039944"/>
</kw>
<kw name="Get Text" owner="SeleniumLibrary">
<msg time="2026-02-04T17:15:18.381049" level="INFO">${heading} = Create Manual Fuel Ticket</msg>
<var>${heading}</var>
<arg>xpath=//div[@class="page-heading"]/h3</arg>
<doc>Returns the text value of the element identified by ``locator``.</doc>
<status status="PASS" start="2026-02-04T17:15:17.331718" elapsed="1.049432"/>
</kw>
<kw name="Should Be Equal" owner="BuiltIn">
<arg>${heading}</arg>
<arg>${expected_heading}</arg>
<doc>Fails if the given objects are unequal.</doc>
<status status="PASS" start="2026-02-04T17:15:18.381569" elapsed="0.000595"/>
</kw>
<kw name="Log To Console" owner="BuiltIn">
<arg>\n Page Heading: ${heading}</arg>
<doc>Logs the given message to the console.</doc>
<status status="PASS" start="2026-02-04T17:15:18.382464" elapsed="0.000416"/>
</kw>
<status status="PASS" start="2026-02-04T17:15:16.290731" elapsed="2.092307"/>
</kw>
<kw name="Select Customer">
<msg time="2026-02-04T17:15:18.389044" level="FAIL">No keyword with name 'Select Customer' found.</msg>
<arg>Lund Brady</arg>
<status status="FAIL" start="2026-02-04T17:15:18.388871" elapsed="0.000337">No keyword with name 'Select Customer' found.</status>
</kw>
<kw name="Fill Common Fields" owner="CommonKeywords">
<arg>North</arg>
<arg>1234</arg>
<arg>8545633</arg>
<arg>100 gallons</arg>
<status status="NOT RUN" start="2026-02-04T17:15:18.390726" elapsed="0.000124"/>
</kw>
<kw name="Scroll Element Into View" owner="SeleniumLibrary">
<arg>id:fuel_class_name</arg>
<doc>Scrolls the element identified by ``locator`` into view.</doc>
<status status="NOT RUN" start="2026-02-04T17:15:18.391355" elapsed="0.000087"/>
</kw>
<kw name="Select Fuel Type" owner="CommonKeywords">
<arg>Premium NL</arg>
<status status="NOT RUN" start="2026-02-04T17:15:18.392075" elapsed="0.000167"/>
</kw>
<kw name="Fill fuel details" owner="CommonKeywords">
<status status="NOT RUN" start="2026-02-04T17:15:18.392861" elapsed="0.000064"/>
</kw>
<kw name="Click Submit button" owner="CommonKeywords">
<status status="NOT RUN" start="2026-02-04T17:15:18.393196" elapsed="0.000045"/>
</kw>
<kw name="Validate Fuel Ticket Page Heading" owner="CommonKeywords">
<status status="NOT RUN" start="2026-02-04T17:15:18.393485" elapsed="0.000043"/>
</kw>
<kw name="Get Latest Ticket ID" owner="CommonKeywords">
<var>${latest_ticket_id}</var>
<doc>Return the numerically highest ticket_id (latest ticket).</doc>
<status status="NOT RUN" start="2026-02-04T17:15:18.394072" elapsed="0.000057"/>
</kw>
<kw name="Log To Console" owner="BuiltIn">
<arg>Final latest ticket id = ${latest_ticket_id}</arg>
<doc>Logs the given message to the console.</doc>
<status status="NOT RUN" start="2026-02-04T17:15:18.394565" elapsed="0.000072"/>
</kw>
<doc>Create a fuel ticket, fetch the last ticket ID dynamically, and then drag it.</doc>
<tag>Positive Fuel Ticket</tag>
<status status="FAIL" start="2026-02-04T17:14:46.870609" elapsed="31.524598">No keyword with name 'Select Customer' found.</status>
</test>
<test id="s1-s1-s4-t2" name="Test Dictionary Access" line="43">
<kw name="Create Dictionary" owner="BuiltIn">
<msg time="2026-02-04T17:15:18.398770" level="INFO">${dict} = {'key1': 'value1', 'key2': 'value2'}</msg>
<var>${dict}</var>
<arg>key1=value1</arg>
<arg>key2=value2</arg>
<doc>Creates and returns a dictionary based on the given ``items``.</doc>
<status status="PASS" start="2026-02-04T17:15:18.397538" elapsed="0.001293"/>
</kw>
<kw name="Get From Dictionary" owner="Collections">
<msg time="2026-02-04T17:15:18.399501" level="INFO">${val} = value1</msg>
<var>${val}</var>
<arg>${dict}</arg>
<arg>key1</arg>
<doc>Returns a value from the given ``dictionary`` based on the given ``key``.</doc>
<status status="PASS" start="2026-02-04T17:15:18.399170" elapsed="0.000419"/>
</kw>
<kw name="Log To Console" owner="BuiltIn">
<arg>Retrieved: ${val}</arg>
<doc>Logs the given message to the console.</doc>
<status status="PASS" start="2026-02-04T17:15:18.400020" elapsed="0.000563"/>
</kw>
<status status="PASS" start="2026-02-04T17:15:18.396245" elapsed="0.004978"/>
</test>
<status status="FAIL" start="2026-02-04T17:14:46.819362" elapsed="31.583198"/>
</suite>
<suite id="s1-s1-s5" name="FuelTicketTest" source="/Users/ct-blr/Desktop/Chaithra/SteadyOilApplicationProject/tests/FuelTickets/FuelTicketTest.robot">
<kw name="Open Browser To Application" type="SETUP">
<kw name="Open Browser" owner="SeleniumLibrary">
<msg time="2026-02-04T17:15:18.414327" level="INFO">Opening browser 'chrome' to base url 'https://stage.steadyoil.com/'.</msg>
<arg>${URL}</arg>
<arg>${BROWSER}</arg>
<doc>Opens a new browser instance to the optional ``url``.</doc>
<status status="PASS" start="2026-02-04T17:15:18.413772" elapsed="4.410676"/>
</kw>
<kw name="Maximize Browser Window" owner="SeleniumLibrary">
<doc>Maximizes current browser window.</doc>
<status status="PASS" start="2026-02-04T17:15:22.825257" elapsed="1.902278"/>
</kw>
<kw name="Set Selenium Speed" owner="SeleniumLibrary">
<arg>5s</arg>
<doc>Sets the delay that is waited after each Selenium command.</doc>
<status status="PASS" start="2026-02-04T17:15:24.727821" elapsed="0.000452"/>
</kw>
<status status="PASS" start="2026-02-04T17:15:18.411667" elapsed="6.316781"/>
</kw>
<test id="s1-s1-s5-t1" name="Create Ticket When Gallons Is Empty" line="14">
<kw name="Login To Application">
<kw name="Input Text" owner="SeleniumLibrary">
<msg time="2026-02-04T17:15:24.732027" level="INFO">Typing text 'admin@steadyoil.com' into text field 'name:identity'.</msg>
<arg>name:identity</arg>
<arg>${USERNAME}</arg>
<doc>Types the given ``text`` into the text field identified by ``locator``.</doc>
<status status="PASS" start="2026-02-04T17:15:24.731333" elapsed="15.092662"/>
</kw>
<kw name="Input Text" owner="SeleniumLibrary">
<msg time="2026-02-04T17:15:39.824619" level="INFO">Typing text 'Pwd4so!l' into text field 'name:password'.</msg>
<msg time="2026-02-04T17:15:39.828433" level="WARN">Keyword 'Capture Page Screenshot' could not be run on failure: Message: no such window: target window already closed
from unknown error: web view not found
  (Session info: chrome=144.0.7559.132)
Stacktrace:
0   chromedriver                        0x000000010c0f8328 chromedriver + 6722344
1   chromedriver                        0x000000010c0efb8a chromedriver + 6687626
2   chromedriver                        0x000000010bafdec5 chromedriver + 454341
3   chromedriver                        0x000000010bad1348 chromedriver + 271176
4   chromedriver                        0x000000010bb82058 chromedriver + 995416
5   chromedriver                        0x000000010bb9bd68 chromedriver + 1101160
6   chromedriver                        0x000000010bb449e1 chromedriver + 743905
7   chromedriver                        0x000000010bb457e1 chromedriver + 747489
8   chromedriver                        0x000000010c0b0be1 chromedriver + 6429665
9   chromedriver                        0x000000010c0b4f8e chromedriver + 6446990
10  chromedriver                        0x000000010c090369 chromedriver + 6296425
11  chromedriver                        0x000000010c0b59f8 chromedriver + 6449656
12  chromedriver                        0x000000010c07ea50 chromedriver + 6224464
13  chromedriver                        0x000000010c0dbf88 chromedriver + 6606728
14  chromedriver                        0x000000010c0dc142 chromedriver + 6607170
15  chromedriver                        0x000000010c0ef791 chromedriver + 6686609
16  libsystem_pthread.dylib             0x00007ff813b521d3 _pthread_start + 125
17  libsystem_pthread.dylib             0x00007ff813b4dbd3 thread_start + 15
</msg>
<msg time="2026-02-04T17:15:39.828944" level="FAIL">NoSuchWindowException: Message: no such window: target window already closed
from unknown error: web view not found
  (Session info: chrome=144.0.7559.132)
Stacktrace:
0   chromedriver                        0x000000010c0f8328 chromedriver + 6722344
1   chromedriver                        0x000000010c0efb8a chromedriver + 6687626
2   chromedriver                        0x000000010bafdec5 chromedriver + 454341
3   chromedriver                        0x000000010bad1348 chromedriver + 271176
4   chromedriver                        0x000000010bb82058 chromedriver + 995416
5   chromedriver                        0x000000010bb9bd68 chromedriver + 1101160
6   chromedriver                        0x000000010bb449e1 chromedriver + 743905
7   chromedriver                        0x000000010bb457e1 chromedriver + 747489
8   chromedriver                        0x000000010c0b0be1 chromedriver + 6429665
9   chromedriver                        0x000000010c0b4f8e chromedriver + 6446990
10  chromedriver                        0x000000010c090369 chromedriver + 6296425
11  chromedriver                        0x000000010c0b59f8 chromedriver + 6449656
12  chromedriver                        0x000000010c07ea50 chromedriver + 6224464
13  chromedriver                        0x000000010c0dbf88 chromedriver + 6606728
14  chromedriver                        0x000000010c0dc142 chromedriver + 6607170
15  chromedriver                        0x000000010c0ef791 chromedriver + 6686609
16  libsystem_pthread.dylib             0x00007ff813b521d3 _pthread_start + 125
17  libsystem_pthread.dylib             0x00007ff813b4dbd3 thread_start + 15
</msg>
<arg>name:password</arg>
<arg>${PASSWORD}</arg>
<doc>Types the given ``text`` into the text field identified by ``locator``.</doc>
<status status="FAIL" start="2026-02-04T17:15:39.824300" elapsed="0.013061">NoSuchWindowException: Message: no such window: target window already closed
from unknown error: web view not found
  (Session info: chrome=144.0.7559.132)
Stacktrace:
0   chromedriver                        0x000000010c0f8328 chromedriver + 6722344
1   chromedriver                        0x000000010c0efb8a chromedriver + 6687626
2   chromedriver                        0x000000010bafdec5 chromedriver + 454341
3   chromedriver                        0x000000010bad1348 chromedriver + 271176
4   chromedriver                        0x000000010bb82058 chromedriver + 995416
5   chromedriver                        0x000000010bb9bd68 chromedriver + 1101160
6   chromedriver                        0x000000010bb449e1 chromedriver + 743905
7   chromedriver                        0x000000010bb457e1 chromedriver + 747489
8   chromedriver                        0x000000010c0b0be1 chromedriver + 6429665
9   chromedriver                        0x000000010c0b4f8e chromedriver + 6446990
10  chromedriver                        0x000000010c090369 chromedriver + 6296425
11  chromedriver                        0x000000010c0b59f8 chromedriver + 6449656
12  chromedriver                        0x000000010c07ea50 chromedriver + 6224464
13  chromedriver                        0x000000010c0dbf88 chromedriver + 6606728
14  chromedriver                        0x000000010c0dc142 chromedriver + 6607170
15  chromedriver                        0x000000010c0ef791 chromedriver + 6686609
16  libsystem_pthread.dylib             0x00007ff813b521d3 _pthread_start + 125
17  libsystem_pthread.dylib             0x00007ff813b4dbd3 thread_start + 15
</status>
</kw>
<kw name="Click Button" owner="SeleniumLibrary">
<arg>xpath:/html/body/div/div/div/form/div[4]/button</arg>
<doc>Clicks the button identified by ``locator``.</doc>
<status status="NOT RUN" start="2026-02-04T17:15:39.837790" elapsed="0.000079"/>
</kw>
<kw name="Wait Until Page Contains" owner="SeleniumLibrary">
<arg>Dashboard</arg>
<arg>timeout=10s</arg>
<doc>Waits until ``text`` appears on the current page.</doc>
<status status="NOT RUN" start="2026-02-04T17:15:39.838244" elapsed="0.000062"/>
</kw>
<status status="FAIL" start="2026-02-04T17:15:24.730504" elapsed="15.108334">NoSuchWindowException: Message: no such window: target window already closed
from unknown error: web view not found
  (Session info: chrome=144.0.7559.132)
Stacktrace:
0   chromedriver                        0x000000010c0f8328 chromedriver + 6722344
1   chromedriver                        0x000000010c0efb8a chromedriver + 6687626
2   chromedriver                        0x000000010bafdec5 chromedriver + 454341
3   chromedriver                        0x000000010bad1348 chromedriver + 271176
4   chromedriver                        0x000000010bb82058 chromedriver + 995416
5   chromedriver                        0x000000010bb9bd68 chromedriver + 1101160
6   chromedriver                        0x000000010bb449e1 chromedriver + 743905
7   chromedriver                        0x000000010bb457e1 chromedriver + 747489
8   chromedriver                        0x000000010c0b0be1 chromedriver + 6429665
9   chromedriver                        0x000000010c0b4f8e chromedriver + 6446990
10  chromedriver                        0x000000010c090369 chromedriver + 6296425
11  chromedriver                        0x000000010c0b59f8 chromedriver + 6449656
12  chromedriver                        0x000000010c07ea50 chromedriver + 6224464
13  chromedriver                        0x000000010c0dbf88 chromedriver + 6606728
14  chromedriver                        0x000000010c0dc142 chromedriver + 6607170
15  chromedriver                        0x000000010c0ef791 chromedriver + 6686609
16  libsystem_pthread.dylib             0x00007ff813b521d3 _pthread_start + 125
17  libsystem_pthread.dylib             0x00007ff813b4dbd3 thread_start + 15
</status>
</kw>
<kw name="Navigate To Fuel Ticket Page">
<status status="NOT RUN" start="2026-02-04T17:15:39.839407" elapsed="0.000055"/>
</kw>
<kw name="Fill Ticket Details Without Gallons">
<status status="NOT RUN" start="2026-02-04T17:15:39.839808" elapsed="0.000043"/>
</kw>
<kw name="Validate Gallons Error Appears">
<status status="NOT RUN" start="2026-02-04T17:15:39.840064" elapsed="0.000038"/>
</kw>
<kw name="Click Submit Button">
<status status="NOT RUN" start="2026-02-04T17:15:39.840309" elapsed="0.000041"/>
</kw>
<tag>negative</tag>
<status status="FAIL" start="2026-02-04T17:15:24.728657" elapsed="15.111975">NoSuchWindowException: Message: no such window: target window already closed
from unknown error: web view not found
  (Session info: chrome=144.0.7559.132)
Stacktrace:
0   chromedriver                        0x000000010c0f8328 chromedriver + 6722344
1   chromedriver                        0x000000010c0efb8a chromedriver + 6687626
2   chromedriver                        0x000000010bafdec5 chromedriver + 454341
3   chromedriver                        0x000000010bad1348 chromedriver + 271176
4   chromedriver                        0x000000010bb82058 chromedriver + 995416
5   chromedriver                        0x000000010bb9bd68 chromedriver + 1101160
6   chromedriver                        0x000000010bb449e1 chromedriver + 743905
7   chromedriver                        0x000000010bb457e1 chromedriver + 747489
8   chromedriver                        0x000000010c0b0be1 chromedriver + 6429665
9   chromedriver                        0x000000010c0b4f8e chromedriver + 6446990
10  chromedriver                        0x000000010c090369 chromedriver + 6296425
11  chromedriver                        0x000000010c0b59f8 chromedriver + 6449656
12  chromedriver                        0x000000010c07ea50 chromedriver + 6224464
13  chromedriver                        0x000000010c0dbf88 chromedriver + 6606728
14  chromedriver                        0x000000010c0dc142 chromedriver + 6607170
15  chromedriver                        0x000000010c0ef791 chromedriver + 6686609
16  libsystem_pthread.dylib             0x00007ff813b521d3 _pthread_start + 125
17  libsystem_pthread.dylib             0x00007ff813b4dbd3 thread_start + 15
</status>
</test>
<test id="s1-s1-s5-t2" name="Create Ticket With Valid Details" line="23">
<kw name="Login To Application">
<kw name="Input Text" owner="SeleniumLibrary">
<msg time="2026-02-04T17:15:39.851895" level="INFO">Typing text 'admin@steadyoil.com' into text field 'name:identity'.</msg>
<msg time="2026-02-04T17:15:39.857805" level="WARN">Keyword 'Capture Page Screenshot' could not be run on failure: Message: no such window: target window already closed
from unknown error: web view not found
  (Session info: chrome=144.0.7559.132)
Stacktrace:
0   chromedriver                        0x000000010c0f8328 chromedriver + 6722344
1   chromedriver                        0x000000010c0efb8a chromedriver + 6687626
2   chromedriver                        0x000000010bafdec5 chromedriver + 454341
3   chromedriver                        0x000000010bad1348 chromedriver + 271176
4   chromedriver                        0x000000010bb82058 chromedriver + 995416
5   chromedriver                        0x000000010bb9bd68 chromedriver + 1101160
6   chromedriver                        0x000000010bb449e1 chromedriver + 743905
7   chromedriver                        0x000000010bb457e1 chromedriver + 747489
8   chromedriver                        0x000000010c0b0be1 chromedriver + 6429665
9   chromedriver                        0x000000010c0b4f8e chromedriver + 6446990
10  chromedriver                        0x000000010c090369 chromedriver + 6296425
11  chromedriver                        0x000000010c0b59f8 chromedriver + 6449656
12  chromedriver                        0x000000010c07ea50 chromedriver + 6224464
13  chromedriver                        0x000000010c0dbf88 chromedriver + 6606728
14  chromedriver                        0x000000010c0dc142 chromedriver + 6607170
15  chromedriver                        0x000000010c0ef791 chromedriver + 6686609
16  libsystem_pthread.dylib             0x00007ff813b521d3 _pthread_start + 125
17  libsystem_pthread.dylib             0x00007ff813b4dbd3 thread_start + 15
</msg>
<msg time="2026-02-04T17:15:39.858245" level="FAIL">NoSuchWindowException: Message: no such window: target window already closed
from unknown error: web view not found
  (Session info: chrome=144.0.7559.132)
Stacktrace:
0   chromedriver                        0x000000010c0f8328 chromedriver + 6722344
1   chromedriver                        0x000000010c0efb8a chromedriver + 6687626
2   chromedriver                        0x000000010bafdec5 chromedriver + 454341
3   chromedriver                        0x000000010bad1348 chromedriver + 271176
4   chromedriver                        0x000000010bb82058 chromedriver + 995416
5   chromedriver                        0x000000010bb9bd68 chromedriver + 1101160
6   chromedriver                        0x000000010bb449e1 chromedriver + 743905
7   chromedriver                        0x000000010bb457e1 chromedriver + 747489
8   chromedriver                        0x000000010c0b0be1 chromedriver + 6429665
9   chromedriver                        0x000000010c0b4f8e chromedriver + 6446990
10  chromedriver                        0x000000010c090369 chromedriver + 6296425
11  chromedriver                        0x000000010c0b59f8 chromedriver + 6449656
12  chromedriver                        0x000000010c07ea50 chromedriver + 6224464
13  chromedriver                        0x000000010c0dbf88 chromedriver + 6606728
14  chromedriver                        0x000000010c0dc142 chromedriver + 6607170
15  chromedriver                        0x000000010c0ef791 chromedriver + 6686609
16  libsystem_pthread.dylib             0x00007ff813b521d3 _pthread_start + 125
17  libsystem_pthread.dylib             0x00007ff813b4dbd3 thread_start + 15
</msg>
<arg>name:identity</arg>
<arg>${USERNAME}</arg>
<doc>Types the given ``text`` into the text field identified by ``locator``.</doc>
<status status="FAIL" start="2026-02-04T17:15:39.851596" elapsed="0.009102">NoSuchWindowException: Message: no such window: target window already closed
from unknown error: web view not found
  (Session info: chrome=144.0.7559.132)
Stacktrace:
0   chromedriver                        0x000000010c0f8328 chromedriver + 6722344
1   chromedriver                        0x000000010c0efb8a chromedriver + 6687626
2   chromedriver                        0x000000010bafdec5 chromedriver + 454341
3   chromedriver                        0x000000010bad1348 chromedriver + 271176
4   chromedriver                        0x000000010bb82058 chromedriver + 995416
5   chromedriver                        0x000000010bb9bd68 chromedriver + 1101160
6   chromedriver                        0x000000010bb449e1 chromedriver + 743905
7   chromedriver                        0x000000010bb457e1 chromedriver + 747489
8   chromedriver                        0x000000010c0b0be1 chromedriver + 6429665
9   chromedriver                        0x000000010c0b4f8e chromedriver + 6446990
10  chromedriver                        0x000000010c090369 chromedriver + 6296425
11  chromedriver                        0x000000010c0b59f8 chromedriver + 6449656
12  chromedriver                        0x000000010c07ea50 chromedriver + 6224464
13  chromedriver                        0x000000010c0dbf88 chromedriver + 6606728
14  chromedriver                        0x000000010c0dc142 chromedriver + 6607170
15  chromedriver                        0x000000010c0ef791 chromedriver + 6686609
16  libsystem_pthread.dylib             0x00007ff813b521d3 _pthread_start + 125
17  libsystem_pthread.dylib             0x00007ff813b4dbd3 thread_start + 15
</status>
</kw>
<kw name="Input Text" owner="SeleniumLibrary">
<arg>name:password</arg>
<arg>${PASSWORD}</arg>
<doc>Types the given ``text`` into the text field identified by ``locator``.</doc>
<status status="NOT RUN" start="2026-02-04T17:15:39.861022" elapsed="0.000044"/>
</kw>
<kw name="Click Button" owner="SeleniumLibrary">
<arg>xpath:/html/body/div/div/div/form/div[4]/button</arg>
<doc>Clicks the button identified by ``locator``.</doc>
<status status="NOT RUN" start="2026-02-04T17:15:39.861202" elapsed="0.000035"/>
</kw>
<kw name="Wait Until Page Contains" owner="SeleniumLibrary">
<arg>Dashboard</arg>
<arg>timeout=10s</arg>
<doc>Waits until ``text`` appears on the current page.</doc>
<status status="NOT RUN" start="2026-02-04T17:15:39.861367" elapsed="0.000035"/>
</kw>
<status status="FAIL" start="2026-02-04T17:15:39.842124" elapsed="0.019451">NoSuchWindowException: Message: no such window: target window already closed
from unknown error: web view not found
  (Session info: chrome=144.0.7559.132)
Stacktrace:
0   chromedriver                        0x000000010c0f8328 chromedriver + 6722344
1   chromedriver                        0x000000010c0efb8a chromedriver + 6687626
2   chromedriver                        0x000000010bafdec5 chromedriver + 454341
3   chromedriver                        0x000000010bad1348 chromedriver + 271176
4   chromedriver                        0x000000010bb82058 chromedriver + 995416
5   chromedriver                        0x000000010bb9bd68 chromedriver + 1101160
6   chromedriver                        0x000000010bb449e1 chromedriver + 743905
7   chromedriver                        0x000000010bb457e1 chromedriver + 747489
8   chromedriver                        0x000000010c0b0be1 chromedriver + 6429665
9   chromedriver                        0x000000010c0b4f8e chromedriver + 6446990
10  chromedriver                        0x000000010c090369 chromedriver + 6296425
11  chromedriver                        0x000000010c0b59f8 chromedriver + 6449656
12  chromedriver                        0x000000010c07ea50 chromedriver + 6224464
13  chromedriver                        0x000000010c0dbf88 chromedriver + 6606728
14  chromedriver                        0x000000010c0dc142 chromedriver + 6607170
15  chromedriver                        0x000000010c0ef791 chromedriver + 6686609
16  libsystem_pthread.dylib             0x00007ff813b521d3 _pthread_start + 125
17  libsystem_pthread.dylib             0x00007ff813b4dbd3 thread_start + 15
</status>
</kw>
<kw name="Navigate To Fuel Ticket Page">
<status status="NOT RUN" start="2026-02-04T17:15:39.862186" elapsed="0.000073"/>
</kw>
<kw name="Fill Ticket Details With Valid Gallons">
<status status="NOT RUN" start="2026-02-04T17:15:39.863093" elapsed="0.000154"/>
</kw>
<kw name="Click Submit Button">
<status status="NOT RUN" start="2026-02-04T17:15:39.863614" elapsed="0.000048"/>
</kw>
<kw name="Validate Ticket Created Successfully">
<status status="NOT RUN" start="2026-02-04T17:15:39.863984" elapsed="0.000094"/>
</kw>
<tag>positive</tag>
<status status="FAIL" start="2026-02-04T17:15:39.841301" elapsed="0.023151">NoSuchWindowException: Message: no such window: target window already closed
from unknown error: web view not found
  (Session info: chrome=144.0.7559.132)
Stacktrace:
0   chromedriver                        0x000000010c0f8328 chromedriver + 6722344
1   chromedriver                        0x000000010c0efb8a chromedriver + 6687626
2   chromedriver                        0x000000010bafdec5 chromedriver + 454341
3   chromedriver                        0x000000010bad1348 chromedriver + 271176
4   chromedriver                        0x000000010bb82058 chromedriver + 995416
5   chromedriver                        0x000000010bb9bd68 chromedriver + 1101160
6   chromedriver                        0x000000010bb449e1 chromedriver + 743905
7   chromedriver                        0x000000010bb457e1 chromedriver + 747489
8   chromedriver                        0x000000010c0b0be1 chromedriver + 6429665
9   chromedriver                        0x000000010c0b4f8e chromedriver + 6446990
10  chromedriver                        0x000000010c090369 chromedriver + 6296425
11  chromedriver                        0x000000010c0b59f8 chromedriver + 6449656
12  chromedriver                        0x000000010c07ea50 chromedriver + 6224464
13  chromedriver                        0x000000010c0dbf88 chromedriver + 6606728
14  chromedriver                        0x000000010c0dc142 chromedriver + 6607170
15  chromedriver                        0x000000010c0ef791 chromedriver + 6686609
16  libsystem_pthread.dylib             0x00007ff813b521d3 _pthread_start + 125
17  libsystem_pthread.dylib             0x00007ff813b4dbd3 thread_start + 15
</status>
</test>
<kw name="Close Browser" owner="SeleniumLibrary" type="TEARDOWN">
<doc>Closes the current browser.</doc>
<status status="PASS" start="2026-02-04T17:15:39.865553" elapsed="5.107768"/>
</kw>
<status status="FAIL" start="2026-02-04T17:15:18.404717" elapsed="26.568784"/>
</suite>
<suite id="s1-s1-s6" name="LundOilStorageTicket" source="/Users/ct-blr/Desktop/Chaithra/SteadyOilApplicationProject/tests/FuelTickets/LundOilStorageTicket.robot">
<test id="s1-s1-s6-t1" name="TC1 Fuel Storage Ticket" line="11">
<kw name="Launch Application" owner="Login_LogoutKeywords">
<kw name="Open Browser" owner="SeleniumLibrary">
<msg time="2026-02-04T17:15:44.990898" level="INFO">Opening browser 'chrome' to base url 'https://stage.steadyoil.com/'.</msg>
<arg>${url}</arg>
<arg>${browser}</arg>
<doc>Opens a new browser instance to the optional ``url``.</doc>
<status status="PASS" start="2026-02-04T17:15:44.989642" elapsed="10.497987"/>
</kw>
<kw name="Maximize Browser Window" owner="SeleniumLibrary">
<doc>Maximizes current browser window.</doc>
<status status="PASS" start="2026-02-04T17:15:55.489115" elapsed="5.005966"/>
</kw>
<kw name="Set Selenium Speed" owner="SeleniumLibrary">
<arg>0.5s</arg>
<doc>Sets the delay that is waited after each Selenium command.</doc>
<status status="PASS" start="2026-02-04T17:16:00.495634" elapsed="0.000615"/>
</kw>
<kw name="Set Selenium Timeout" owner="SeleniumLibrary">
<arg>10s</arg>
<doc>Sets the timeout that is used by various keywords.</doc>
<status status="PASS" start="2026-02-04T17:16:00.496513" elapsed="1.511910"/>
</kw>
<status status="PASS" start="2026-02-04T17:15:44.989064" elapsed="17.019719"/>
</kw>
<kw name="Login To Application" owner="Login_LogoutKeywords">
<kw name="Wait Until Element Is Visible" owner="SeleniumLibrary">
<msg time="2026-02-04T17:16:02.018262" level="WARN">Keyword 'Capture Page Screenshot' could not be run on failure: Message: no such window: target window already closed
from unknown error: web view not found
  (Session info: chrome=144.0.7559.132)
Stacktrace:
0   chromedriver                        0x00000001024a2328 chromedriver + 6722344
1   chromedriver                        0x0000000102499b8a chromedriver + 6687626
2   chromedriver                        0x0000000101ea7ec5 chromedriver + 454341
3   chromedriver                        0x0000000101e7b348 chromedriver + 271176
4   chromedriver                        0x0000000101f2c058 chromedriver + 995416
5   chromedriver                        0x0000000101f45d68 chromedriver + 1101160
6   chromedriver                        0x0000000101eee9e1 chromedriver + 743905
7   chromedriver                        0x0000000101eef7e1 chromedriver + 747489
8   chromedriver                        0x000000010245abe1 chromedriver + 6429665
9   chromedriver                        0x000000010245ef8e chromedriver + 6446990
10  chromedriver                        0x000000010243a369 chromedriver + 6296425
11  chromedriver                        0x000000010245f9f8 chromedriver + 6449656
12  chromedriver                        0x0000000102428a50 chromedriver + 6224464
13  chromedriver                        0x0000000102485f88 chromedriver + 6606728
14  chromedriver                        0x0000000102486142 chromedriver + 6607170
15  chromedriver                        0x0000000102499791 chromedriver + 6686609
16  libsystem_pthread.dylib             0x00007ff813b521d3 _pthread_start + 125
17  libsystem_pthread.dylib             0x00007ff813b4dbd3 thread_start + 15
</msg>
<msg time="2026-02-04T17:16:02.019433" level="FAIL">NoSuchWindowException: Message: no such window: target window already closed
from unknown error: web view not found
  (Session info: chrome=144.0.7559.132)
Stacktrace:
0   chromedriver                        0x00000001024a2328 chromedriver + 6722344
1   chromedriver                        0x0000000102499b8a chromedriver + 6687626
2   chromedriver                        0x0000000101ea7ec5 chromedriver + 454341
3   chromedriver                        0x0000000101e7b348 chromedriver + 271176
4   chromedriver                        0x0000000101f2c058 chromedriver + 995416
5   chromedriver                        0x0000000101f45d68 chromedriver + 1101160
6   chromedriver                        0x0000000101eee9e1 chromedriver + 743905
7   chromedriver                        0x0000000101eef7e1 chromedriver + 747489
8   chromedriver                        0x000000010245abe1 chromedriver + 6429665
9   chromedriver                        0x000000010245ef8e chromedriver + 6446990
10  chromedriver                        0x000000010243a369 chromedriver + 6296425
11  chromedriver                        0x000000010245f9f8 chromedriver + 6449656
12  chromedriver                        0x0000000102428a50 chromedriver + 6224464
13  chromedriver                        0x0000000102485f88 chromedriver + 6606728
14  chromedriver                        0x0000000102486142 chromedriver + 6607170
15  chromedriver                        0x0000000102499791 chromedriver + 6686609
16  libsystem_pthread.dylib             0x00007ff813b521d3 _pthread_start + 125
17  libsystem_pthread.dylib             0x00007ff813b4dbd3 thread_start + 15
</msg>
<arg>${USERNAME_INPUT}</arg>
<arg>10s</arg>
<doc>Waits until the element ``locator`` is visible.</doc>
<status status="FAIL" start="2026-02-04T17:16:02.010593" elapsed="0.016571">NoSuchWindowException: Message: no such window: target window already closed
from unknown error: web view not found
  (Session info: chrome=144.0.7559.132)
Stacktrace:
0   chromedriver                        0x00000001024a2328 chromedriver + 6722344
1   chromedriver                        0x0000000102499b8a chromedriver + 6687626
2   chromedriver                        0x0000000101ea7ec5 chromedriver + 454341
3   chromedriver                        0x0000000101e7b348 chromedriver + 271176
4   chromedriver                        0x0000000101f2c058 chromedriver + 995416
5   chromedriver                        0x0000000101f45d68 chromedriver + 1101160
6   chromedriver                        0x0000000101eee9e1 chromedriver + 743905
7   chromedriver                        0x0000000101eef7e1 chromedriver + 747489
8   chromedriver                        0x000000010245abe1 chromedriver + 6429665
9   chromedriver                        0x000000010245ef8e chromedriver + 6446990
10  chromedriver                        0x000000010243a369 chromedriver + 6296425
11  chromedriver                        0x000000010245f9f8 chromedriver + 6449656
12  chromedriver                        0x0000000102428a50 chromedriver + 6224464
13  chromedriver                        0x0000000102485f88 chromedriver + 6606728
14  chromedriver                        0x0000000102486142 chromedriver + 6607170
15  chromedriver                        0x0000000102499791 chromedriver + 6686609
16  libsystem_pthread.dylib             0x00007ff813b521d3 _pthread_start + 125
17  libsystem_pthread.dylib             0x00007ff813b4dbd3 thread_start + 15
</status>
</kw>
<kw name="Input Text" owner="SeleniumLibrary">
<arg>${USERNAME_INPUT}</arg>
<arg>${username}</arg>
<doc>Types the given ``text`` into the text field identified by ``locator``.</doc>
<status status="NOT RUN" start="2026-02-04T17:16:02.027635" elapsed="0.000077"/>
</kw>
<kw name="Input Text" owner="SeleniumLibrary">
<arg>${PASSWORD_INPUT}</arg>
<arg>${password}</arg>
<doc>Types the given ``text`` into the text field identified by ``locator``.</doc>
<status status="NOT RUN" start="2026-02-04T17:16:02.027991" elapsed="0.000064"/>
</kw>
<kw name="Click Button" owner="SeleniumLibrary">
<arg>${LOGIN_BUTTON}</arg>
<doc>Clicks the button identified by ``locator``.</doc>
<status status="NOT RUN" start="2026-02-04T17:16:02.028325" elapsed="0.000058"/>
</kw>
<kw name="Wait Until Page Contains" owner="SeleniumLibrary">
<arg>Dashboard</arg>
<arg>10s</arg>
<doc>Waits until ``text`` appears on the current page.</doc>
<status status="NOT RUN" start="2026-02-04T17:16:02.028649" elapsed="0.000061"/>
</kw>
<status status="FAIL" start="2026-02-04T17:16:02.009552" elapsed="0.019492">NoSuchWindowException: Message: no such window: target window already closed
from unknown error: web view not found
  (Session info: chrome=144.0.7559.132)
Stacktrace:
0   chromedriver                        0x00000001024a2328 chromedriver + 6722344
1   chromedriver                        0x0000000102499b8a chromedriver + 6687626
2   chromedriver                        0x0000000101ea7ec5 chromedriver + 454341
3   chromedriver                        0x0000000101e7b348 chromedriver + 271176
4   chromedriver                        0x0000000101f2c058 chromedriver + 995416
5   chromedriver                        0x0000000101f45d68 chromedriver + 1101160
6   chromedriver                        0x0000000101eee9e1 chromedriver + 743905
7   chromedriver                        0x0000000101eef7e1 chromedriver + 747489
8   chromedriver                        0x000000010245abe1 chromedriver + 6429665
9   chromedriver                        0x000000010245ef8e chromedriver + 6446990
10  chromedriver                        0x000000010243a369 chromedriver + 6296425
11  chromedriver                        0x000000010245f9f8 chromedriver + 6449656
12  chromedriver                        0x0000000102428a50 chromedriver + 6224464
13  chromedriver                        0x0000000102485f88 chromedriver + 6606728
14  chromedriver                        0x0000000102486142 chromedriver + 6607170
15  chromedriver                        0x0000000102499791 chromedriver + 6686609
16  libsystem_pthread.dylib             0x00007ff813b521d3 _pthread_start + 125
17  libsystem_pthread.dylib             0x00007ff813b4dbd3 thread_start + 15
</status>
</kw>
<kw name="Navigate To Create Fuel Ticket Page">
<doc>Navigate to the Create Manual Fuel Ticket page from sidebar</doc>
<status status="NOT RUN" start="2026-02-04T17:16:02.029732" elapsed="0.000084"/>
</kw>
<kw name="Select Customer">
<arg>Lund Oil - Storage</arg>
<status status="NOT RUN" start="2026-02-04T17:16:02.036093" elapsed="0.000114"/>
</kw>
<kw name="Select Tank">
<arg>Tank 29-31 - Methanol</arg>
<status status="NOT RUN" start="2026-02-04T17:16:02.036658" elapsed="0.000074"/>
</kw>
<kw name="Fill Common Fields" owner="CommonKeywords">
<arg>Site-A</arg>
<arg>PO-885</arg>
<arg>Renzo@8596</arg>
<arg>250 gallons</arg>
<status status="NOT RUN" start="2026-02-04T17:16:02.037131" elapsed="0.000066"/>
</kw>
<kw name="Select TruckType">
<arg>Bulk Fuel</arg>
<status status="NOT RUN" start="2026-02-04T17:16:02.037550" elapsed="0.000059"/>
</kw>
<kw name="Select Location">
<arg>Lund Oil - Watford City</arg>
<status status="NOT RUN" start="2026-02-04T17:16:02.037946" elapsed="0.000058"/>
</kw>
<kw name="Select Fuel Type" owner="CommonKeywords">
<arg>Methanol</arg>
<status status="NOT RUN" start="2026-02-04T17:16:02.038401" elapsed="0.000406"/>
</kw>
<kw name="Gallons Estimated">
<arg>850</arg>
<status status="NOT RUN" start="2026-02-04T17:16:02.039180" elapsed="0.000063"/>
</kw>
<kw name="Select Terminal">
<arg>Watford City Bulk Plant</arg>
<status status="NOT RUN" start="2026-02-04T17:16:02.039689" elapsed="0.000063"/>
</kw>
<kw name="Click Submit button" owner="CommonKeywords">
<status status="NOT RUN" start="2026-02-04T17:16:02.040160" elapsed="0.000066"/>
</kw>
<kw name="Validate success message for ticket creation" owner="CommonKeywords">
<doc>Waits and validates ticket creation success message</doc>
<status status="NOT RUN" start="2026-02-04T17:16:02.040628" elapsed="0.000065"/>
</kw>
<kw name="Get Latest Ticket ID" owner="CommonKeywords">
<var>${latest_ticket_id}</var>
<doc>Return the numerically highest ticket_id (latest ticket).</doc>
<status status="NOT RUN" start="2026-02-04T17:16:02.041502" elapsed="0.000074"/>
</kw>
<status status="FAIL" start="2026-02-04T17:15:44.988329" elapsed="17.053762">NoSuchWindowException: Message: no such window: target window already closed
from unknown error: web view not found
  (Session info: chrome=144.0.7559.132)
Stacktrace:
0   chromedriver                        0x00000001024a2328 chromedriver + 6722344
1   chromedriver                        0x0000000102499b8a chromedriver + 6687626
2   chromedriver                        0x0000000101ea7ec5 chromedriver + 454341
3   chromedriver                        0x0000000101e7b348 chromedriver + 271176
4   chromedriver                        0x0000000101f2c058 chromedriver + 995416
5   chromedriver                        0x0000000101f45d68 chromedriver + 1101160
6   chromedriver                        0x0000000101eee9e1 chromedriver + 743905
7   chromedriver                        0x0000000101eef7e1 chromedriver + 747489
8   chromedriver                        0x000000010245abe1 chromedriver + 6429665
9   chromedriver                        0x000000010245ef8e chromedriver + 6446990
10  chromedriver                        0x000000010243a369 chromedriver + 6296425
11  chromedriver                        0x000000010245f9f8 chromedriver + 6449656
12  chromedriver                        0x0000000102428a50 chromedriver + 6224464
13  chromedriver                        0x0000000102485f88 chromedriver + 6606728
14  chromedriver                        0x0000000102486142 chromedriver + 6607170
15  chromedriver                        0x0000000102499791 chromedriver + 6686609
16  libsystem_pthread.dylib             0x00007ff813b521d3 _pthread_start + 125
17  libsystem_pthread.dylib             0x00007ff813b4dbd3 thread_start + 15
</status>
</test>
<status status="FAIL" start="2026-02-04T17:15:44.975389" elapsed="17.068237"/>
</suite>
<suite id="s1-s1-s7" name="NegativetestCase" source="/Users/ct-blr/Desktop/Chaithra/SteadyOilApplicationProject/tests/FuelTickets/NegativetestCase.robot">
<test id="s1-s1-s7-t1" name="Fail If Gallons Field Is Empty" line="9">
<kw name="Open Browser" owner="SeleniumLibrary">
<msg time="2026-02-04T17:16:02.052570" level="INFO">Opening browser 'Chrome' to base url 'https://stage.steadyoil.com/'.</msg>
<arg>${url}</arg>
<arg>${browser}</arg>
<doc>Opens a new browser instance to the optional ``url``.</doc>
<status status="PASS" start="2026-02-04T17:16:02.051916" elapsed="5.699925"/>
</kw>
<kw name="Login to Application">
<kw name="Input Text" owner="SeleniumLibrary">
<msg time="2026-02-04T17:16:07.756147" level="INFO">Typing text 'admin@steadyoil.com' into text field 'name:identity'.</msg>
<msg time="2026-02-04T17:16:07.763611" level="WARN">Keyword 'Capture Page Screenshot' could not be run on failure: Message: no such window: target window already closed
from unknown error: web view not found
  (Session info: chrome=144.0.7559.132)
Stacktrace:
0   chromedriver                        0x0000000105245328 chromedriver + 6722344
1   chromedriver                        0x000000010523cb8a chromedriver + 6687626
2   chromedriver                        0x0000000104c4aec5 chromedriver + 454341
3   chromedriver                        0x0000000104c1e348 chromedriver + 271176
4   chromedriver                        0x0000000104ccf058 chromedriver + 995416
5   chromedriver                        0x0000000104ce8d68 chromedriver + 1101160
6   chromedriver                        0x0000000104c919e1 chromedriver + 743905
7   chromedriver                        0x0000000104c927e1 chromedriver + 747489
8   chromedriver                        0x00000001051fdbe1 chromedriver + 6429665
9   chromedriver                        0x0000000105201f8e chromedriver + 6446990
10  chromedriver                        0x00000001051dd369 chromedriver + 6296425
11  chromedriver                        0x00000001052029f8 chromedriver + 6449656
12  chromedriver                        0x00000001051cba50 chromedriver + 6224464
13  chromedriver                        0x0000000105228f88 chromedriver + 6606728
14  chromedriver                        0x0000000105229142 chromedriver + 6607170
15  chromedriver                        0x000000010523c791 chromedriver + 6686609
16  libsystem_pthread.dylib             0x00007ff813b521d3 _pthread_start + 125
17  libsystem_pthread.dylib             0x00007ff813b4dbd3 thread_start + 15
</msg>
<msg time="2026-02-04T17:16:07.764973" level="FAIL">NoSuchWindowException: Message: no such window: target window already closed
from unknown error: web view not found
  (Session info: chrome=144.0.7559.132)
Stacktrace:
0   chromedriver                        0x0000000105245328 chromedriver + 6722344
1   chromedriver                        0x000000010523cb8a chromedriver + 6687626
2   chromedriver                        0x0000000104c4aec5 chromedriver + 454341
3   chromedriver                        0x0000000104c1e348 chromedriver + 271176
4   chromedriver                        0x0000000104ccf058 chromedriver + 995416
5   chromedriver                        0x0000000104ce8d68 chromedriver + 1101160
6   chromedriver                        0x0000000104c919e1 chromedriver + 743905
7   chromedriver                        0x0000000104c927e1 chromedriver + 747489
8   chromedriver                        0x00000001051fdbe1 chromedriver + 6429665
9   chromedriver                        0x0000000105201f8e chromedriver + 6446990
10  chromedriver                        0x00000001051dd369 chromedriver + 6296425
11  chromedriver                        0x00000001052029f8 chromedriver + 6449656
12  chromedriver                        0x00000001051cba50 chromedriver + 6224464
13  chromedriver                        0x0000000105228f88 chromedriver + 6606728
14  chromedriver                        0x0000000105229142 chromedriver + 6607170
15  chromedriver                        0x000000010523c791 chromedriver + 6686609
16  libsystem_pthread.dylib             0x00007ff813b521d3 _pthread_start + 125
17  libsystem_pthread.dylib             0x00007ff813b4dbd3 thread_start + 15
</msg>
<arg>name:identity</arg>
<arg>admin@steadyoil.com</arg>
<doc>Types the given ``text`` into the text field identified by ``locator``.</doc>
<status status="FAIL" start="2026-02-04T17:16:07.755454" elapsed="0.017923">NoSuchWindowException: Message: no such window: target window already closed
from unknown error: web view not found
  (Session info: chrome=144.0.7559.132)
Stacktrace:
0   chromedriver                        0x0000000105245328 chromedriver + 6722344
1   chromedriver                        0x000000010523cb8a chromedriver + 6687626
2   chromedriver                        0x0000000104c4aec5 chromedriver + 454341
3   chromedriver                        0x0000000104c1e348 chromedriver + 271176
4   chromedriver                        0x0000000104ccf058 chromedriver + 995416
5   chromedriver                        0x0000000104ce8d68 chromedriver + 1101160
6   chromedriver                        0x0000000104c919e1 chromedriver + 743905
7   chromedriver                        0x0000000104c927e1 chromedriver + 747489
8   chromedriver                        0x00000001051fdbe1 chromedriver + 6429665
9   chromedriver                        0x0000000105201f8e chromedriver + 6446990
10  chromedriver                        0x00000001051dd369 chromedriver + 6296425
11  chromedriver                        0x00000001052029f8 chromedriver + 6449656
12  chromedriver                        0x00000001051cba50 chromedriver + 6224464
13  chromedriver                        0x0000000105228f88 chromedriver + 6606728
14  chromedriver                        0x0000000105229142 chromedriver + 6607170
15  chromedriver                        0x000000010523c791 chromedriver + 6686609
16  libsystem_pthread.dylib             0x00007ff813b521d3 _pthread_start + 125
17  libsystem_pthread.dylib             0x00007ff813b4dbd3 thread_start + 15
</status>
</kw>
<kw name="Input Text" owner="SeleniumLibrary">
<arg>name:password</arg>
<arg>Pwd4so!l</arg>
<doc>Types the given ``text`` into the text field identified by ``locator``.</doc>
<status status="NOT RUN" start="2026-02-04T17:16:07.773880" elapsed="0.000069"/>
</kw>
<kw name="Click Button" owner="SeleniumLibrary">
<arg>xpath:/html/body/div/div/div/form/div[4]/button</arg>
<doc>Clicks the button identified by ``locator``.</doc>
<status status="NOT RUN" start="2026-02-04T17:16:07.774216" elapsed="0.000058"/>
</kw>
<status status="FAIL" start="2026-02-04T17:16:07.753326" elapsed="0.021262">NoSuchWindowException: Message: no such window: target window already closed
from unknown error: web view not found
  (Session info: chrome=144.0.7559.132)
Stacktrace:
0   chromedriver                        0x0000000105245328 chromedriver + 6722344
1   chromedriver                        0x000000010523cb8a chromedriver + 6687626
2   chromedriver                        0x0000000104c4aec5 chromedriver + 454341
3   chromedriver                        0x0000000104c1e348 chromedriver + 271176
4   chromedriver                        0x0000000104ccf058 chromedriver + 995416
5   chromedriver                        0x0000000104ce8d68 chromedriver + 1101160
6   chromedriver                        0x0000000104c919e1 chromedriver + 743905
7   chromedriver                        0x0000000104c927e1 chromedriver + 747489
8   chromedriver                        0x00000001051fdbe1 chromedriver + 6429665
9   chromedriver                        0x0000000105201f8e chromedriver + 6446990
10  chromedriver                        0x00000001051dd369 chromedriver + 6296425
11  chromedriver                        0x00000001052029f8 chromedriver + 6449656
12  chromedriver                        0x00000001051cba50 chromedriver + 6224464
13  chromedriver                        0x0000000105228f88 chromedriver + 6606728
14  chromedriver                        0x0000000105229142 chromedriver + 6607170
15  chromedriver                        0x000000010523c791 chromedriver + 6686609
16  libsystem_pthread.dylib             0x00007ff813b521d3 _pthread_start + 125
17  libsystem_pthread.dylib             0x00007ff813b4dbd3 thread_start + 15
</status>
</kw>
<kw name="Maximize Browser Window" owner="SeleniumLibrary">
<doc>Maximizes current browser window.</doc>
<status status="NOT RUN" start="2026-02-04T17:16:07.774950" elapsed="0.000359"/>
</kw>
<kw name="Wait Until Page Contains" owner="SeleniumLibrary">
<arg>Dashboard</arg>
<arg>5s</arg>
<doc>Waits until ``text`` appears on the current page.</doc>
<status status="NOT RUN" start="2026-02-04T17:16:07.775722" elapsed="0.000061"/>
</kw>
<kw name="Mouse Over" owner="SeleniumLibrary">
<arg>//nav[@id="main-sidebar"]/section/ul/li[6]/a/i/span</arg>
<doc>Simulates hovering the mouse over the element ``locator``.</doc>
<status status="NOT RUN" start="2026-02-04T17:16:07.776219" elapsed="0.000063"/>
</kw>
<kw name="Click Element" owner="SeleniumLibrary">
<arg>//nav[@id="main-sidebar"]/section/ul/li[6]/ul/li[2]/a</arg>
<doc>Click the element identified by ``locator``.</doc>
<status status="NOT RUN" start="2026-02-04T17:16:07.776636" elapsed="0.000061"/>
</kw>
<kw name="Click Element" owner="SeleniumLibrary">
<arg>xpath://span[@id='select2-searchcompany-container']</arg>
<doc>Click the element identified by ``locator``.</doc>
<status status="NOT RUN" start="2026-02-04T17:16:07.776982" elapsed="0.000197"/>
</kw>
<kw name="Input Text" owner="SeleniumLibrary">
<arg>xpath://input[contains(@class, 'select2-search__field')]</arg>
<arg>Lund Brady</arg>
<doc>Types the given ``text`` into the text field identified by ``locator``.</doc>
<status status="NOT RUN" start="2026-02-04T17:16:07.777754" elapsed="0.000071"/>
</kw>
<kw name="Click Element" owner="SeleniumLibrary">
<arg>xpath=//li[contains(text(), 'Lund Brady')]</arg>
<doc>Click the element identified by ``locator``.</doc>
<status status="NOT RUN" start="2026-02-04T17:16:07.778438" elapsed="0.000078"/>
</kw>
<kw name="Sleep" owner="BuiltIn">
<arg>1s</arg>
<doc>Pauses the test executed for the given time.</doc>
<status status="NOT RUN" start="2026-02-04T17:16:07.778941" elapsed="0.000071"/>
</kw>
<kw name="Input Text" owner="SeleniumLibrary">
<arg>name:Site_name</arg>
<arg>North</arg>
<doc>Types the given ``text`` into the text field identified by ``locator``.</doc>
<status status="NOT RUN" start="2026-02-04T17:16:07.779383" elapsed="0.000061"/>
</kw>
<kw name="Input Text" owner="SeleniumLibrary">
<arg>id:purchase_order</arg>
<arg>1234</arg>
<doc>Types the given ``text`` into the text field identified by ``locator``.</doc>
<status status="NOT RUN" start="2026-02-04T17:16:07.779722" elapsed="0.000057"/>
</kw>
<kw name="Input Text" owner="SeleniumLibrary">
<arg>id:caller_info</arg>
<arg>8545633</arg>
<doc>Types the given ``text`` into the text field identified by ``locator``.</doc>
<status status="NOT RUN" start="2026-02-04T17:16:07.780050" elapsed="0.000056"/>
</kw>
<kw name="Input Text" owner="SeleniumLibrary">
<arg>name:ticket_notes</arg>
<arg>100 gallons</arg>
<doc>Types the given ``text`` into the text field identified by ``locator``.</doc>
<status status="NOT RUN" start="2026-02-04T17:16:07.780375" elapsed="0.000058"/>
</kw>
<kw name="Scroll Element Into View" owner="SeleniumLibrary">
<arg>id:fuel_class_name</arg>
<doc>Scrolls the element identified by ``locator`` into view.</doc>
<status status="NOT RUN" start="2026-02-04T17:16:07.781054" elapsed="0.000081"/>
</kw>
<kw name="Select From List By Value" owner="SeleniumLibrary">
<arg>xpath://select[@id="fuel_types"]</arg>
<arg>8</arg>
<doc>Selects options from selection list ``locator`` by ``values``.</doc>
<status status="NOT RUN" start="2026-02-04T17:16:07.781614" elapsed="0.000065"/>
</kw>
<kw name="Input Text" owner="SeleniumLibrary">
<arg>id:fees_admin_manual</arg>
<arg>10</arg>
<doc>Types the given ``text`` into the text field identified by ``locator``.</doc>
<status status="NOT RUN" start="2026-02-04T17:16:07.782014" elapsed="0.000062"/>
</kw>
<kw name="Input Text" owner="SeleniumLibrary">
<arg>id:retail_cost_gallon</arg>
<arg>2</arg>
<doc>Types the given ``text`` into the text field identified by ``locator``.</doc>
<status status="NOT RUN" start="2026-02-04T17:16:07.782395" elapsed="0.000061"/>
</kw>
<kw name="Select From List By Value" owner="SeleniumLibrary">
<arg>id:discount</arg>
<arg>0</arg>
<doc>Selects options from selection list ``locator`` by ``values``.</doc>
<status status="NOT RUN" start="2026-02-04T17:16:07.782830" elapsed="0.000059"/>
</kw>
<kw name="Scroll Element Into View" owner="SeleniumLibrary">
<arg>id:Reset_ticket</arg>
<doc>Scrolls the element identified by ``locator`` into view.</doc>
<status status="NOT RUN" start="2026-02-04T17:16:07.783863" elapsed="0.000159"/>
</kw>
<kw name="Click Element" owner="SeleniumLibrary">
<arg>xpath://span[@id='select2-fuel_class_terminal-container']</arg>
<doc>Click the element identified by ``locator``.</doc>
<status status="NOT RUN" start="2026-02-04T17:16:07.784501" elapsed="0.000072"/>
</kw>
<kw name="Input Text" owner="SeleniumLibrary">
<arg>xpath=//input[contains(@class,'select2-search__field')]</arg>
<arg>Watford City Bulk Plant</arg>
<doc>Types the given ``text`` into the text field identified by ``locator``.</doc>
<status status="NOT RUN" start="2026-02-04T17:16:07.784871" elapsed="0.000064"/>
</kw>
<kw name="Click Element" owner="SeleniumLibrary">
<arg>xpath=//li[contains(text(),'Watford City Bulk Plant')]</arg>
<doc>Click the element identified by ``locator``.</doc>
<status status="NOT RUN" start="2026-02-04T17:16:07.786004" elapsed="0.000110"/>
</kw>
<kw name="Click Button" owner="SeleniumLibrary">
<arg>xpath://input[@id="add_list"]</arg>
<doc>Clicks the button identified by ``locator``.</doc>
<status status="NOT RUN" start="2026-02-04T17:16:07.786513" elapsed="0.000063"/>
</kw>
<kw name="Sleep" owner="BuiltIn">
<arg>3s</arg>
<doc>Pauses the test executed for the given time.</doc>
<status status="NOT RUN" start="2026-02-04T17:16:07.786872" elapsed="0.000098"/>
</kw>
<kw name="Run Keyword And Return Status" owner="BuiltIn">
<var>${error_found}</var>
<arg>Element Text Should Be</arg>
<arg>id=err_tanks_ize</arg>
<arg>Gallons is required</arg>
<doc>Runs the given keyword with given arguments and returns the status as a Boolean value.</doc>
<status status="NOT RUN" start="2026-02-04T17:16:07.787645" elapsed="0.000086"/>
</kw>
<kw name="Run Keyword If" owner="BuiltIn">
<arg>${error_found}</arg>
<arg>Log</arg>
<arg>Validation appeared: Gallons is required</arg>
<doc>Runs the given keyword with the given arguments, if ``condition`` is true.</doc>
<status status="NOT RUN" start="2026-02-04T17:16:07.788376" elapsed="0.000068"/>
</kw>
<kw name="Run Keyword If" owner="BuiltIn">
<arg>${error_found}</arg>
<arg>Fail</arg>
<arg>Cannot submit ticket! Gallons is required</arg>
<doc>Runs the given keyword with the given arguments, if ``condition`` is true.</doc>
<status status="NOT RUN" start="2026-02-04T17:16:07.788756" elapsed="0.000060"/>
</kw>
<kw name="Execute Javascript" owner="SeleniumLibrary">
<arg>window.scrollTo(0, document.body.scrollHeight)</arg>
<doc>Executes the given JavaScript code with possible arguments.</doc>
<status status="NOT RUN" start="2026-02-04T17:16:07.789138" elapsed="0.000059"/>
</kw>
<kw name="Click Button" owner="SeleniumLibrary">
<arg>xpath://input[@id="submitmanualfuelBtn"]</arg>
<doc>Clicks the button identified by ``locator``.</doc>
<status status="NOT RUN" start="2026-02-04T17:16:07.789465" elapsed="0.000058"/>
</kw>
<kw name="Close Browser" owner="SeleniumLibrary" type="TEARDOWN">
<doc>Closes the current browser.</doc>
<status status="PASS" start="2026-02-04T17:16:07.790161" elapsed="0.531181"/>
</kw>
<doc>Leave gallons empty and verify that the test fails with validation error.</doc>
<tag>fail test</tag>
<tag>negative</tag>
<status status="FAIL" start="2026-02-04T17:16:02.050614" elapsed="6.270971">NoSuchWindowException: Message: no such window: target window already closed
from unknown error: web view not found
  (Session info: chrome=144.0.7559.132)
Stacktrace:
0   chromedriver                        0x0000000105245328 chromedriver + 6722344
1   chromedriver                        0x000000010523cb8a chromedriver + 6687626
2   chromedriver                        0x0000000104c4aec5 chromedriver + 454341
3   chromedriver                        0x0000000104c1e348 chromedriver + 271176
4   chromedriver                        0x0000000104ccf058 chromedriver + 995416
5   chromedriver                        0x0000000104ce8d68 chromedriver + 1101160
6   chromedriver                        0x0000000104c919e1 chromedriver + 743905
7   chromedriver                        0x0000000104c927e1 chromedriver + 747489
8   chromedriver                        0x00000001051fdbe1 chromedriver + 6429665
9   chromedriver                        0x0000000105201f8e chromedriver + 6446990
10  chromedriver                        0x00000001051dd369 chromedriver + 6296425
11  chromedriver                        0x00000001052029f8 chromedriver + 6449656
12  chromedriver                        0x00000001051cba50 chromedriver + 6224464
13  chromedriver                        0x0000000105228f88 chromedriver + 6606728
14  chromedriver                        0x0000000105229142 chromedriver + 6607170
15  chromedriver                        0x000000010523c791 chromedriver + 6686609
16  libsystem_pthread.dylib             0x00007ff813b521d3 _pthread_start + 125
17  libsystem_pthread.dylib             0x00007ff813b4dbd3 thread_start + 15
</status>
</test>
<status status="FAIL" start="2026-02-04T17:16:02.045307" elapsed="6.277205"/>
</suite>
<suite id="s1-s1-s8" name="RecurrentTicket" source="/Users/ct-blr/Desktop/Chaithra/SteadyOilApplicationProject/tests/FuelTickets/RecurrentTicket.robot">
<test id="s1-s1-s8-t1" name="Fuel Recurrent Ticket" line="13">
<kw name="Launch Application" owner="Login_LogoutKeywords">
<kw name="Open Browser" owner="SeleniumLibrary">
<msg time="2026-02-04T17:16:08.331694" level="INFO">Opening browser 'Chrome' to base url 'https://stage.steadyoil.com/'.</msg>
<arg>${url}</arg>
<arg>${browser}</arg>
<doc>Opens a new browser instance to the optional ``url``.</doc>
<status status="PASS" start="2026-02-04T17:16:08.331365" elapsed="4.264872"/>
</kw>
<kw name="Maximize Browser Window" owner="SeleniumLibrary">
<msg time="2026-02-04T17:16:13.587282" level="WARN">Retrying (Retry(total=2, connect=None, read=None, redirect=None, status=None)) after connection broken by 'NewConnectionError("HTTPConnection(host='localhost', port=58510): Failed to establish a new connection: [Errno 61] Connection refused")': /session/76bcaf83e538b32e77dc46d05bdd17ea/screenshot</msg>
<msg time="2026-02-04T17:16:13.589502" level="WARN">Retrying (Retry(total=1, connect=None, read=None, redirect=None, status=None)) after connection broken by 'NewConnectionError("HTTPConnection(host='localhost', port=58510): Failed to establish a new connection: [Errno 61] Connection refused")': /session/76bcaf83e538b32e77dc46d05bdd17ea/screenshot</msg>
<msg time="2026-02-04T17:16:13.593314" level="WARN">Retrying (Retry(total=0, connect=None, read=None, redirect=None, status=None)) after connection broken by 'NewConnectionError("HTTPConnection(host='localhost', port=58510): Failed to establish a new connection: [Errno 61] Connection refused")': /session/76bcaf83e538b32e77dc46d05bdd17ea/screenshot</msg>
<msg time="2026-02-04T17:16:13.596456" level="WARN">Keyword 'Capture Page Screenshot' could not be run on failure: HTTPConnectionPool(host='localhost', port=58510): Max retries exceeded with url: /session/76bcaf83e538b32e77dc46d05bdd17ea/screenshot (Caused by NewConnectionError("HTTPConnection(host='localhost', port=58510): Failed to establish a new connection: [Errno 61] Connection refused"))</msg>
<msg time="2026-02-04T17:16:13.597310" level="FAIL">ProtocolError: ('Connection aborted.', RemoteDisconnected('Remote end closed connection without response'))</msg>
<doc>Maximizes current browser window.</doc>
<status status="FAIL" start="2026-02-04T17:16:12.596962" elapsed="1.060939">ProtocolError: ('Connection aborted.', RemoteDisconnected('Remote end closed connection without response'))</status>
</kw>
<kw name="Set Selenium Speed" owner="SeleniumLibrary">
<arg>0.5s</arg>
<doc>Sets the delay that is waited after each Selenium command.</doc>
<status status="NOT RUN" start="2026-02-04T17:16:13.658227" elapsed="0.000044"/>
</kw>
<kw name="Set Selenium Timeout" owner="SeleniumLibrary">
<arg>10s</arg>
<doc>Sets the timeout that is used by various keywords.</doc>
<status status="NOT RUN" start="2026-02-04T17:16:13.658421" elapsed="0.000036"/>
</kw>
<status status="FAIL" start="2026-02-04T17:16:08.330854" elapsed="5.327902">ProtocolError: ('Connection aborted.', RemoteDisconnected('Remote end closed connection without response'))</status>
</kw>
<kw name="Login To Application" owner="Login_LogoutKeywords">
<status status="NOT RUN" start="2026-02-04T17:16:13.659172" elapsed="0.000043"/>
</kw>
<kw name="Navigate To Create Fuel Ticket Page">
<doc>Navigate to the Create Manual Fuel Ticket page from sidebar</doc>
<status status="NOT RUN" start="2026-02-04T17:16:13.659511" elapsed="0.000040"/>
</kw>
<kw name="Select Customer">
<arg>Lund Brady</arg>
<status status="NOT RUN" start="2026-02-04T17:16:13.662765" elapsed="0.000076"/>
</kw>
<kw name="Fill Common Fields" owner="CommonKeywords">
<arg>North</arg>
<arg>1234</arg>
<arg>8545633</arg>
<arg>100 gallons</arg>
<status status="NOT RUN" start="2026-02-04T17:16:13.663189" elapsed="0.000052"/>
</kw>
<kw name="Scroll Element Into View" owner="SeleniumLibrary">
<arg>id:fuel_class_name</arg>
<doc>Scrolls the element identified by ``locator`` into view.</doc>
<status status="NOT RUN" start="2026-02-04T17:16:13.663473" elapsed="0.000048"/>
</kw>
<kw name="Select Fuel Type" owner="CommonKeywords">
<arg>Methanol</arg>
<status status="NOT RUN" start="2026-02-04T17:16:13.663801" elapsed="0.000042"/>
</kw>
<kw name="Fill fuel details" owner="CommonKeywords">
<status status="NOT RUN" start="2026-02-04T17:16:13.664192" elapsed="0.000046"/>
</kw>
<kw name="Scroll Element Into View" owner="SeleniumLibrary">
<arg>id:Reset_ticket</arg>
<doc>Scrolls the element identified by ``locator`` into view.</doc>
<status status="NOT RUN" start="2026-02-04T17:16:13.664532" elapsed="0.000052"/>
</kw>
<kw name="Click on Recurrent">
<status status="NOT RUN" start="2026-02-04T17:16:13.665025" elapsed="0.000047"/>
</kw>
<kw name="Select Any Date">
<arg>19/12/2025</arg>
<status status="NOT RUN" start="2026-02-04T17:16:13.665388" elapsed="0.000045"/>
</kw>
<kw name="Click Submit button" owner="CommonKeywords">
<status status="NOT RUN" start="2026-02-04T17:16:13.665729" elapsed="0.000042"/>
</kw>
<status status="FAIL" start="2026-02-04T17:16:08.330233" elapsed="5.337760">ProtocolError: ('Connection aborted.', RemoteDisconnected('Remote end closed connection without response'))</status>
</test>
<status status="FAIL" start="2026-02-04T17:16:08.323519" elapsed="5.346270"/>
</suite>
<suite id="s1-s1-s9" name="SendToTerminalTicket" source="/Users/ct-blr/Desktop/Chaithra/SteadyOilApplicationProject/tests/FuelTickets/SendToTerminalTicket.robot">
<test id="s1-s1-s9-t1" name="TC 1 Create SendTo Terminal Ticket" line="9">
<kw name="Launch Application">
<msg time="2026-02-04T17:16:13.679136" level="FAIL">No keyword with name 'Launch Application' found.</msg>
<status status="FAIL" start="2026-02-04T17:16:13.678920" elapsed="0.000308">No keyword with name 'Launch Application' found.</status>
</kw>
<kw name="Login To Application">
<status status="NOT RUN" start="2026-02-04T17:16:13.681936" elapsed="0.000093"/>
</kw>
<kw name="Title Validation">
<status status="NOT RUN" start="2026-02-04T17:16:13.684178" elapsed="0.000068"/>
</kw>
<kw name="Navigate To Create Fuel Ticket Page">
<status status="NOT RUN" start="2026-02-04T17:16:13.686275" elapsed="0.000066"/>
</kw>
<kw name="Select Customer">
<status status="NOT RUN" start="2026-02-04T17:16:13.688658" elapsed="0.000075"/>
</kw>
<kw name="Fill Other Fields">
<status status="NOT RUN" start="2026-02-04T17:16:13.691739" elapsed="0.000089"/>
</kw>
<kw name="Fill Fuel Details">
<status status="NOT RUN" start="2026-02-04T17:16:13.694224" elapsed="0.000077"/>
</kw>
<kw name="Select Truck">
<status status="NOT RUN" start="2026-02-04T17:16:13.696293" elapsed="0.000107"/>
</kw>
<kw name="Select Send To Terminal">
<status status="NOT RUN" start="2026-02-04T17:16:13.699873" elapsed="0.000077"/>
</kw>
<kw name="Add Fuel">
<status status="NOT RUN" start="2026-02-04T17:16:13.702725" elapsed="0.000089"/>
</kw>
<kw name="Create Ticket">
<status status="NOT RUN" start="2026-02-04T17:16:13.705684" elapsed="0.000076"/>
</kw>
<status status="FAIL" start="2026-02-04T17:16:13.675750" elapsed="0.030373">No keyword with name 'Launch Application' found.</status>
</test>
<status status="FAIL" start="2026-02-04T17:16:13.671747" elapsed="0.035040"/>
</suite>
<suite id="s1-s1-s10" name="SingleTicket" source="/Users/ct-blr/Desktop/Chaithra/SteadyOilApplicationProject/tests/FuelTickets/SingleTicket.robot">
<test id="s1-s1-s10-t1" name="Single Fuel Ticket" line="9">
<kw name="Open Browser" owner="SeleniumLibrary">
<msg time="2026-02-04T17:16:13.711441" level="INFO">Opening browser 'Chrome' to base url 'https://stage.steadyoil.com/'.</msg>
<arg>${url}</arg>
<arg>${browser}</arg>
<doc>Opens a new browser instance to the optional ``url``.</doc>
<status status="PASS" start="2026-02-04T17:16:13.710844" elapsed="4.650585"/>
</kw>
<kw name="Login to Application">
<kw name="Input Text" owner="SeleniumLibrary">
<msg time="2026-02-04T17:16:18.365544" level="INFO">Typing text 'admin@steadyoil.com' into text field 'name:identity'.</msg>
<msg time="2026-02-04T17:16:18.374633" level="WARN">Keyword 'Capture Page Screenshot' could not be run on failure: Message: no such window: target window already closed
from unknown error: web view not found
  (Session info: chrome=144.0.7559.132)
Stacktrace:
0   chromedriver                        0x000000010d80a328 chromedriver + 6722344
1   chromedriver                        0x000000010d801b8a chromedriver + 6687626
2   chromedriver                        0x000000010d20fec5 chromedriver + 454341
3   chromedriver                        0x000000010d1e3348 chromedriver + 271176
4   chromedriver                        0x000000010d294058 chromedriver + 995416
5   chromedriver                        0x000000010d2add68 chromedriver + 1101160
6   chromedriver                        0x000000010d2569e1 chromedriver + 743905
7   chromedriver                        0x000000010d2577e1 chromedriver + 747489
8   chromedriver                        0x000000010d7c2be1 chromedriver + 6429665
9   chromedriver                        0x000000010d7c6f8e chromedriver + 6446990
10  chromedriver                        0x000000010d7a2369 chromedriver + 6296425
11  chromedriver                        0x000000010d7c79f8 chromedriver + 6449656
12  chromedriver                        0x000000010d790a50 chromedriver + 6224464
13  chromedriver                        0x000000010d7edf88 chromedriver + 6606728
14  chromedriver                        0x000000010d7ee142 chromedriver + 6607170
15  chromedriver                        0x000000010d801791 chromedriver + 6686609
16  libsystem_pthread.dylib             0x00007ff813b521d3 _pthread_start + 125
17  libsystem_pthread.dylib             0x00007ff813b4dbd3 thread_start + 15
</msg>
<msg time="2026-02-04T17:16:18.375723" level="FAIL">NoSuchWindowException: Message: no such window: target window already closed
from unknown error: web view not found
  (Session info: chrome=144.0.7559.132)
Stacktrace:
0   chromedriver                        0x000000010d80a328 chromedriver + 6722344
1   chromedriver                        0x000000010d801b8a chromedriver + 6687626
2   chromedriver                        0x000000010d20fec5 chromedriver + 454341
3   chromedriver                        0x000000010d1e3348 chromedriver + 271176
4   chromedriver                        0x000000010d294058 chromedriver + 995416
5   chromedriver                        0x000000010d2add68 chromedriver + 1101160
6   chromedriver                        0x000000010d2569e1 chromedriver + 743905
7   chromedriver                        0x000000010d2577e1 chromedriver + 747489
8   chromedriver                        0x000000010d7c2be1 chromedriver + 6429665
9   chromedriver                        0x000000010d7c6f8e chromedriver + 6446990
10  chromedriver                        0x000000010d7a2369 chromedriver + 6296425
11  chromedriver                        0x000000010d7c79f8 chromedriver + 6449656
12  chromedriver                        0x000000010d790a50 chromedriver + 6224464
13  chromedriver                        0x000000010d7edf88 chromedriver + 6606728
14  chromedriver                        0x000000010d7ee142 chromedriver + 6607170
15  chromedriver                        0x000000010d801791 chromedriver + 6686609
16  libsystem_pthread.dylib             0x00007ff813b521d3 _pthread_start + 125
17  libsystem_pthread.dylib             0x00007ff813b4dbd3 thread_start + 15
</msg>
<arg>name:identity</arg>
<arg>admin@steadyoil.com</arg>
<doc>Types the given ``text`` into the text field identified by ``locator``.</doc>
<status status="FAIL" start="2026-02-04T17:16:18.364334" elapsed="0.019061">NoSuchWindowException: Message: no such window: target window already closed
from unknown error: web view not found
  (Session info: chrome=144.0.7559.132)
Stacktrace:
0   chromedriver                        0x000000010d80a328 chromedriver + 6722344
1   chromedriver                        0x000000010d801b8a chromedriver + 6687626
2   chromedriver                        0x000000010d20fec5 chromedriver + 454341
3   chromedriver                        0x000000010d1e3348 chromedriver + 271176
4   chromedriver                        0x000000010d294058 chromedriver + 995416
5   chromedriver                        0x000000010d2add68 chromedriver + 1101160
6   chromedriver                        0x000000010d2569e1 chromedriver + 743905
7   chromedriver                        0x000000010d2577e1 chromedriver + 747489
8   chromedriver                        0x000000010d7c2be1 chromedriver + 6429665
9   chromedriver                        0x000000010d7c6f8e chromedriver + 6446990
10  chromedriver                        0x000000010d7a2369 chromedriver + 6296425
11  chromedriver                        0x000000010d7c79f8 chromedriver + 6449656
12  chromedriver                        0x000000010d790a50 chromedriver + 6224464
13  chromedriver                        0x000000010d7edf88 chromedriver + 6606728
14  chromedriver                        0x000000010d7ee142 chromedriver + 6607170
15  chromedriver                        0x000000010d801791 chromedriver + 6686609
16  libsystem_pthread.dylib             0x00007ff813b521d3 _pthread_start + 125
17  libsystem_pthread.dylib             0x00007ff813b4dbd3 thread_start + 15
</status>
</kw>
<kw name="Input Text" owner="SeleniumLibrary">
<arg>name:password</arg>
<arg>Pwd4so!l</arg>
<doc>Types the given ``text`` into the text field identified by ``locator``.</doc>
<status status="NOT RUN" start="2026-02-04T17:16:18.383963" elapsed="0.000088"/>
</kw>
<kw name="Click Button" owner="SeleniumLibrary">
<arg>xpath:/html/body/div/div/div/form/div[4]/button</arg>
<doc>Clicks the button identified by ``locator``.</doc>
<status status="NOT RUN" start="2026-02-04T17:16:18.384370" elapsed="0.000073"/>
</kw>
<status status="FAIL" start="2026-02-04T17:16:18.362752" elapsed="0.022039">NoSuchWindowException: Message: no such window: target window already closed
from unknown error: web view not found
  (Session info: chrome=144.0.7559.132)
Stacktrace:
0   chromedriver                        0x000000010d80a328 chromedriver + 6722344
1   chromedriver                        0x000000010d801b8a chromedriver + 6687626
2   chromedriver                        0x000000010d20fec5 chromedriver + 454341
3   chromedriver                        0x000000010d1e3348 chromedriver + 271176
4   chromedriver                        0x000000010d294058 chromedriver + 995416
5   chromedriver                        0x000000010d2add68 chromedriver + 1101160
6   chromedriver                        0x000000010d2569e1 chromedriver + 743905
7   chromedriver                        0x000000010d2577e1 chromedriver + 747489
8   chromedriver                        0x000000010d7c2be1 chromedriver + 6429665
9   chromedriver                        0x000000010d7c6f8e chromedriver + 6446990
10  chromedriver                        0x000000010d7a2369 chromedriver + 6296425
11  chromedriver                        0x000000010d7c79f8 chromedriver + 6449656
12  chromedriver                        0x000000010d790a50 chromedriver + 6224464
13  chromedriver                        0x000000010d7edf88 chromedriver + 6606728
14  chromedriver                        0x000000010d7ee142 chromedriver + 6607170
15  chromedriver                        0x000000010d801791 chromedriver + 6686609
16  libsystem_pthread.dylib             0x00007ff813b521d3 _pthread_start + 125
17  libsystem_pthread.dylib             0x00007ff813b4dbd3 thread_start + 15
</status>
</kw>
<kw name="Set Selenium Speed" owner="SeleniumLibrary">
<arg>0.3 seconds</arg>
<doc>Sets the delay that is waited after each Selenium command.</doc>
<status status="NOT RUN" start="2026-02-04T17:16:18.385231" elapsed="0.000123"/>
</kw>
<kw name="Maximize Browser Window" owner="SeleniumLibrary">
<doc>Maximizes current browser window.</doc>
<status status="NOT RUN" start="2026-02-04T17:16:18.385791" elapsed="0.000076"/>
</kw>
<kw name="Wait Until Page Contains" owner="SeleniumLibrary">
<arg>Dashboard</arg>
<arg>3s</arg>
<doc>Waits until ``text`` appears on the current page.</doc>
<status status="NOT RUN" start="2026-02-04T17:16:18.386386" elapsed="0.000128"/>
</kw>
<kw name="Mouse Over" owner="SeleniumLibrary">
<arg>//nav[@id="main-sidebar"]/section/ul/li[6]/a/i/span</arg>
<doc>Simulates hovering the mouse over the element ``locator``.</doc>
<status status="NOT RUN" start="2026-02-04T17:16:18.387013" elapsed="0.000128"/>
</kw>
<kw name="Click Element" owner="SeleniumLibrary">
<arg>//nav[@id="main-sidebar"]/section/ul/li[6]/ul/li[2]/a</arg>
<doc>Click the element identified by ``locator``.</doc>
<status status="NOT RUN" start="2026-02-04T17:16:18.387563" elapsed="0.000069"/>
</kw>
<kw name="Click Element" owner="SeleniumLibrary">
<arg>xpath://span[@id='select2-searchcompany-container']</arg>
<doc>Click the element identified by ``locator``.</doc>
<status status="NOT RUN" start="2026-02-04T17:16:18.387969" elapsed="0.000072"/>
</kw>
<kw name="Input Text" owner="SeleniumLibrary">
<arg>xpath://input[contains(@class, 'select2-search__field')]</arg>
<arg>Lund Brady</arg>
<doc>Types the given ``text`` into the text field identified by ``locator``.</doc>
<status status="NOT RUN" start="2026-02-04T17:16:18.388972" elapsed="0.000100"/>
</kw>
<kw name="Click Element" owner="SeleniumLibrary">
<arg>xpath=//li[contains(text(), 'Lund Brady')]</arg>
<doc>Click the element identified by ``locator``.</doc>
<status status="NOT RUN" start="2026-02-04T17:16:18.389833" elapsed="0.000250"/>
</kw>
<kw name="Sleep" owner="BuiltIn">
<arg>1s</arg>
<doc>Pauses the test executed for the given time.</doc>
<status status="NOT RUN" start="2026-02-04T17:16:18.390623" elapsed="0.000098"/>
</kw>
<kw name="Input Text" owner="SeleniumLibrary">
<arg>name:Site_name</arg>
<arg>North</arg>
<doc>Types the given ``text`` into the text field identified by ``locator``.</doc>
<status status="NOT RUN" start="2026-02-04T17:16:18.391105" elapsed="0.000167"/>
</kw>
<kw name="Input Text" owner="SeleniumLibrary">
<arg>id:purchase_order</arg>
<arg>1234</arg>
<doc>Types the given ``text`` into the text field identified by ``locator``.</doc>
<status status="NOT RUN" start="2026-02-04T17:16:18.391641" elapsed="0.000070"/>
</kw>
<kw name="Input Text" owner="SeleniumLibrary">
<arg>id:caller_info</arg>
<arg>8545633</arg>
<doc>Types the given ``text`` into the text field identified by ``locator``.</doc>
<status status="NOT RUN" start="2026-02-04T17:16:18.392419" elapsed="0.000119"/>
</kw>
<kw name="Input Text" owner="SeleniumLibrary">
<arg>name:ticket_notes</arg>
<arg>100 gallons</arg>
<doc>Types the given ``text`` into the text field identified by ``locator``.</doc>
<status status="NOT RUN" start="2026-02-04T17:16:18.394612" elapsed="0.000097"/>
</kw>
<kw name="Select TruckType">
<arg>Transport Fuel</arg>
<status status="NOT RUN" start="2026-02-04T17:16:18.395222" elapsed="0.000075"/>
</kw>
<kw name="Select Location">
<arg>Lund Oil - Williston</arg>
<status status="NOT RUN" start="2026-02-04T17:16:18.395739" elapsed="0.000077"/>
</kw>
<kw name="Scroll Element Into View" owner="SeleniumLibrary">
<arg>id:fuel_class_name</arg>
<doc>Scrolls the element identified by ``locator`` into view.</doc>
<status status="NOT RUN" start="2026-02-04T17:16:18.397821" elapsed="0.000088"/>
</kw>
<kw name="Select From List By Value" owner="SeleniumLibrary">
<arg>xpath://select[@id="fuel_types"]</arg>
<arg>4</arg>
<doc>Selects options from selection list ``locator`` by ``values``.</doc>
<status status="NOT RUN" start="2026-02-04T17:16:18.398361" elapsed="0.000071"/>
</kw>
<kw name="Input Text" owner="SeleniumLibrary">
<arg>id:tankssize</arg>
<arg>550</arg>
<doc>Types the given ``text`` into the text field identified by ``locator``.</doc>
<status status="NOT RUN" start="2026-02-04T17:16:18.398773" elapsed="0.000112"/>
</kw>
<kw name="Input Text" owner="SeleniumLibrary">
<arg>id:fees_admin_manual</arg>
<arg>10</arg>
<doc>Types the given ``text`` into the text field identified by ``locator``.</doc>
<status status="NOT RUN" start="2026-02-04T17:16:18.399213" elapsed="0.000064"/>
</kw>
<kw name="Input Text" owner="SeleniumLibrary">
<arg>id:retail_cost_gallon</arg>
<arg>2</arg>
<doc>Types the given ``text`` into the text field identified by ``locator``.</doc>
<status status="NOT RUN" start="2026-02-04T17:16:18.399571" elapsed="0.000063"/>
</kw>
<kw name="Select From List By Value" owner="SeleniumLibrary">
<arg>id:discount</arg>
<arg>0</arg>
<doc>Selects options from selection list ``locator`` by ``values``.</doc>
<status status="NOT RUN" start="2026-02-04T17:16:18.399942" elapsed="0.000062"/>
</kw>
<kw name="Scroll Element Into View" owner="SeleniumLibrary">
<arg>id:Reset_ticket</arg>
<doc>Scrolls the element identified by ``locator`` into view.</doc>
<status status="NOT RUN" start="2026-02-04T17:16:18.400523" elapsed="0.000070"/>
</kw>
<kw name="Click Element" owner="SeleniumLibrary">
<arg>xpath://span[@id='select2-fuel_class_terminal-container']</arg>
<doc>Click the element identified by ``locator``.</doc>
<status status="NOT RUN" start="2026-02-04T17:16:18.401187" elapsed="0.000076"/>
</kw>
<kw name="Input Text" owner="SeleniumLibrary">
<arg>xpath=//input[contains(@class,'select2-search__field')]</arg>
<arg>Watford City Bulk Plant</arg>
<doc>Types the given ``text`` into the text field identified by ``locator``.</doc>
<status status="NOT RUN" start="2026-02-04T17:16:18.403259" elapsed="0.000088"/>
</kw>
<kw name="Click Element" owner="SeleniumLibrary">
<arg>xpath=//li[contains(text(),'Watford City Bulk Plant')]</arg>
<doc>Click the element identified by ``locator``.</doc>
<status status="NOT RUN" start="2026-02-04T17:16:18.404019" elapsed="0.000081"/>
</kw>
<kw name="Click Button" owner="SeleniumLibrary">
<arg>xpath://input[@id="add_list"]</arg>
<doc>Clicks the button identified by ``locator``.</doc>
<status status="NOT RUN" start="2026-02-04T17:16:18.404428" elapsed="0.000067"/>
</kw>
<kw name="Sleep" owner="BuiltIn">
<arg>10s</arg>
<doc>Pauses the test executed for the given time.</doc>
<status status="NOT RUN" start="2026-02-04T17:16:18.404795" elapsed="0.000064"/>
</kw>
<kw name="Execute Javascript" owner="SeleniumLibrary">
<arg>window.scrollTo(0, document.body.scrollHeight)</arg>
<doc>Executes the given JavaScript code with possible arguments.</doc>
<status status="NOT RUN" start="2026-02-04T17:16:18.405211" elapsed="0.000062"/>
</kw>
<kw name="Click Button" owner="SeleniumLibrary">
<arg>xpath://input[@id="submitmanualfuelBtn"]</arg>
<doc>Clicks the button identified by ``locator``.</doc>
<status status="NOT RUN" start="2026-02-04T17:16:18.405571" elapsed="0.000060"/>
</kw>
<status status="FAIL" start="2026-02-04T17:16:13.709946" elapsed="4.696403">NoSuchWindowException: Message: no such window: target window already closed
from unknown error: web view not found
  (Session info: chrome=144.0.7559.132)
Stacktrace:
0   chromedriver                        0x000000010d80a328 chromedriver + 6722344
1   chromedriver                        0x000000010d801b8a chromedriver + 6687626
2   chromedriver                        0x000000010d20fec5 chromedriver + 454341
3   chromedriver                        0x000000010d1e3348 chromedriver + 271176
4   chromedriver                        0x000000010d294058 chromedriver + 995416
5   chromedriver                        0x000000010d2add68 chromedriver + 1101160
6   chromedriver                        0x000000010d2569e1 chromedriver + 743905
7   chromedriver                        0x000000010d2577e1 chromedriver + 747489
8   chromedriver                        0x000000010d7c2be1 chromedriver + 6429665
9   chromedriver                        0x000000010d7c6f8e chromedriver + 6446990
10  chromedriver                        0x000000010d7a2369 chromedriver + 6296425
11  chromedriver                        0x000000010d7c79f8 chromedriver + 6449656
12  chromedriver                        0x000000010d790a50 chromedriver + 6224464
13  chromedriver                        0x000000010d7edf88 chromedriver + 6606728
14  chromedriver                        0x000000010d7ee142 chromedriver + 6607170
15  chromedriver                        0x000000010d801791 chromedriver + 6686609
16  libsystem_pthread.dylib             0x00007ff813b521d3 _pthread_start + 125
17  libsystem_pthread.dylib             0x00007ff813b4dbd3 thread_start + 15
</status>
</test>
<status status="FAIL" start="2026-02-04T17:16:13.707653" elapsed="4.701548"/>
</suite>
<suite id="s1-s1-s11" name="Ticketdispatch" source="/Users/ct-blr/Desktop/Chaithra/SteadyOilApplicationProject/tests/FuelTickets/Ticketdispatch.robot">
<test id="s1-s1-s11-t1" name="Scroll Outer Container And Assign Ticket" line="18">
<kw name="Open Browser" owner="SeleniumLibrary">
<msg time="2026-02-04T17:16:18.424311" level="INFO">Opening browser 'Chrome' to base url 'https://stage.steadyoil.com/'.</msg>
<arg>${URL}</arg>
<arg>${BROWSER}</arg>
<doc>Opens a new browser instance to the optional ``url``.</doc>
<status status="PASS" start="2026-02-04T17:16:18.423708" elapsed="5.687289"/>
</kw>
<kw name="Maximize Browser Window" owner="SeleniumLibrary">
<doc>Maximizes current browser window.</doc>
<status status="PASS" start="2026-02-04T17:16:24.112143" elapsed="0.508076"/>
</kw>
<kw name="Set Selenium Speed" owner="SeleniumLibrary">
<arg>0.5s</arg>
<doc>Sets the delay that is waited after each Selenium command.</doc>
<status status="PASS" start="2026-02-04T17:16:24.620865" elapsed="0.000511"/>
</kw>
<kw name="Login To Application">
<kw name="Input Text" owner="SeleniumLibrary">
<msg time="2026-02-04T17:16:24.622745" level="INFO">Typing text 'admin@steadyoil.com' into text field 'name:identity'.</msg>
<msg time="2026-02-04T17:16:24.628892" level="WARN">Keyword 'Capture Page Screenshot' could not be run on failure: Message: no such window: target window already closed
from unknown error: web view not found
  (Session info: chrome=144.0.7559.132)
Stacktrace:
0   chromedriver                        0x0000000101c46328 chromedriver + 6722344
1   chromedriver                        0x0000000101c3db8a chromedriver + 6687626
2   chromedriver                        0x000000010164bec5 chromedriver + 454341
3   chromedriver                        0x000000010161f348 chromedriver + 271176
4   chromedriver                        0x00000001016d0058 chromedriver + 995416
5   chromedriver                        0x00000001016e9d68 chromedriver + 1101160
6   chromedriver                        0x00000001016929e1 chromedriver + 743905
7   chromedriver                        0x00000001016937e1 chromedriver + 747489
8   chromedriver                        0x0000000101bfebe1 chromedriver + 6429665
9   chromedriver                        0x0000000101c02f8e chromedriver + 6446990
10  chromedriver                        0x0000000101bde369 chromedriver + 6296425
11  chromedriver                        0x0000000101c039f8 chromedriver + 6449656
12  chromedriver                        0x0000000101bcca50 chromedriver + 6224464
13  chromedriver                        0x0000000101c29f88 chromedriver + 6606728
14  chromedriver                        0x0000000101c2a142 chromedriver + 6607170
15  chromedriver                        0x0000000101c3d791 chromedriver + 6686609
16  libsystem_pthread.dylib             0x00007ff813b521d3 _pthread_start + 125
17  libsystem_pthread.dylib             0x00007ff813b4dbd3 thread_start + 15
</msg>
<msg time="2026-02-04T17:16:24.629478" level="FAIL">NoSuchWindowException: Message: no such window: target window already closed
from unknown error: web view not found
  (Session info: chrome=144.0.7559.132)
Stacktrace:
0   chromedriver                        0x0000000101c46328 chromedriver + 6722344
1   chromedriver                        0x0000000101c3db8a chromedriver + 6687626
2   chromedriver                        0x000000010164bec5 chromedriver + 454341
3   chromedriver                        0x000000010161f348 chromedriver + 271176
4   chromedriver                        0x00000001016d0058 chromedriver + 995416
5   chromedriver                        0x00000001016e9d68 chromedriver + 1101160
6   chromedriver                        0x00000001016929e1 chromedriver + 743905
7   chromedriver                        0x00000001016937e1 chromedriver + 747489
8   chromedriver                        0x0000000101bfebe1 chromedriver + 6429665
9   chromedriver                        0x0000000101c02f8e chromedriver + 6446990
10  chromedriver                        0x0000000101bde369 chromedriver + 6296425
11  chromedriver                        0x0000000101c039f8 chromedriver + 6449656
12  chromedriver                        0x0000000101bcca50 chromedriver + 6224464
13  chromedriver                        0x0000000101c29f88 chromedriver + 6606728
14  chromedriver                        0x0000000101c2a142 chromedriver + 6607170
15  chromedriver                        0x0000000101c3d791 chromedriver + 6686609
16  libsystem_pthread.dylib             0x00007ff813b521d3 _pthread_start + 125
17  libsystem_pthread.dylib             0x00007ff813b4dbd3 thread_start + 15
</msg>
<arg>name:identity</arg>
<arg>admin@steadyoil.com</arg>
<doc>Types the given ``text`` into the text field identified by ``locator``.</doc>
<status status="FAIL" start="2026-02-04T17:16:24.622365" elapsed="0.011546">NoSuchWindowException: Message: no such window: target window already closed
from unknown error: web view not found
  (Session info: chrome=144.0.7559.132)
Stacktrace:
0   chromedriver                        0x0000000101c46328 chromedriver + 6722344
1   chromedriver                        0x0000000101c3db8a chromedriver + 6687626
2   chromedriver                        0x000000010164bec5 chromedriver + 454341
3   chromedriver                        0x000000010161f348 chromedriver + 271176
4   chromedriver                        0x00000001016d0058 chromedriver + 995416
5   chromedriver                        0x00000001016e9d68 chromedriver + 1101160
6   chromedriver                        0x00000001016929e1 chromedriver + 743905
7   chromedriver                        0x00000001016937e1 chromedriver + 747489
8   chromedriver                        0x0000000101bfebe1 chromedriver + 6429665
9   chromedriver                        0x0000000101c02f8e chromedriver + 6446990
10  chromedriver                        0x0000000101bde369 chromedriver + 6296425
11  chromedriver                        0x0000000101c039f8 chromedriver + 6449656
12  chromedriver                        0x0000000101bcca50 chromedriver + 6224464
13  chromedriver                        0x0000000101c29f88 chromedriver + 6606728
14  chromedriver                        0x0000000101c2a142 chromedriver + 6607170
15  chromedriver                        0x0000000101c3d791 chromedriver + 6686609
16  libsystem_pthread.dylib             0x00007ff813b521d3 _pthread_start + 125
17  libsystem_pthread.dylib             0x00007ff813b4dbd3 thread_start + 15
</status>
</kw>
<kw name="Input Text" owner="SeleniumLibrary">
<arg>name:password</arg>
<arg>Pwd4so!l</arg>
<doc>Types the given ``text`` into the text field identified by ``locator``.</doc>
<status status="NOT RUN" start="2026-02-04T17:16:24.634556" elapsed="0.000108"/>
</kw>
<kw name="Click Button" owner="SeleniumLibrary">
<arg>xpath=/html/body/div/div/div/form/div[4]/button</arg>
<doc>Clicks the button identified by ``locator``.</doc>
<status status="NOT RUN" start="2026-02-04T17:16:24.634980" elapsed="0.000064"/>
</kw>
<kw name="Wait Until Page Contains Element" owner="SeleniumLibrary">
<arg>xpath=//nav[@id="main-sidebar"]</arg>
<arg>10s</arg>
<doc>Waits until the element ``locator`` appears on the current page.</doc>
<status status="NOT RUN" start="2026-02-04T17:16:24.635323" elapsed="0.000062"/>
</kw>
<status status="FAIL" start="2026-02-04T17:16:24.621866" elapsed="0.013868">NoSuchWindowException: Message: no such window: target window already closed
from unknown error: web view not found
  (Session info: chrome=144.0.7559.132)
Stacktrace:
0   chromedriver                        0x0000000101c46328 chromedriver + 6722344
1   chromedriver                        0x0000000101c3db8a chromedriver + 6687626
2   chromedriver                        0x000000010164bec5 chromedriver + 454341
3   chromedriver                        0x000000010161f348 chromedriver + 271176
4   chromedriver                        0x00000001016d0058 chromedriver + 995416
5   chromedriver                        0x00000001016e9d68 chromedriver + 1101160
6   chromedriver                        0x00000001016929e1 chromedriver + 743905
7   chromedriver                        0x00000001016937e1 chromedriver + 747489
8   chromedriver                        0x0000000101bfebe1 chromedriver + 6429665
9   chromedriver                        0x0000000101c02f8e chromedriver + 6446990
10  chromedriver                        0x0000000101bde369 chromedriver + 6296425
11  chromedriver                        0x0000000101c039f8 chromedriver + 6449656
12  chromedriver                        0x0000000101bcca50 chromedriver + 6224464
13  chromedriver                        0x0000000101c29f88 chromedriver + 6606728
14  chromedriver                        0x0000000101c2a142 chromedriver + 6607170
15  chromedriver                        0x0000000101c3d791 chromedriver + 6686609
16  libsystem_pthread.dylib             0x00007ff813b521d3 _pthread_start + 125
17  libsystem_pthread.dylib             0x00007ff813b4dbd3 thread_start + 15
</status>
</kw>
<kw name="Wait Until Page Contains" owner="SeleniumLibrary">
<arg>Dashboard</arg>
<arg>10s</arg>
<doc>Waits until ``text`` appears on the current page.</doc>
<status status="NOT RUN" start="2026-02-04T17:16:24.636181" elapsed="0.000078"/>
</kw>
<kw name="Mouse Over" owner="SeleniumLibrary">
<arg>//nav[@id="main-sidebar"]/section/ul/li[6]/a/i/span</arg>
<doc>Simulates hovering the mouse over the element ``locator``.</doc>
<status status="NOT RUN" start="2026-02-04T17:16:24.636752" elapsed="0.000080"/>
</kw>
<kw name="Click Element" owner="SeleniumLibrary">
<arg>//nav[@id="main-sidebar"]/section/ul/li[6]/ul/li[1]/a</arg>
<doc>Click the element identified by ``locator``.</doc>
<status status="NOT RUN" start="2026-02-04T17:16:24.637505" elapsed="0.000094"/>
</kw>
<kw name="Wait Until Page Contains Element" owner="SeleniumLibrary">
<arg>xpath=//h3[contains(text(),"Fuel Tickets")]</arg>
<arg>10s</arg>
<doc>Waits until the element ``locator`` appears on the current page.</doc>
<status status="NOT RUN" start="2026-02-04T17:16:24.638063" elapsed="0.000083"/>
</kw>
<kw name="Scroll Outer Tab With Keys">
<arg>${TAB_WRAPPER}</arg>
<arg>4</arg>
<status status="NOT RUN" start="2026-02-04T17:16:24.638878" elapsed="0.000061"/>
</kw>
<kw name="Capture Page Screenshot" owner="SeleniumLibrary">
<arg>${SCREENSHOT_DIR}/outer_tab_scroll.png</arg>
<doc>Takes a screenshot of the current page and embeds it into a log file.</doc>
<status status="NOT RUN" start="2026-02-04T17:16:24.639291" elapsed="0.000075"/>
</kw>
<doc>Logs in, scrolls outer container, assigns ticket to truck, captures screenshots.</doc>
<status status="FAIL" start="2026-02-04T17:16:18.422304" elapsed="6.217545">NoSuchWindowException: Message: no such window: target window already closed
from unknown error: web view not found
  (Session info: chrome=144.0.7559.132)
Stacktrace:
0   chromedriver                        0x0000000101c46328 chromedriver + 6722344
1   chromedriver                        0x0000000101c3db8a chromedriver + 6687626
2   chromedriver                        0x000000010164bec5 chromedriver + 454341
3   chromedriver                        0x000000010161f348 chromedriver + 271176
4   chromedriver                        0x00000001016d0058 chromedriver + 995416
5   chromedriver                        0x00000001016e9d68 chromedriver + 1101160
6   chromedriver                        0x00000001016929e1 chromedriver + 743905
7   chromedriver                        0x00000001016937e1 chromedriver + 747489
8   chromedriver                        0x0000000101bfebe1 chromedriver + 6429665
9   chromedriver                        0x0000000101c02f8e chromedriver + 6446990
10  chromedriver                        0x0000000101bde369 chromedriver + 6296425
11  chromedriver                        0x0000000101c039f8 chromedriver + 6449656
12  chromedriver                        0x0000000101bcca50 chromedriver + 6224464
13  chromedriver                        0x0000000101c29f88 chromedriver + 6606728
14  chromedriver                        0x0000000101c2a142 chromedriver + 6607170
15  chromedriver                        0x0000000101c3d791 chromedriver + 6686609
16  libsystem_pthread.dylib             0x00007ff813b521d3 _pthread_start + 125
17  libsystem_pthread.dylib             0x00007ff813b4dbd3 thread_start + 15
</status>
</test>
<test id="s1-s1-s11-t2" name="Assign New Ticket To Truck" line="39">
<kw name="Select Last Ticket">
<kw name="Wait Until Keyword Succeeds" owner="BuiltIn">
<kw name="Element Should Exist">
<msg time="2026-02-04T17:16:24.649248" level="FAIL">No keyword with name 'Element Should Exist' found.</msg>
<arg>${TICKET_CONTAINER}//div[contains(@class,'ticket-row')]</arg>
<status status="FAIL" start="2026-02-04T17:16:24.649122" elapsed="0.000202">No keyword with name 'Element Should Exist' found.