<?xml version="1.0" encoding="UTF-8"?>
<robot generator="Robot 7.3.1 (Python 3.13.2 on win32)" generated="2025-07-11T15:01:51.153882" rpa="false" schemaversion="5">
<suite id="s1" name="AssocaitedTicket" source="C:\Users\Chaithra\PycharmProjects\SteadyOilApplicationProject\FuelTickets\AssocaitedTicket.robot">
<test id="s1-t1" name="Associated Fuel Ticket" line="9">
<kw name="Open Browser" owner="SeleniumLibrary">
<msg time="2025-07-11T15:01:51.584288" level="INFO">Opening browser 'chrome' to base url 'https://stage.steadyoil.com'.</msg>
<arg>${url}</arg>
<arg>${browser}</arg>
<doc>Opens a new browser instance to the optional ``url``.</doc>
<status status="PASS" start="2025-07-11T15:01:51.583866" elapsed="4.951101"/>
</kw>
<kw name="Login To Application">
<kw name="Input Text" owner="SeleniumLibrary">
<msg time="2025-07-11T15:01:56.537395" level="INFO">Typing text 'admin@steadyoil.com' into text field 'name:identity'.</msg>
<arg>name:identity</arg>
<arg>admin@steadyoil.com</arg>
<doc>Types the given ``text`` into the text field identified by ``locator``.</doc>
<status status="PASS" start="2025-07-11T15:01:56.536783" elapsed="0.360652"/>
</kw>
<kw name="Input Text" owner="SeleniumLibrary">
<msg time="2025-07-11T15:01:56.898045" level="INFO">Typing text 'Pwd4so!l' into text field 'name:password'.</msg>
<arg>name:password</arg>
<arg>Pwd4so!l</arg>
<doc>Types the given ``text`` into the text field identified by ``locator``.</doc>
<status status="PASS" start="2025-07-11T15:01:56.897736" elapsed="0.075712"/>
</kw>
<kw name="Click Button" owner="SeleniumLibrary">
<msg time="2025-07-11T15:01:56.974146" level="INFO">Clicking button 'xpath://button[@class="login100-form-btn"]'.</msg>
<arg>xpath://button[@class="login100-form-btn"]</arg>
<doc>Clicks the button identified by ``locator``.</doc>
<status status="PASS" start="2025-07-11T15:01:56.973812" elapsed="0.129943"/>
</kw>
<status status="PASS" start="2025-07-11T15:01:56.535860" elapsed="0.568188"/>
</kw>
<kw name="Set Selenium Speed" owner="SeleniumLibrary">
<arg>0.3 seconds</arg>
<doc>Sets the delay that is waited after each Selenium command.</doc>
<status status="PASS" start="2025-07-11T15:01:57.104378" elapsed="0.000594"/>
</kw>
<kw name="Maximize Browser Window" owner="SeleniumLibrary">
<doc>Maximizes current browser window.</doc>
<status status="PASS" start="2025-07-11T15:01:57.105221" elapsed="5.773592"/>
</kw>
<kw name="Wait Until Page Contains" owner="SeleniumLibrary">
<arg>Dashboard</arg>
<arg>3s</arg>
<doc>Waits until ``text`` appears on the current page.</doc>
<status status="PASS" start="2025-07-11T15:02:02.879225" elapsed="0.332819"/>
</kw>
<kw name="Mouse Over" owner="SeleniumLibrary">
<msg time="2025-07-11T15:02:03.212821" level="INFO">Simulating Mouse Over on element '//nav[@id="main-sidebar"]/section/ul/li[6]/a/i/span'.</msg>
<arg>//nav[@id="main-sidebar"]/section/ul/li[6]/a/i/span</arg>
<doc>Simulates hovering the mouse over the element ``locator``.</doc>
<status status="PASS" start="2025-07-11T15:02:03.212413" elapsed="0.916543"/>
</kw>
<kw name="Click Element" owner="SeleniumLibrary">
<msg time="2025-07-11T15:02:04.129774" level="INFO">Clicking element '//nav[@id="main-sidebar"]/section/ul/li[6]/ul/li[2]/a'.</msg>
<arg>//nav[@id="main-sidebar"]/section/ul/li[6]/ul/li[2]/a</arg>
<doc>Click the element identified by ``locator``.</doc>
<status status="PASS" start="2025-07-11T15:02:04.129351" elapsed="3.443460"/>
</kw>
<kw name="Click Element" owner="SeleniumLibrary">
<msg time="2025-07-11T15:02:07.573716" level="INFO">Clicking element 'xpath://span[@id='select2-searchcompany-container']'.</msg>
<arg>xpath://span[@id='select2-searchcompany-container']</arg>
<doc>Click the element identified by ``locator``.</doc>
<status status="PASS" start="2025-07-11T15:02:07.573261" elapsed="0.847796"/>
</kw>
<kw name="Input Text" owner="SeleniumLibrary">
<msg time="2025-07-11T15:02:08.650375" level="INFO">Typing text 'Lund Brady' into text field 'xpath://input[contains(@class, 'select2-search__field')]'.</msg>
<arg>xpath://input[contains(@class, 'select2-search__field')]</arg>
<arg>Lund Brady</arg>
<doc>Types the given ``text`` into the text field identified by ``locator``.</doc>
<status status="PASS" start="2025-07-11T15:02:08.642477" elapsed="1.195643"/>
</kw>
<kw name="Click Element" owner="SeleniumLibrary">
<msg time="2025-07-11T15:02:09.839237" level="INFO">Clicking element 'xpath=//li[contains(text(), 'Lund Brady')]'.</msg>
<arg>xpath=//li[contains(text(), 'Lund Brady')]</arg>
<doc>Click the element identified by ``locator``.</doc>
<status status="PASS" start="2025-07-11T15:02:09.838632" elapsed="0.794043"/>
</kw>
<kw name="Sleep" owner="BuiltIn">
<msg time="2025-07-11T15:02:11.634949" level="INFO">Slept 1 second.</msg>
<arg>1s</arg>
<doc>Pauses the test executed for the given time.</doc>
<status status="PASS" start="2025-07-11T15:02:10.633048" elapsed="1.002135"/>
</kw>
<kw name="Input Text" owner="SeleniumLibrary">
<msg time="2025-07-11T15:02:11.635892" level="INFO">Typing text 'North' into text field 'name:Site_name'.</msg>
<arg>name:Site_name</arg>
<arg>North</arg>
<doc>Types the given ``text`` into the text field identified by ``locator``.</doc>
<status status="PASS" start="2025-07-11T15:02:11.635490" elapsed="1.068661"/>
</kw>
<kw name="Input Text" owner="SeleniumLibrary">
<msg time="2025-07-11T15:02:12.704931" level="INFO">Typing text '1234' into text field 'id:purchase_order'.</msg>
<arg>id:purchase_order</arg>
<arg>1234</arg>
<doc>Types the given ``text`` into the text field identified by ``locator``.</doc>
<status status="PASS" start="2025-07-11T15:02:12.704538" elapsed="1.067346"/>
</kw>
<kw name="Input Text" owner="SeleniumLibrary">
<msg time="2025-07-11T15:02:13.772826" level="INFO">Typing text '8545633' into text field 'id:caller_info'.</msg>
<arg>id:caller_info</arg>
<arg>8545633</arg>
<doc>Types the given ``text`` into the text field identified by ``locator``.</doc>
<status status="PASS" start="2025-07-11T15:02:13.772342" elapsed="1.057245"/>
</kw>
<kw name="Input Text" owner="SeleniumLibrary">
<msg time="2025-07-11T15:02:14.830226" level="INFO">Typing text '100 gallons' into text field 'name:ticket_notes'.</msg>
<arg>name:ticket_notes</arg>
<arg>100 gallons</arg>
<doc>Types the given ``text`` into the text field identified by ``locator``.</doc>
<status status="PASS" start="2025-07-11T15:02:14.829906" elapsed="1.092546"/>
</kw>
<kw name="Scroll Element Into View" owner="SeleniumLibrary">
<arg>id:fuel_class_name</arg>
<doc>Scrolls the element identified by ``locator`` into view.</doc>
<status status="PASS" start="2025-07-11T15:02:15.922874" elapsed="0.900532"/>
</kw>
<kw name="Select From List By Value" owner="SeleniumLibrary">
<msg time="2025-07-11T15:02:16.824249" level="INFO">Selecting options from selection list 'xpath://select[@id="fuel_types"]' by value 8.</msg>
<arg>xpath://select[@id="fuel_types"]</arg>
<arg>8</arg>
<doc>Selects options from selection list ``locator`` by ``values``.</doc>
<status status="PASS" start="2025-07-11T15:02:16.823797" elapsed="2.967831"/>
</kw>
<kw name="Input Text" owner="SeleniumLibrary">
<msg time="2025-07-11T15:02:19.792488" level="INFO">Typing text '100' into text field 'id:tankssize'.</msg>
<arg>id:tankssize</arg>
<arg>100</arg>
<doc>Types the given ``text`` into the text field identified by ``locator``.</doc>
<status status="PASS" start="2025-07-11T15:02:19.792103" elapsed="2.319963"/>
</kw>
<kw name="Input Text" owner="SeleniumLibrary">
<msg time="2025-07-11T15:02:22.112821" level="INFO">Typing text '10' into text field 'id:fees_admin_manual'.</msg>
<arg>id:fees_admin_manual</arg>
<arg>10</arg>
<doc>Types the given ``text`` into the text field identified by ``locator``.</doc>
<status status="PASS" start="2025-07-11T15:02:22.112452" elapsed="1.429771"/>
</kw>
<kw name="Input Text" owner="SeleniumLibrary">
<msg time="2025-07-11T15:02:23.543050" level="INFO">Typing text '2' into text field 'id:retail_cost_gallon'.</msg>
<arg>id:retail_cost_gallon</arg>
<arg>2</arg>
<doc>Types the given ``text`` into the text field identified by ``locator``.</doc>
<status status="PASS" start="2025-07-11T15:02:23.542636" elapsed="1.136307"/>
</kw>
<kw name="Select From List By Value" owner="SeleniumLibrary">
<msg time="2025-07-11T15:02:24.680220" level="INFO">Selecting options from selection list 'id:discount' by value 0.</msg>
<arg>id:discount</arg>
<arg>0</arg>
<doc>Selects options from selection list ``locator`` by ``values``.</doc>
<status status="PASS" start="2025-07-11T15:02:24.679780" elapsed="1.898195"/>
</kw>
<kw name="Scroll Element Into View" owner="SeleniumLibrary">
<arg>id:Reset_ticket</arg>
<doc>Scrolls the element identified by ``locator`` into view.</doc>
<status status="PASS" start="2025-07-11T15:02:26.578439" elapsed="0.920728"/>
</kw>
<status status="PASS" start="2025-07-11T15:01:51.582577" elapsed="35.916967"/>
</test>
<status status="PASS" start="2025-07-11T15:01:51.156140" elapsed="36.344292"/>
</suite>
<statistics>
<total>
<stat pass="1" fail="0" skip="0">All Tests</stat>
</total>
<tag>
</tag>
<suite>
<stat name="AssocaitedTicket" id="s1" pass="1" fail="0" skip="0">AssocaitedTicket</stat>
</suite>
</statistics>
<errors>
</errors>
</robot>
