<?xml version="1.0" encoding="UTF-8"?>
<robot generator="Robot 7.3.2 (Python 3.13.2 on win32)" generated="2025-07-29T19:08:14.739461" rpa="false" schemaversion="5">
<suite id="s1" name="SingleTicket" source="C:\Users\Chaithra\PycharmProjects\SteadyOilApplicationProject\FuelTickets\SingleTicket.robot">
<test id="s1-t1" name="Single Fuel Ticket" line="9">
<kw name="Open Browser" owner="SeleniumLibrary">
<msg time="2025-07-29T19:08:15.109228" level="INFO">Opening browser 'Chrome' to base url 'https://stage.steadyoil.com/'.</msg>
<arg>${url}</arg>
<arg>${browser}</arg>
<doc>Opens a new browser instance to the optional ``url``.</doc>
<status status="PASS" start="2025-07-29T19:08:15.108912" elapsed="6.098791"/>
</kw>
<kw name="Login to Application">
<kw name="Input Text" owner="SeleniumLibrary">
<msg time="2025-07-29T19:08:21.210086" level="INFO">Typing text 'admin@steadyoil.com' into text field 'name:identity'.</msg>
<arg>name:identity</arg>
<arg>admin@steadyoil.com</arg>
<doc>Types the given ``text`` into the text field identified by ``locator``.</doc>
<status status="PASS" start="2025-07-29T19:08:21.209334" elapsed="0.175107"/>
</kw>
<kw name="Input Text" owner="SeleniumLibrary">
<msg time="2025-07-29T19:08:21.385264" level="INFO">Typing text 'Pwd4so!l' into text field 'name:password'.</msg>
<arg>name:password</arg>
<arg>Pwd4so!l</arg>
<doc>Types the given ``text`` into the text field identified by ``locator``.</doc>
<status status="PASS" start="2025-07-29T19:08:21.384807" elapsed="0.100080"/>
</kw>
<kw name="Click Button" owner="SeleniumLibrary">
<msg time="2025-07-29T19:08:21.485482" level="INFO">Clicking button 'xpath:/html/body/div/div/div/form/div[4]/button'.</msg>
<arg>xpath:/html/body/div/div/div/form/div[4]/button</arg>
<doc>Clicks the button identified by ``locator``.</doc>
<status status="PASS" start="2025-07-29T19:08:21.485167" elapsed="4.547696"/>
</kw>
<status status="PASS" start="2025-07-29T19:08:21.208490" elapsed="4.824606"/>
</kw>
<kw name="Maximize Browser Window" owner="SeleniumLibrary">
<doc>Maximizes current browser window.</doc>
<status status="PASS" start="2025-07-29T19:08:26.033455" elapsed="0.064677"/>
</kw>
<kw name="Wait Until Page Contains" owner="SeleniumLibrary">
<arg>Dashboard</arg>
<arg>3s</arg>
<doc>Waits until ``text`` appears on the current page.</doc>
<status status="PASS" start="2025-07-29T19:08:26.098506" elapsed="0.022877"/>
</kw>
<kw name="Mouse Over" owner="SeleniumLibrary">
<msg time="2025-07-29T19:08:26.122868" level="INFO">Simulating Mouse Over on element '//nav[@id="main-sidebar"]/section/ul/li[6]/a/i/span'.</msg>
<arg>//nav[@id="main-sidebar"]/section/ul/li[6]/a/i/span</arg>
<doc>Simulates hovering the mouse over the element ``locator``.</doc>
<status status="PASS" start="2025-07-29T19:08:26.122063" elapsed="0.337006"/>
</kw>
<kw name="Click Element" owner="SeleniumLibrary">
<msg time="2025-07-29T19:08:26.459841" level="INFO">Clicking element '//nav[@id="main-sidebar"]/section/ul/li[6]/ul/li[2]/a'.</msg>
<arg>//nav[@id="main-sidebar"]/section/ul/li[6]/ul/li[2]/a</arg>
<doc>Click the element identified by ``locator``.</doc>
<status status="PASS" start="2025-07-29T19:08:26.459472" elapsed="1.395361"/>
</kw>
<kw name="Click Element" owner="SeleniumLibrary">
<msg time="2025-07-29T19:08:27.855680" level="INFO">Clicking element 'xpath://span[@id='select2-searchcompany-container']'.</msg>
<arg>xpath://span[@id='select2-searchcompany-container']</arg>
<doc>Click the element identified by ``locator``.</doc>
<status status="PASS" start="2025-07-29T19:08:27.855227" elapsed="0.282461"/>
</kw>
<kw name="Input Text" owner="SeleniumLibrary">
<msg time="2025-07-29T19:08:28.138327" level="INFO">Typing text 'Lund Brady' into text field 'xpath://input[contains(@class, 'select2-search__field')]'.</msg>
<arg>xpath://input[contains(@class, 'select2-search__field')]</arg>
<arg>Lund Brady</arg>
<doc>Types the given ``text`` into the text field identified by ``locator``.</doc>
<status status="PASS" start="2025-07-29T19:08:28.137999" elapsed="0.400697"/>
</kw>
<kw name="Click Element" owner="SeleniumLibrary">
<msg time="2025-07-29T19:08:28.539234" level="INFO">Clicking element 'xpath=//li[contains(text(), 'Lund Brady')]'.</msg>
<arg>xpath=//li[contains(text(), 'Lund Brady')]</arg>
<doc>Click the element identified by ``locator``.</doc>
<status status="PASS" start="2025-07-29T19:08:28.538931" elapsed="0.170073"/>
</kw>
<kw name="Sleep" owner="BuiltIn">
<msg time="2025-07-29T19:08:29.710275" level="INFO">Slept 1 second.</msg>
<arg>1s</arg>
<doc>Pauses the test executed for the given time.</doc>
<status status="PASS" start="2025-07-29T19:08:28.709289" elapsed="1.001193"/>
</kw>
<kw name="Input Text" owner="SeleniumLibrary">
<msg time="2025-07-29T19:08:29.711198" level="INFO">Typing text 'North' into text field 'name:Site_name'.</msg>
<arg>name:Site_name</arg>
<arg>North</arg>
<doc>Types the given ``text`` into the text field identified by ``locator``.</doc>
<status status="PASS" start="2025-07-29T19:08:29.710811" elapsed="0.146614"/>
</kw>
<kw name="Input Text" owner="SeleniumLibrary">
<msg time="2025-07-29T19:08:29.858257" level="INFO">Typing text '1234' into text field 'id:purchase_order'.</msg>
<arg>id:purchase_order</arg>
<arg>1234</arg>
<doc>Types the given ``text`` into the text field identified by ``locator``.</doc>
<status status="PASS" start="2025-07-29T19:08:29.857828" elapsed="0.120181"/>
</kw>
<kw name="Input Text" owner="SeleniumLibrary">
<msg time="2025-07-29T19:08:29.978827" level="INFO">Typing text '8545633' into text field 'id:caller_info'.</msg>
<arg>id:caller_info</arg>
<arg>8545633</arg>
<doc>Types the given ``text`` into the text field identified by ``locator``.</doc>
<status status="PASS" start="2025-07-29T19:08:29.978434" elapsed="0.148534"/>
</kw>
<kw name="Input Text" owner="SeleniumLibrary">
<msg time="2025-07-29T19:08:30.127684" level="INFO">Typing text '100 gallons' into text field 'name:ticket_notes'.</msg>
<arg>name:ticket_notes</arg>
<arg>100 gallons</arg>
<doc>Types the given ``text`` into the text field identified by ``locator``.</doc>
<status status="PASS" start="2025-07-29T19:08:30.127353" elapsed="0.139878"/>
</kw>
<kw name="Scroll Element Into View" owner="SeleniumLibrary">
<arg>id:fuel_class_name</arg>
<doc>Scrolls the element identified by ``locator`` into view.</doc>
<status status="PASS" start="2025-07-29T19:08:30.267609" elapsed="0.305370"/>
</kw>
<kw name="Select From List By Value" owner="SeleniumLibrary">
<msg time="2025-07-29T19:08:30.573668" level="INFO">Selecting options from selection list 'xpath://select[@id="fuel_types"]' by value 8.</msg>
<arg>xpath://select[@id="fuel_types"]</arg>
<arg>8</arg>
<doc>Selects options from selection list ``locator`` by ``values``.</doc>
<status status="PASS" start="2025-07-29T19:08:30.573290" elapsed="2.089169"/>
</kw>
<kw name="Input Text" owner="SeleniumLibrary">
<msg time="2025-07-29T19:08:32.663460" level="INFO">Typing text '100' into text field 'id:tankssize'.</msg>
<arg>id:tankssize</arg>
<arg>100</arg>
<doc>Types the given ``text`` into the text field identified by ``locator``.</doc>
<status status="PASS" start="2025-07-29T19:08:32.663018" elapsed="1.493617"/>
</kw>
<kw name="Input Text" owner="SeleniumLibrary">
<msg time="2025-07-29T19:08:34.157446" level="INFO">Typing text '10' into text field 'id:fees_admin_manual'.</msg>
<arg>id:fees_admin_manual</arg>
<arg>10</arg>
<doc>Types the given ``text`` into the text field identified by ``locator``.</doc>
<status status="PASS" start="2025-07-29T19:08:34.157011" elapsed="0.532264"/>
</kw>
<kw name="Input Text" owner="SeleniumLibrary">
<msg time="2025-07-29T19:08:34.690327" level="INFO">Typing text '2' into text field 'id:retail_cost_gallon'.</msg>
<arg>id:retail_cost_gallon</arg>
<arg>2</arg>
<doc>Types the given ``text`` into the text field identified by ``locator``.</doc>
<status status="PASS" start="2025-07-29T19:08:34.689749" elapsed="0.236481"/>
</kw>
<kw name="Select From List By Value" owner="SeleniumLibrary">
<msg time="2025-07-29T19:08:34.927118" level="INFO">Selecting options from selection list 'id:discount' by value 0.</msg>
<arg>id:discount</arg>
<arg>0</arg>
<doc>Selects options from selection list ``locator`` by ``values``.</doc>
<status status="PASS" start="2025-07-29T19:08:34.926673" elapsed="0.108184"/>
</kw>
<kw name="Scroll Element Into View" owner="SeleniumLibrary">
<arg>id:Reset_ticket</arg>
<doc>Scrolls the element identified by ``locator`` into view.</doc>
<status status="PASS" start="2025-07-29T19:08:35.035229" elapsed="0.308231"/>
</kw>
<kw name="Click Element" owner="SeleniumLibrary">
<msg time="2025-07-29T19:08:35.344208" level="INFO">Clicking element 'xpath://span[@id='select2-fuel_class_terminal-container']'.</msg>
<arg>xpath://span[@id='select2-fuel_class_terminal-container']</arg>
<doc>Click the element identified by ``locator``.</doc>
<status status="PASS" start="2025-07-29T19:08:35.343806" elapsed="0.214956"/>
</kw>
<kw name="Input Text" owner="SeleniumLibrary">
<msg time="2025-07-29T19:08:35.559707" level="INFO">Typing text 'Watford City Bulk Plant' into text field 'xpath=//input[contains(@class,'select2-search__field')]'.</msg>
<arg>xpath=//input[contains(@class,'select2-search__field')]</arg>
<arg>Watford City Bulk Plant</arg>
<doc>Types the given ``text`` into the text field identified by ``locator``.</doc>
<status status="PASS" start="2025-07-29T19:08:35.559200" elapsed="0.225442"/>
</kw>
<kw name="Click Element" owner="SeleniumLibrary">
<msg time="2025-07-29T19:08:35.785536" level="INFO">Clicking element 'xpath=//li[contains(text(),'Watford City Bulk Plant')]'.</msg>
<arg>xpath=//li[contains(text(),'Watford City Bulk Plant')]</arg>
<doc>Click the element identified by ``locator``.</doc>
<status status="PASS" start="2025-07-29T19:08:35.785048" elapsed="0.194728"/>
</kw>
<kw name="Click Button" owner="SeleniumLibrary">
<msg time="2025-07-29T19:08:35.980680" level="INFO">Clicking button 'xpath://input[@id="add_list"]'.</msg>
<arg>xpath://input[@id="add_list"]</arg>
<doc>Clicks the button identified by ``locator``.</doc>
<status status="PASS" start="2025-07-29T19:08:35.980204" elapsed="0.962839"/>
</kw>
<kw name="Sleep" owner="BuiltIn">
<msg time="2025-07-29T19:08:38.944604" level="INFO">Slept 2 seconds.</msg>
<arg>2s</arg>
<doc>Pauses the test executed for the given time.</doc>
<status status="PASS" start="2025-07-29T19:08:36.943553" elapsed="2.001264"/>
</kw>
<kw name="Execute Javascript" owner="SeleniumLibrary">
<msg time="2025-07-29T19:08:38.945919" level="INFO">Executing JavaScript:
window.scrollTo(0, document.body.scrollHeight)
Without any arguments.</msg>
<arg>window.scrollTo(0, document.body.scrollHeight)</arg>
<doc>Executes the given JavaScript code with possible arguments.</doc>
<status status="PASS" start="2025-07-29T19:08:38.945152" elapsed="0.011498"/>
</kw>
<kw name="Click Button" owner="SeleniumLibrary">
<msg time="2025-07-29T19:08:38.957396" level="INFO">Clicking button 'xpath://input[@id="submitmanualfuelBtn"]'.</msg>
<arg>xpath://input[@id="submitmanualfuelBtn"]</arg>
<doc>Clicks the button identified by ``locator``.</doc>
<status status="PASS" start="2025-07-29T19:08:38.957008" elapsed="9.951764"/>
</kw>
<status status="PASS" start="2025-07-29T19:08:15.107969" elapsed="33.801187"/>
</test>
<status status="PASS" start="2025-07-29T19:08:14.741981" elapsed="34.168196"/>
</suite>
<statistics>
<total>
<stat pass="1" fail="0" skip="0">All Tests</stat>
</total>
<tag>
</tag>
<suite>
<stat name="SingleTicket" id="s1" pass="1" fail="0" skip="0">SingleTicket</stat>
</suite>
</statistics>
<errors>
</errors>
</robot>
